[0.001s] Invoking command in '/home/harry/simul/simulation/build/apriltag_ros': AMENT_PREFIX_PATH=/home/harry/simul/simulation/install/apriltag_msgs:${AMENT_PREFIX_PATH} CMAKE_PREFIX_PATH=/home/harry/simul/simulation/install/apriltag_msgs:/home/harry/robot/install/create3_lidar_slam:/home/harry/robot/install/rplidar_ros:/home/harry/robot/install/my_robot_slam:/home/harry/robot/install/create3_republisher:/home/harry/robot/install/create3_coverage:/home/harry/robot/install/create3_examples_msgs:/home/harry/robot/install/apriltag_ros:/home/harry/robot/install/apriltag_msgs:/home/harry/robot/install/webcam_bringup:/home/harry/robot/install/teleop:/home/harry/robot/install/tag_detection:/home/harry/robot/install/robot_bringup:/home/harry/robot/install/pub_sub:/home/harry/robot/install/object_detection:/home/harry/robot/install/my_robot_navigation:/home/harry/robot/install/create3_teleop:/home/harry/robot/install/create3_examples_py:/opt/ros/humble LD_LIBRARY_PATH=/home/harry/simul/simulation/install/apriltag_msgs/lib:${LD_LIBRARY_PATH} PYTHONPATH=/home/harry/simul/simulation/install/apriltag_msgs/local/lib/python3.10/dist-packages:${PYTHONPATH} /usr/bin/cmake --build /home/harry/simul/simulation/build/apriltag_ros -- -j4 -l4
[0.050s] [35m[1mConsolidate compiler generated dependencies of target apriltag_node[0m
[0.054s] [35m[1mConsolidate compiler generated dependencies of target conversion[0m
[0.054s] [35m[1mConsolidate compiler generated dependencies of target tags[0m
[0.091s] [ 20%] Built target apriltag_node
[0.113s] [ 40%] Built target tags
[0.124s] [ 60%] Built target conversion
[0.148s] [35m[1mConsolidate compiler generated dependencies of target pose_estimation[0m
[0.180s] [ 80%] Built target pose_estimation
[0.205s] [35m[1mConsolidate compiler generated dependencies of target AprilTagNode[0m
[0.265s] [100%] Built target AprilTagNode
[0.306s] Invoked command in '/home/harry/simul/simulation/build/apriltag_ros' returned '0': AMENT_PREFIX_PATH=/home/harry/simul/simulation/install/apriltag_msgs:${AMENT_PREFIX_PATH} CMAKE_PREFIX_PATH=/home/harry/simul/simulation/install/apriltag_msgs:/home/harry/robot/install/create3_lidar_slam:/home/harry/robot/install/rplidar_ros:/home/harry/robot/install/my_robot_slam:/home/harry/robot/install/create3_republisher:/home/harry/robot/install/create3_coverage:/home/harry/robot/install/create3_examples_msgs:/home/harry/robot/install/apriltag_ros:/home/harry/robot/install/apriltag_msgs:/home/harry/robot/install/webcam_bringup:/home/harry/robot/install/teleop:/home/harry/robot/install/tag_detection:/home/harry/robot/install/robot_bringup:/home/harry/robot/install/pub_sub:/home/harry/robot/install/object_detection:/home/harry/robot/install/my_robot_navigation:/home/harry/robot/install/create3_teleop:/home/harry/robot/install/create3_examples_py:/opt/ros/humble LD_LIBRARY_PATH=/home/harry/simul/simulation/install/apriltag_msgs/lib:${LD_LIBRARY_PATH} PYTHONPATH=/home/harry/simul/simulation/install/apriltag_msgs/local/lib/python3.10/dist-packages:${PYTHONPATH} /usr/bin/cmake --build /home/harry/simul/simulation/build/apriltag_ros -- -j4 -l4
[0.312s] Invoking command in '/home/harry/simul/simulation/build/apriltag_ros': AMENT_PREFIX_PATH=/home/harry/simul/simulation/install/apriltag_msgs:${AMENT_PREFIX_PATH} CMAKE_PREFIX_PATH=/home/harry/simul/simulation/install/apriltag_msgs:/home/harry/robot/install/create3_lidar_slam:/home/harry/robot/install/rplidar_ros:/home/harry/robot/install/my_robot_slam:/home/harry/robot/install/create3_republisher:/home/harry/robot/install/create3_coverage:/home/harry/robot/install/create3_examples_msgs:/home/harry/robot/install/apriltag_ros:/home/harry/robot/install/apriltag_msgs:/home/harry/robot/install/webcam_bringup:/home/harry/robot/install/teleop:/home/harry/robot/install/tag_detection:/home/harry/robot/install/robot_bringup:/home/harry/robot/install/pub_sub:/home/harry/robot/install/object_detection:/home/harry/robot/install/my_robot_navigation:/home/harry/robot/install/create3_teleop:/home/harry/robot/install/create3_examples_py:/opt/ros/humble LD_LIBRARY_PATH=/home/harry/simul/simulation/install/apriltag_msgs/lib:${LD_LIBRARY_PATH} PYTHONPATH=/home/harry/simul/simulation/install/apriltag_msgs/local/lib/python3.10/dist-packages:${PYTHONPATH} /usr/bin/cmake --install /home/harry/simul/simulation/build/apriltag_ros
[0.345s] -- Install configuration: ""
[0.345s] -- Up-to-date: /home/harry/simul/simulation/install/apriltag_ros/lib/apriltag_ros/apriltag_node
[0.349s] -- Up-to-date: /home/harry/simul/simulation/install/apriltag_ros/share/apriltag_ros/environment/library_path.sh
[0.349s] -- Up-to-date: /home/harry/simul/simulation/install/apriltag_ros/share/apriltag_ros/environment/library_path.dsv
[0.350s] -- Up-to-date: /home/harry/simul/simulation/install/apriltag_ros/lib/libAprilTagNode.so
[0.350s] -- Up-to-date: /home/harry/simul/simulation/install/apriltag_ros/share/apriltag_ros/cfg
[0.352s] -- Up-to-date: /home/harry/simul/simulation/install/apriltag_ros/share/apriltag_ros/cfg/tags_36h11.yaml
[0.352s] -- Up-to-date: /home/harry/simul/simulation/install/apriltag_ros/share/apriltag_ros/launch
[0.352s] -- Up-to-date: /home/harry/simul/simulation/install/apriltag_ros/share/apriltag_ros/launch/camera_36h11.launch.yml
[0.352s] -- Up-to-date: /home/harry/simul/simulation/install/apriltag_ros/share/ament_index/resource_index/package_run_dependencies/apriltag_ros
[0.352s] -- Up-to-date: /home/harry/simul/simulation/install/apriltag_ros/share/ament_index/resource_index/parent_prefix_path/apriltag_ros
[0.352s] -- Up-to-date: /home/harry/simul/simulation/install/apriltag_ros/share/apriltag_ros/environment/ament_prefix_path.sh
[0.352s] -- Up-to-date: /home/harry/simul/simulation/install/apriltag_ros/share/apriltag_ros/environment/ament_prefix_path.dsv
[0.352s] -- Up-to-date: /home/harry/simul/simulation/install/apriltag_ros/share/apriltag_ros/environment/path.sh
[0.353s] -- Up-to-date: /home/harry/simul/simulation/install/apriltag_ros/share/apriltag_ros/environment/path.dsv
[0.353s] -- Up-to-date: /home/harry/simul/simulation/install/apriltag_ros/share/apriltag_ros/local_setup.bash
[0.353s] -- Up-to-date: /home/harry/simul/simulation/install/apriltag_ros/share/apriltag_ros/local_setup.sh
[0.353s] -- Up-to-date: /home/harry/simul/simulation/install/apriltag_ros/share/apriltag_ros/local_setup.zsh
[0.353s] -- Up-to-date: /home/harry/simul/simulation/install/apriltag_ros/share/apriltag_ros/local_setup.dsv
[0.353s] -- Installing: /home/harry/simul/simulation/install/apriltag_ros/share/apriltag_ros/package.dsv
[0.353s] -- Up-to-date: /home/harry/simul/simulation/install/apriltag_ros/share/ament_index/resource_index/packages/apriltag_ros
[0.354s] -- Up-to-date: /home/harry/simul/simulation/install/apriltag_ros/share/ament_index/resource_index/rclcpp_components/apriltag_ros
[0.354s] -- Up-to-date: /home/harry/simul/simulation/install/apriltag_ros/share/apriltag_ros/cmake/apriltag_rosConfig.cmake
[0.354s] -- Up-to-date: /home/harry/simul/simulation/install/apriltag_ros/share/apriltag_ros/cmake/apriltag_rosConfig-version.cmake
[0.354s] -- Up-to-date: /home/harry/simul/simulation/install/apriltag_ros/share/apriltag_ros/package.xml
[0.359s] Invoked command in '/home/harry/simul/simulation/build/apriltag_ros' returned '0': AMENT_PREFIX_PATH=/home/harry/simul/simulation/install/apriltag_msgs:${AMENT_PREFIX_PATH} CMAKE_PREFIX_PATH=/home/harry/simul/simulation/install/apriltag_msgs:/home/harry/robot/install/create3_lidar_slam:/home/harry/robot/install/rplidar_ros:/home/harry/robot/install/my_robot_slam:/home/harry/robot/install/create3_republisher:/home/harry/robot/install/create3_coverage:/home/harry/robot/install/create3_examples_msgs:/home/harry/robot/install/apriltag_ros:/home/harry/robot/install/apriltag_msgs:/home/harry/robot/install/webcam_bringup:/home/harry/robot/install/teleop:/home/harry/robot/install/tag_detection:/home/harry/robot/install/robot_bringup:/home/harry/robot/install/pub_sub:/home/harry/robot/install/object_detection:/home/harry/robot/install/my_robot_navigation:/home/harry/robot/install/create3_teleop:/home/harry/robot/install/create3_examples_py:/opt/ros/humble LD_LIBRARY_PATH=/home/harry/simul/simulation/install/apriltag_msgs/lib:${LD_LIBRARY_PATH} PYTHONPATH=/home/harry/simul/simulation/install/apriltag_msgs/local/lib/python3.10/dist-packages:${PYTHONPATH} /usr/bin/cmake --install /home/harry/simul/simulation/build/apriltag_ros
