running egg_info
creating ../../build/curator/curator.egg-info
writing ../../build/curator/curator.egg-info/PKG-INFO
writing dependency_links to ../../build/curator/curator.egg-info/dependency_links.txt
writing entry points to ../../build/curator/curator.egg-info/entry_points.txt
writing requirements to ../../build/curator/curator.egg-info/requires.txt
writing top-level names to ../../build/curator/curator.egg-info/top_level.txt
writing manifest file '../../build/curator/curator.egg-info/SOURCES.txt'
reading manifest file '../../build/curator/curator.egg-info/SOURCES.txt'
writing manifest file '../../build/curator/curator.egg-info/SOURCES.txt'
running build
running build_py
creating /home/harry/simulation/build/curator/build
creating /home/harry/simulation/build/curator/build/lib
creating /home/harry/simulation/build/curator/build/lib/curator
copying curator/__init__.py -> /home/harry/simulation/build/curator/build/lib/curator
copying curator/art.py -> /home/harry/simulation/build/curator/build/lib/curator
copying curator/locations.py -> /home/harry/simulation/build/curator/build/lib/curator
copying curator/curator.py -> /home/harry/simulation/build/curator/build/lib/curator
running install
running install_lib
creating /home/harry/simulation/install/curator/lib/python3.10/site-packages/curator
copying /home/harry/simulation/build/curator/build/lib/curator/__init__.py -> /home/harry/simulation/install/curator/lib/python3.10/site-packages/curator
copying /home/harry/simulation/build/curator/build/lib/curator/art.py -> /home/harry/simulation/install/curator/lib/python3.10/site-packages/curator
copying /home/harry/simulation/build/curator/build/lib/curator/locations.py -> /home/harry/simulation/install/curator/lib/python3.10/site-packages/curator
copying /home/harry/simulation/build/curator/build/lib/curator/curator.py -> /home/harry/simulation/install/curator/lib/python3.10/site-packages/curator
byte-compiling /home/harry/simulation/install/curator/lib/python3.10/site-packages/curator/__init__.py to __init__.cpython-310.pyc
byte-compiling /home/harry/simulation/install/curator/lib/python3.10/site-packages/curator/art.py to art.cpython-310.pyc
byte-compiling /home/harry/simulation/install/curator/lib/python3.10/site-packages/curator/locations.py to locations.cpython-310.pyc
byte-compiling /home/harry/simulation/install/curator/lib/python3.10/site-packages/curator/curator.py to curator.cpython-310.pyc
running install_data
creating /home/harry/simulation/install/curator/share/ament_index
creating /home/harry/simulation/install/curator/share/ament_index/resource_index
creating /home/harry/simulation/install/curator/share/ament_index/resource_index/packages
copying resource/curator -> /home/harry/simulation/install/curator/share/ament_index/resource_index/packages
copying package.xml -> /home/harry/simulation/install/curator/share/curator
running install_egg_info
Copying ../../build/curator/curator.egg-info to /home/harry/simulation/install/curator/lib/python3.10/site-packages/curator-0.0.0-py3.10.egg-info
running install_scripts
Installing curator script to /home/harry/simulation/install/curator/lib/curator
writing list of installed files to '/home/harry/simulation/build/curator/install.log'
