[1.480s] Invoking command in '/home/harry/simulation/art_gallery/curator': PYTHONPATH=/home/harry/simulation/build/curator/prefix_override:/usr/lib/python3/dist-packages/colcon_core/task/python/colcon_distutils_commands:/home/harry/simulation/install/curator/lib/python3.10/site-packages:${PYTHONPATH} /usr/bin/python3 -W ignore:setup.py install is deprecated -W ignore:easy_install command is deprecated setup.py egg_info --egg-base ../../build/curator build --build-base /home/harry/simulation/build/curator/build install --record /home/harry/simulation/build/curator/install.log --single-version-externally-managed install_data
[1.932s] running egg_info
[1.933s] creating ../../build/curator/curator.egg-info
[1.933s] writing ../../build/curator/curator.egg-info/PKG-INFO
[1.934s] writing dependency_links to ../../build/curator/curator.egg-info/dependency_links.txt
[1.935s] writing entry points to ../../build/curator/curator.egg-info/entry_points.txt
[1.935s] writing requirements to ../../build/curator/curator.egg-info/requires.txt
[1.936s] writing top-level names to ../../build/curator/curator.egg-info/top_level.txt
[1.936s] writing manifest file '../../build/curator/curator.egg-info/SOURCES.txt'
[1.939s] reading manifest file '../../build/curator/curator.egg-info/SOURCES.txt'
[1.941s] writing manifest file '../../build/curator/curator.egg-info/SOURCES.txt'
[1.942s] running build
[1.942s] running build_py
[1.942s] creating /home/harry/simulation/build/curator/build
[1.942s] creating /home/harry/simulation/build/curator/build/lib
[1.942s] creating /home/harry/simulation/build/curator/build/lib/curator
[1.943s] copying curator/__init__.py -> /home/harry/simulation/build/curator/build/lib/curator
[1.943s] copying curator/art.py -> /home/harry/simulation/build/curator/build/lib/curator
[1.943s] copying curator/locations.py -> /home/harry/simulation/build/curator/build/lib/curator
[1.943s] copying curator/curator.py -> /home/harry/simulation/build/curator/build/lib/curator
[1.945s] running install
[1.945s] running install_lib
[1.945s] creating /home/harry/simulation/install/curator/lib/python3.10/site-packages/curator
[1.946s] copying /home/harry/simulation/build/curator/build/lib/curator/__init__.py -> /home/harry/simulation/install/curator/lib/python3.10/site-packages/curator
[1.946s] copying /home/harry/simulation/build/curator/build/lib/curator/art.py -> /home/harry/simulation/install/curator/lib/python3.10/site-packages/curator
[1.946s] copying /home/harry/simulation/build/curator/build/lib/curator/locations.py -> /home/harry/simulation/install/curator/lib/python3.10/site-packages/curator
[1.946s] copying /home/harry/simulation/build/curator/build/lib/curator/curator.py -> /home/harry/simulation/install/curator/lib/python3.10/site-packages/curator
[1.948s] byte-compiling /home/harry/simulation/install/curator/lib/python3.10/site-packages/curator/__init__.py to __init__.cpython-310.pyc
[1.948s] byte-compiling /home/harry/simulation/install/curator/lib/python3.10/site-packages/curator/art.py to art.cpython-310.pyc
[1.949s] byte-compiling /home/harry/simulation/install/curator/lib/python3.10/site-packages/curator/locations.py to locations.cpython-310.pyc
[1.950s] byte-compiling /home/harry/simulation/install/curator/lib/python3.10/site-packages/curator/curator.py to curator.cpython-310.pyc
[1.953s] running install_data
[1.953s] creating /home/harry/simulation/install/curator/share/ament_index
[1.953s] creating /home/harry/simulation/install/curator/share/ament_index/resource_index
[1.953s] creating /home/harry/simulation/install/curator/share/ament_index/resource_index/packages
[1.953s] copying resource/curator -> /home/harry/simulation/install/curator/share/ament_index/resource_index/packages
[1.953s] copying package.xml -> /home/harry/simulation/install/curator/share/curator
[1.953s] running install_egg_info
[1.955s] Copying ../../build/curator/curator.egg-info to /home/harry/simulation/install/curator/lib/python3.10/site-packages/curator-0.0.0-py3.10.egg-info
[1.956s] running install_scripts
[1.999s] Installing curator script to /home/harry/simulation/install/curator/lib/curator
[1.999s] writing list of installed files to '/home/harry/simulation/build/curator/install.log'
[2.048s] Invoked command in '/home/harry/simulation/art_gallery/curator' returned '0': PYTHONPATH=/home/harry/simulation/build/curator/prefix_override:/usr/lib/python3/dist-packages/colcon_core/task/python/colcon_distutils_commands:/home/harry/simulation/install/curator/lib/python3.10/site-packages:${PYTHONPATH} /usr/bin/python3 -W ignore:setup.py install is deprecated -W ignore:easy_install command is deprecated setup.py egg_info --egg-base ../../build/curator build --build-base /home/harry/simulation/build/curator/build install --record /home/harry/simulation/build/curator/install.log --single-version-externally-managed install_data
