[35m[1mConsolidate compiler generated dependencies of target curator[0m
[100%] Built target curator
-- Install configuration: ""
-- Up-to-date: /home/harry/simul/simulation/install/art_maze/lib/art_maze/curator
-- Up-to-date: /home/harry/simul/simulation/install/art_maze/share/art_maze/cfg
-- Up-to-date: /home/harry/simul/simulation/install/art_maze/share/art_maze/cfg/setup.yaml
-- Up-to-date: /home/harry/simul/simulation/install/art_maze/share/art_maze/launch
-- Up-to-date: /home/harry/simul/simulation/install/art_maze/share/art_maze/launch/curator.launch.yaml
-- Up-to-date: /home/harry/simul/simulation/install/art_maze/share/ament_index/resource_index/package_run_dependencies/art_maze
-- Up-to-date: /home/harry/simul/simulation/install/art_maze/share/ament_index/resource_index/parent_prefix_path/art_maze
-- Up-to-date: /home/harry/simul/simulation/install/art_maze/share/art_maze/environment/ament_prefix_path.sh
-- Up-to-date: /home/harry/simul/simulation/install/art_maze/share/art_maze/environment/ament_prefix_path.dsv
-- Up-to-date: /home/harry/simul/simulation/install/art_maze/share/art_maze/environment/path.sh
-- Up-to-date: /home/harry/simul/simulation/install/art_maze/share/art_maze/environment/path.dsv
-- Up-to-date: /home/harry/simul/simulation/install/art_maze/share/art_maze/local_setup.bash
-- Up-to-date: /home/harry/simul/simulation/install/art_maze/share/art_maze/local_setup.sh
-- Up-to-date: /home/harry/simul/simulation/install/art_maze/share/art_maze/local_setup.zsh
-- Up-to-date: /home/harry/simul/simulation/install/art_maze/share/art_maze/local_setup.dsv
-- Installing: /home/harry/simul/simulation/install/art_maze/share/art_maze/package.dsv
-- Up-to-date: /home/harry/simul/simulation/install/art_maze/share/ament_index/resource_index/packages/art_maze
-- Up-to-date: /home/harry/simul/simulation/install/art_maze/share/art_maze/cmake/art_mazeConfig.cmake
-- Up-to-date: /home/harry/simul/simulation/install/art_maze/share/art_maze/cmake/art_mazeConfig-version.cmake
-- Up-to-date: /home/harry/simul/simulation/install/art_maze/share/art_maze/package.xml
