/home/harry/simulation/install/challenge_2025/lib/python3.10/site-packages/challenge_2025/object_spawner_pallets.py
/home/harry/simulation/install/challenge_2025/lib/python3.10/site-packages/challenge_2025/__init__.py
/home/harry/simulation/install/challenge_2025/lib/python3.10/site-packages/challenge_2025/object_spawner_static.py
/home/harry/simulation/install/challenge_2025/lib/python3.10/site-packages/challenge_2025/tag_spawner_random.py
/home/harry/simulation/install/challenge_2025/lib/python3.10/site-packages/challenge_2025/__pycache__/object_spawner_pallets.cpython-310.pyc
/home/harry/simulation/install/challenge_2025/lib/python3.10/site-packages/challenge_2025/__pycache__/__init__.cpython-310.pyc
/home/harry/simulation/install/challenge_2025/lib/python3.10/site-packages/challenge_2025/__pycache__/object_spawner_static.cpython-310.pyc
/home/harry/simulation/install/challenge_2025/lib/python3.10/site-packages/challenge_2025/__pycache__/tag_spawner_random.cpython-310.pyc
/home/harry/simulation/install/challenge_2025/share/ament_index/resource_index/packages/challenge_2025
/home/harry/simulation/install/challenge_2025/share/challenge_2025/package.xml
/home/harry/simulation/install/challenge_2025/lib/python3.10/site-packages/challenge_2025-0.0.0-py3.10.egg-info/entry_points.txt
/home/harry/simulation/install/challenge_2025/lib/python3.10/site-packages/challenge_2025-0.0.0-py3.10.egg-info/dependency_links.txt
/home/harry/simulation/install/challenge_2025/lib/python3.10/site-packages/challenge_2025-0.0.0-py3.10.egg-info/PKG-INFO
/home/harry/simulation/install/challenge_2025/lib/python3.10/site-packages/challenge_2025-0.0.0-py3.10.egg-info/top_level.txt
/home/harry/simulation/install/challenge_2025/lib/python3.10/site-packages/challenge_2025-0.0.0-py3.10.egg-info/SOURCES.txt
/home/harry/simulation/install/challenge_2025/lib/python3.10/site-packages/challenge_2025-0.0.0-py3.10.egg-info/requires.txt
/home/harry/simulation/install/challenge_2025/lib/python3.10/site-packages/challenge_2025-0.0.0-py3.10.egg-info/zip-safe
/home/harry/simulation/install/challenge_2025/lib/challenge_2025/object_spawner_pallets
/home/harry/simulation/install/challenge_2025/lib/challenge_2025/object_spawner_static
/home/harry/simulation/install/challenge_2025/lib/challenge_2025/tag_spawner_random
