[1.316s] Invoking command in '/home/harry/simul/simulation/src/tag_detection': PYTHONPATH=/home/harry/simul/simulation/build/tag_detection/prefix_override:/usr/lib/python3/dist-packages/colcon_core/task/python/colcon_distutils_commands:/home/harry/simul/simulation/install/tag_detection/lib/python3.10/site-packages:${PYTHONPATH} /usr/bin/python3 -W ignore:setup.py install is deprecated -W ignore:easy_install command is deprecated setup.py egg_info --egg-base ../../build/tag_detection build --build-base /home/harry/simul/simulation/build/tag_detection/build install --record /home/harry/simul/simulation/build/tag_detection/install.log --single-version-externally-managed install_data
[1.759s] running egg_info
[1.761s] creating ../../build/tag_detection/tag_detection.egg-info
[1.762s] writing ../../build/tag_detection/tag_detection.egg-info/PKG-INFO
[1.763s] writing dependency_links to ../../build/tag_detection/tag_detection.egg-info/dependency_links.txt
[1.763s] writing entry points to ../../build/tag_detection/tag_detection.egg-info/entry_points.txt
[1.764s] writing requirements to ../../build/tag_detection/tag_detection.egg-info/requires.txt
[1.764s] writing top-level names to ../../build/tag_detection/tag_detection.egg-info/top_level.txt
[1.765s] writing manifest file '../../build/tag_detection/tag_detection.egg-info/SOURCES.txt'
[1.772s] reading manifest file '../../build/tag_detection/tag_detection.egg-info/SOURCES.txt'
[1.772s] writing manifest file '../../build/tag_detection/tag_detection.egg-info/SOURCES.txt'
[1.773s] running build
[1.773s] running build_py
[1.774s] creating /home/harry/simul/simulation/build/tag_detection/build
[1.774s] creating /home/harry/simul/simulation/build/tag_detection/build/lib
[1.775s] creating /home/harry/simul/simulation/build/tag_detection/build/lib/tag_detection
[1.775s] copying tag_detection/__init__.py -> /home/harry/simul/simulation/build/tag_detection/build/lib/tag_detection
[1.775s] copying tag_detection/distance_calculator.py -> /home/harry/simul/simulation/build/tag_detection/build/lib/tag_detection
[1.776s] copying tag_detection/tf_listener.py -> /home/harry/simul/simulation/build/tag_detection/build/lib/tag_detection
[1.778s] running install
[1.779s] running install_lib
[1.779s] creating /home/harry/simul/simulation/install/tag_detection/lib/python3.10/site-packages/tag_detection
[1.780s] copying /home/harry/simul/simulation/build/tag_detection/build/lib/tag_detection/__init__.py -> /home/harry/simul/simulation/install/tag_detection/lib/python3.10/site-packages/tag_detection
[1.780s] copying /home/harry/simul/simulation/build/tag_detection/build/lib/tag_detection/distance_calculator.py -> /home/harry/simul/simulation/install/tag_detection/lib/python3.10/site-packages/tag_detection
[1.782s] copying /home/harry/simul/simulation/build/tag_detection/build/lib/tag_detection/tf_listener.py -> /home/harry/simul/simulation/install/tag_detection/lib/python3.10/site-packages/tag_detection
[1.782s] byte-compiling /home/harry/simul/simulation/install/tag_detection/lib/python3.10/site-packages/tag_detection/__init__.py to __init__.cpython-310.pyc
[1.783s] byte-compiling /home/harry/simul/simulation/install/tag_detection/lib/python3.10/site-packages/tag_detection/distance_calculator.py to distance_calculator.cpython-310.pyc
[1.786s] byte-compiling /home/harry/simul/simulation/install/tag_detection/lib/python3.10/site-packages/tag_detection/tf_listener.py to tf_listener.cpython-310.pyc
[1.786s] running install_data
[1.786s] creating /home/harry/simul/simulation/install/tag_detection/share/ament_index
[1.787s] creating /home/harry/simul/simulation/install/tag_detection/share/ament_index/resource_index
[1.787s] creating /home/harry/simul/simulation/install/tag_detection/share/ament_index/resource_index/packages
[1.788s] copying resource/tag_detection -> /home/harry/simul/simulation/install/tag_detection/share/ament_index/resource_index/packages
[1.788s] copying package.xml -> /home/harry/simul/simulation/install/tag_detection/share/tag_detection
[1.789s] creating /home/harry/simul/simulation/install/tag_detection/share/tag_detection/launch
[1.789s] copying launch/track.launch.yaml -> /home/harry/simul/simulation/install/tag_detection/share/tag_detection/launch
[1.791s] running install_egg_info
[1.795s] Copying ../../build/tag_detection/tag_detection.egg-info to /home/harry/simul/simulation/install/tag_detection/lib/python3.10/site-packages/tag_detection-0.0.0-py3.10.egg-info
[1.804s] running install_scripts
[1.829s] Installing distance_calc script to /home/harry/simul/simulation/install/tag_detection/lib/tag_detection
[1.829s] Installing listenernode script to /home/harry/simul/simulation/install/tag_detection/lib/tag_detection
[1.830s] writing list of installed files to '/home/harry/simul/simulation/build/tag_detection/install.log'
[1.954s] Invoked command in '/home/harry/simul/simulation/src/tag_detection' returned '0': PYTHONPATH=/home/harry/simul/simulation/build/tag_detection/prefix_override:/usr/lib/python3/dist-packages/colcon_core/task/python/colcon_distutils_commands:/home/harry/simul/simulation/install/tag_detection/lib/python3.10/site-packages:${PYTHONPATH} /usr/bin/python3 -W ignore:setup.py install is deprecated -W ignore:easy_install command is deprecated setup.py egg_info --egg-base ../../build/tag_detection build --build-base /home/harry/simul/simulation/build/tag_detection/build install --record /home/harry/simul/simulation/build/tag_detection/install.log --single-version-externally-managed install_data
