[0.035s] Invoking command in '/home/harry/simul/simulation/build/apriltag_ros': AMENT_PREFIX_PATH=/home/harry/simul/simulation/install/apriltag_msgs:${AMENT_PREFIX_PATH} CMAKE_PREFIX_PATH=/home/harry/simul/simulation/install/apriltag_msgs:/home/harry/robot/install/create3_lidar_slam:/home/harry/robot/install/rplidar_ros:/home/harry/robot/install/my_robot_slam:/home/harry/robot/install/create3_republisher:/home/harry/robot/install/create3_coverage:/home/harry/robot/install/create3_examples_msgs:/home/harry/robot/install/apriltag_ros:/home/harry/robot/install/apriltag_msgs:/home/harry/robot/install/webcam_bringup:/home/harry/robot/install/teleop:/home/harry/robot/install/tag_detection:/home/harry/robot/install/robot_bringup:/home/harry/robot/install/pub_sub:/home/harry/robot/install/object_detection:/home/harry/robot/install/my_robot_navigation:/home/harry/robot/install/create3_teleop:/home/harry/robot/install/create3_examples_py:/opt/ros/humble LD_LIBRARY_PATH=/home/harry/simul/simulation/install/apriltag_msgs/lib:${LD_LIBRARY_PATH} PYTHONPATH=/home/harry/simul/simulation/install/apriltag_msgs/local/lib/python3.10/dist-packages:${PYTHONPATH} /usr/bin/cmake /home/harry/simul/simulation/src/apriltag_ros -DCMAKE_INSTALL_PREFIX=/home/harry/simul/simulation/install/apriltag_ros
[0.245s] -- The C compiler identification is GNU 11.4.0
[0.407s] -- The CXX compiler identification is GNU 11.4.0
[0.427s] -- Detecting C compiler ABI info
[0.620s] -- Detecting C compiler ABI info - done
[0.635s] -- Check for working C compiler: /usr/bin/cc - skipped
[0.635s] -- Detecting C compile features
[0.638s] -- Detecting C compile features - done
[0.646s] -- Detecting CXX compiler ABI info
[0.861s] -- Detecting CXX compiler ABI info - done
[0.908s] -- Check for working CXX compiler: /usr/bin/c++ - skipped
[0.911s] -- Detecting CXX compile features
[0.912s] -- Detecting CXX compile features - done
[0.932s] -- Found rclcpp: 16.0.17 (/opt/ros/humble/share/rclcpp/cmake)
[2.039s] -- Found Python3: /usr/bin/python3 (found version "3.10.12") found components: Interpreter 
[2.852s] -- Found rosidl_generator_c: 3.1.8 (/opt/ros/humble/share/rosidl_generator_c/cmake)
[2.876s] -- Found rosidl_adapter: 3.1.8 (/opt/ros/humble/share/rosidl_adapter/cmake)
[2.904s] -- Found rosidl_generator_cpp: 3.1.8 (/opt/ros/humble/share/rosidl_generator_cpp/cmake)
[2.949s] -- Using all available rosidl_typesupport_c: rosidl_typesupport_fastrtps_c;rosidl_typesupport_introspection_c
[3.011s] -- Using all available rosidl_typesupport_cpp: rosidl_typesupport_fastrtps_cpp;rosidl_typesupport_introspection_cpp
[3.215s] -- Found rmw_implementation_cmake: 6.1.2 (/opt/ros/humble/share/rmw_implementation_cmake/cmake)
[3.229s] -- Found rmw_fastrtps_cpp: 6.2.9 (/opt/ros/humble/share/rmw_fastrtps_cpp/cmake)
[4.137s] -- Found OpenSSL: /usr/lib/x86_64-linux-gnu/libcrypto.so (found version "3.0.2")  
[4.466s] -- Found FastRTPS: /opt/ros/humble/include  
[4.742s] -- Using RMW implementation 'rmw_fastrtps_cpp' as default
[4.808s] -- Looking for pthread.h
[5.273s] -- Looking for pthread.h - found
[5.277s] -- Performing Test CMAKE_HAVE_LIBC_PTHREAD
[5.747s] -- Performing Test CMAKE_HAVE_LIBC_PTHREAD - Success
[5.758s] -- Found Threads: TRUE  
[6.164s] -- Found rclcpp_components: 16.0.17 (/opt/ros/humble/share/rclcpp_components/cmake)
[6.304s] -- Found sensor_msgs: 4.9.0 (/opt/ros/humble/share/sensor_msgs/cmake)
[6.455s] -- Found apriltag_msgs: 2.0.1 (/home/harry/simul/simulation/install/apriltag_msgs/share/apriltag_msgs/cmake)
[6.527s] -- Found tf2_ros: 0.25.18 (/opt/ros/humble/share/tf2_ros/cmake)
[6.840s] -- Found image_transport: 3.1.12 (/opt/ros/humble/share/image_transport/cmake)
[6.935s] -- Found cv_bridge: 3.2.1 (/opt/ros/humble/share/cv_bridge/cmake)
[6.993s] -- Found OpenCV: /usr (found version "4.5.4") found components: core calib3d 
[7.028s] -- Found ament_lint_auto: 0.12.14 (/opt/ros/humble/share/ament_lint_auto/cmake)
[7.579s] -- Added test 'clang_format' to check C / C++ code style
[7.590s] -- Added test 'cppcheck' to perform static code analysis on C / C++ code
[7.590s] -- Configured cppcheck include dirs: 
[7.590s] -- Configured cppcheck exclude dirs and/or files: 
[7.594s] -- Configuring done
[7.643s] -- Generating done
[7.658s] -- Build files have been written to: /home/harry/simul/simulation/build/apriltag_ros
[7.691s] Invoked command in '/home/harry/simul/simulation/build/apriltag_ros' returned '0': AMENT_PREFIX_PATH=/home/harry/simul/simulation/install/apriltag_msgs:${AMENT_PREFIX_PATH} CMAKE_PREFIX_PATH=/home/harry/simul/simulation/install/apriltag_msgs:/home/harry/robot/install/create3_lidar_slam:/home/harry/robot/install/rplidar_ros:/home/harry/robot/install/my_robot_slam:/home/harry/robot/install/create3_republisher:/home/harry/robot/install/create3_coverage:/home/harry/robot/install/create3_examples_msgs:/home/harry/robot/install/apriltag_ros:/home/harry/robot/install/apriltag_msgs:/home/harry/robot/install/webcam_bringup:/home/harry/robot/install/teleop:/home/harry/robot/install/tag_detection:/home/harry/robot/install/robot_bringup:/home/harry/robot/install/pub_sub:/home/harry/robot/install/object_detection:/home/harry/robot/install/my_robot_navigation:/home/harry/robot/install/create3_teleop:/home/harry/robot/install/create3_examples_py:/opt/ros/humble LD_LIBRARY_PATH=/home/harry/simul/simulation/install/apriltag_msgs/lib:${LD_LIBRARY_PATH} PYTHONPATH=/home/harry/simul/simulation/install/apriltag_msgs/local/lib/python3.10/dist-packages:${PYTHONPATH} /usr/bin/cmake /home/harry/simul/simulation/src/apriltag_ros -DCMAKE_INSTALL_PREFIX=/home/harry/simul/simulation/install/apriltag_ros
[7.692s] Invoking command in '/home/harry/simul/simulation/build/apriltag_ros': AMENT_PREFIX_PATH=/home/harry/simul/simulation/install/apriltag_msgs:${AMENT_PREFIX_PATH} CMAKE_PREFIX_PATH=/home/harry/simul/simulation/install/apriltag_msgs:/home/harry/robot/install/create3_lidar_slam:/home/harry/robot/install/rplidar_ros:/home/harry/robot/install/my_robot_slam:/home/harry/robot/install/create3_republisher:/home/harry/robot/install/create3_coverage:/home/harry/robot/install/create3_examples_msgs:/home/harry/robot/install/apriltag_ros:/home/harry/robot/install/apriltag_msgs:/home/harry/robot/install/webcam_bringup:/home/harry/robot/install/teleop:/home/harry/robot/install/tag_detection:/home/harry/robot/install/robot_bringup:/home/harry/robot/install/pub_sub:/home/harry/robot/install/object_detection:/home/harry/robot/install/my_robot_navigation:/home/harry/robot/install/create3_teleop:/home/harry/robot/install/create3_examples_py:/opt/ros/humble LD_LIBRARY_PATH=/home/harry/simul/simulation/install/apriltag_msgs/lib:${LD_LIBRARY_PATH} PYTHONPATH=/home/harry/simul/simulation/install/apriltag_msgs/local/lib/python3.10/dist-packages:${PYTHONPATH} /usr/bin/cmake --build /home/harry/simul/simulation/build/apriltag_ros -- -j4 -l4
[7.915s] [ 10%] [32mBuilding CXX object CMakeFiles/tags.dir/src/tag_functions.cpp.o[0m
[7.915s] [ 20%] [32mBuilding CXX object CMakeFiles/conversion.dir/src/conversion.cpp.o[0m
[7.969s] [ 30%] [32mBuilding CXX object CMakeFiles/apriltag_node.dir/rclcpp_components/node_main_apriltag_node.cpp.o[0m
[9.579s] [ 40%] [32m[1mLinking CXX static library libtags.a[0m
[9.705s] [ 40%] Built target tags
[15.716s] [ 50%] [32m[1mLinking CXX static library libconversion.a[0m
[15.915s] [ 50%] Built target conversion
[16.008s] [ 60%] [32mBuilding CXX object CMakeFiles/pose_estimation.dir/src/pose_estimation.cpp.o[0m
[20.182s] [ 70%] [32m[1mLinking CXX executable apriltag_node[0m
[20.651s] [ 80%] [32m[1mLinking CXX static library libpose_estimation.a[0m
[20.859s] [ 80%] Built target pose_estimation
[20.867s] [ 80%] Built target apriltag_node
[20.947s] [ 90%] [32mBuilding CXX object CMakeFiles/AprilTagNode.dir/src/AprilTagNode.cpp.o[0m
[46.490s] [100%] [32m[1mLinking CXX shared library libAprilTagNode.so[0m
[47.501s] [100%] Built target AprilTagNode
[47.529s] Invoked command in '/home/harry/simul/simulation/build/apriltag_ros' returned '0': AMENT_PREFIX_PATH=/home/harry/simul/simulation/install/apriltag_msgs:${AMENT_PREFIX_PATH} CMAKE_PREFIX_PATH=/home/harry/simul/simulation/install/apriltag_msgs:/home/harry/robot/install/create3_lidar_slam:/home/harry/robot/install/rplidar_ros:/home/harry/robot/install/my_robot_slam:/home/harry/robot/install/create3_republisher:/home/harry/robot/install/create3_coverage:/home/harry/robot/install/create3_examples_msgs:/home/harry/robot/install/apriltag_ros:/home/harry/robot/install/apriltag_msgs:/home/harry/robot/install/webcam_bringup:/home/harry/robot/install/teleop:/home/harry/robot/install/tag_detection:/home/harry/robot/install/robot_bringup:/home/harry/robot/install/pub_sub:/home/harry/robot/install/object_detection:/home/harry/robot/install/my_robot_navigation:/home/harry/robot/install/create3_teleop:/home/harry/robot/install/create3_examples_py:/opt/ros/humble LD_LIBRARY_PATH=/home/harry/simul/simulation/install/apriltag_msgs/lib:${LD_LIBRARY_PATH} PYTHONPATH=/home/harry/simul/simulation/install/apriltag_msgs/local/lib/python3.10/dist-packages:${PYTHONPATH} /usr/bin/cmake --build /home/harry/simul/simulation/build/apriltag_ros -- -j4 -l4
[47.535s] Invoking command in '/home/harry/simul/simulation/build/apriltag_ros': AMENT_PREFIX_PATH=/home/harry/simul/simulation/install/apriltag_msgs:${AMENT_PREFIX_PATH} CMAKE_PREFIX_PATH=/home/harry/simul/simulation/install/apriltag_msgs:/home/harry/robot/install/create3_lidar_slam:/home/harry/robot/install/rplidar_ros:/home/harry/robot/install/my_robot_slam:/home/harry/robot/install/create3_republisher:/home/harry/robot/install/create3_coverage:/home/harry/robot/install/create3_examples_msgs:/home/harry/robot/install/apriltag_ros:/home/harry/robot/install/apriltag_msgs:/home/harry/robot/install/webcam_bringup:/home/harry/robot/install/teleop:/home/harry/robot/install/tag_detection:/home/harry/robot/install/robot_bringup:/home/harry/robot/install/pub_sub:/home/harry/robot/install/object_detection:/home/harry/robot/install/my_robot_navigation:/home/harry/robot/install/create3_teleop:/home/harry/robot/install/create3_examples_py:/opt/ros/humble LD_LIBRARY_PATH=/home/harry/simul/simulation/install/apriltag_msgs/lib:${LD_LIBRARY_PATH} PYTHONPATH=/home/harry/simul/simulation/install/apriltag_msgs/local/lib/python3.10/dist-packages:${PYTHONPATH} /usr/bin/cmake --install /home/harry/simul/simulation/build/apriltag_ros
[47.552s] -- Install configuration: ""
[47.554s] -- Installing: /home/harry/simul/simulation/install/apriltag_ros/lib/apriltag_ros/apriltag_node
[47.555s] -- Set runtime path of "/home/harry/simul/simulation/install/apriltag_ros/lib/apriltag_ros/apriltag_node" to ""
[47.555s] -- Installing: /home/harry/simul/simulation/install/apriltag_ros/share/apriltag_ros/environment/library_path.sh
[47.555s] -- Installing: /home/harry/simul/simulation/install/apriltag_ros/share/apriltag_ros/environment/library_path.dsv
[47.555s] -- Installing: /home/harry/simul/simulation/install/apriltag_ros/lib/libAprilTagNode.so
[47.564s] -- Set runtime path of "/home/harry/simul/simulation/install/apriltag_ros/lib/libAprilTagNode.so" to ""
[47.564s] -- Installing: /home/harry/simul/simulation/install/apriltag_ros/share/apriltag_ros/cfg
[47.564s] -- Installing: /home/harry/simul/simulation/install/apriltag_ros/share/apriltag_ros/cfg/tags_36h11.yaml
[47.565s] -- Installing: /home/harry/simul/simulation/install/apriltag_ros/share/apriltag_ros/launch
[47.565s] -- Installing: /home/harry/simul/simulation/install/apriltag_ros/share/apriltag_ros/launch/camera_36h11.launch.yml
[47.567s] -- Installing: /home/harry/simul/simulation/install/apriltag_ros/share/ament_index/resource_index/package_run_dependencies/apriltag_ros
[47.567s] -- Installing: /home/harry/simul/simulation/install/apriltag_ros/share/ament_index/resource_index/parent_prefix_path/apriltag_ros
[47.567s] -- Installing: /home/harry/simul/simulation/install/apriltag_ros/share/apriltag_ros/environment/ament_prefix_path.sh
[47.568s] -- Installing: /home/harry/simul/simulation/install/apriltag_ros/share/apriltag_ros/environment/ament_prefix_path.dsv
[47.568s] -- Installing: /home/harry/simul/simulation/install/apriltag_ros/share/apriltag_ros/environment/path.sh
[47.571s] -- Installing: /home/harry/simul/simulation/install/apriltag_ros/share/apriltag_ros/environment/path.dsv
[47.571s] -- Installing: /home/harry/simul/simulation/install/apriltag_ros/share/apriltag_ros/local_setup.bash
[47.571s] -- Installing: /home/harry/simul/simulation/install/apriltag_ros/share/apriltag_ros/local_setup.sh
[47.573s] -- Installing: /home/harry/simul/simulation/install/apriltag_ros/share/apriltag_ros/local_setup.zsh
[47.576s] -- Installing: /home/harry/simul/simulation/install/apriltag_ros/share/apriltag_ros/local_setup.dsv
[47.576s] -- Installing: /home/harry/simul/simulation/install/apriltag_ros/share/apriltag_ros/package.dsv
[47.576s] -- Installing: /home/harry/simul/simulation/install/apriltag_ros/share/ament_index/resource_index/packages/apriltag_ros
[47.576s] -- Installing: /home/harry/simul/simulation/install/apriltag_ros/share/ament_index/resource_index/rclcpp_components/apriltag_ros
[47.577s] -- Installing: /home/harry/simul/simulation/install/apriltag_ros/share/apriltag_ros/cmake/apriltag_rosConfig.cmake
[47.578s] -- Installing: /home/harry/simul/simulation/install/apriltag_ros/share/apriltag_ros/cmake/apriltag_rosConfig-version.cmake
[47.578s] -- Installing: /home/harry/simul/simulation/install/apriltag_ros/share/apriltag_ros/package.xml
[47.588s] Invoked command in '/home/harry/simul/simulation/build/apriltag_ros' returned '0': AMENT_PREFIX_PATH=/home/harry/simul/simulation/install/apriltag_msgs:${AMENT_PREFIX_PATH} CMAKE_PREFIX_PATH=/home/harry/simul/simulation/install/apriltag_msgs:/home/harry/robot/install/create3_lidar_slam:/home/harry/robot/install/rplidar_ros:/home/harry/robot/install/my_robot_slam:/home/harry/robot/install/create3_republisher:/home/harry/robot/install/create3_coverage:/home/harry/robot/install/create3_examples_msgs:/home/harry/robot/install/apriltag_ros:/home/harry/robot/install/apriltag_msgs:/home/harry/robot/install/webcam_bringup:/home/harry/robot/install/teleop:/home/harry/robot/install/tag_detection:/home/harry/robot/install/robot_bringup:/home/harry/robot/install/pub_sub:/home/harry/robot/install/object_detection:/home/harry/robot/install/my_robot_navigation:/home/harry/robot/install/create3_teleop:/home/harry/robot/install/create3_examples_py:/opt/ros/humble LD_LIBRARY_PATH=/home/harry/simul/simulation/install/apriltag_msgs/lib:${LD_LIBRARY_PATH} PYTHONPATH=/home/harry/simul/simulation/install/apriltag_msgs/local/lib/python3.10/dist-packages:${PYTHONPATH} /usr/bin/cmake --install /home/harry/simul/simulation/build/apriltag_ros
