[0.036s] Invoking command in '/home/harry/simulation/build/art_maze': CMAKE_PREFIX_PATH=${CMAKE_PREFIX_PATH}:/home/harry/robot/install/my_first_package:/home/harry/install/my_first_package:/opt/ros/humble /usr/bin/cmake /home/harry/simulation/art_gallery/art_maze -DCMAKE_INSTALL_PREFIX=/home/harry/simulation/install/art_maze
[0.451s] -- The C compiler identification is GNU 11.4.0
[0.812s] -- The CXX compiler identification is GNU 11.4.0
[0.870s] -- Detecting C compiler ABI info
[1.147s] -- Detecting C compiler ABI info - done
[1.160s] -- Check for working C compiler: /usr/bin/cc - skipped
[1.214s] -- Detecting C compile features
[1.217s] -- Detecting C compile features - done
[1.227s] -- Detecting CXX compiler ABI info
[1.451s] -- Detecting CXX compiler ABI info - done
[1.470s] -- Check for working CXX compiler: /usr/bin/c++ - skipped
[1.471s] -- Detecting CXX compile features
[1.472s] -- Detecting CXX compile features - done
[1.494s] -- Found ament_cmake: 1.3.12 (/opt/ros/humble/share/ament_cmake/cmake)
[1.839s] -- Found Python3: /usr/bin/python3 (found version "3.10.12") found components: Interpreter 
[2.291s] -- Found rclcpp: 16.0.17 (/opt/ros/humble/share/rclcpp/cmake)
[2.568s] -- Found rosidl_generator_c: 3.1.8 (/opt/ros/humble/share/rosidl_generator_c/cmake)
[2.595s] -- Found rosidl_adapter: 3.1.8 (/opt/ros/humble/share/rosidl_adapter/cmake)
[2.641s] -- Found rosidl_generator_cpp: 3.1.8 (/opt/ros/humble/share/rosidl_generator_cpp/cmake)
[2.706s] -- Using all available rosidl_typesupport_c: rosidl_typesupport_fastrtps_c;rosidl_typesupport_introspection_c
[2.770s] -- Using all available rosidl_typesupport_cpp: rosidl_typesupport_fastrtps_cpp;rosidl_typesupport_introspection_cpp
[3.006s] -- Found rmw_implementation_cmake: 6.1.2 (/opt/ros/humble/share/rmw_implementation_cmake/cmake)
[3.026s] -- Found rmw_fastrtps_cpp: 6.2.9 (/opt/ros/humble/share/rmw_fastrtps_cpp/cmake)
[3.404s] -- Found OpenSSL: /usr/lib/x86_64-linux-gnu/libcrypto.so (found version "3.0.2")  
[3.464s] -- Found FastRTPS: /opt/ros/humble/include  
[3.538s] -- Using RMW implementation 'rmw_fastrtps_cpp' as default
[3.577s] -- Looking for pthread.h
[3.847s] -- Looking for pthread.h - found
[3.849s] -- Performing Test CMAKE_HAVE_LIBC_PTHREAD
[4.068s] -- Performing Test CMAKE_HAVE_LIBC_PTHREAD - Success
[4.071s] -- Found Threads: TRUE  
[4.348s] -- Configuring incomplete, errors occurred!
[4.348s] See also "/home/harry/simulation/build/art_maze/CMakeFiles/CMakeOutput.log".
[4.348s] [31mCMake Error at CMakeLists.txt:12 (find_package):
[4.348s]   By not providing "Findgazebo_msgs.cmake" in CMAKE_MODULE_PATH this project
[4.348s]   has asked CMake to find a package configuration file provided by
[4.349s]   "gazebo_msgs", but CMake did not find one.
[4.349s] 
[4.349s]   Could not find a package configuration file provided by "gazebo_msgs" with
[4.349s]   any of the following names:
[4.349s] 
[4.349s]     gazebo_msgsConfig.cmake
[4.349s]     gazebo_msgs-config.cmake
[4.349s] 
[4.349s]   Add the installation prefix of "gazebo_msgs" to CMAKE_PREFIX_PATH or set
[4.349s]   "gazebo_msgs_DIR" to a directory containing one of the above files.  If
[4.352s]   "gazebo_msgs" provides a separate development package or SDK, be sure it
[4.352s]   has been installed.
[4.352s] 
[4.352s] [0m
[4.746s] Invoked command in '/home/harry/simulation/build/art_maze' returned '1': CMAKE_PREFIX_PATH=${CMAKE_PREFIX_PATH}:/home/harry/robot/install/my_first_package:/home/harry/install/my_first_package:/opt/ros/humble /usr/bin/cmake /home/harry/simulation/art_gallery/art_maze -DCMAKE_INSTALL_PREFIX=/home/harry/simulation/install/art_maze
