[1.852s] Invoking command in '/home/harry/simul/simulation/src/simulation/art_gallery/curator': PYTHONPATH=/home/harry/simul/simulation/build/curator/prefix_override:/usr/lib/python3/dist-packages/colcon_core/task/python/colcon_distutils_commands:/home/harry/simul/simulation/install/curator/lib/python3.10/site-packages:${PYTHONPATH} /usr/bin/python3 -W ignore:setup.py install is deprecated -W ignore:easy_install command is deprecated setup.py egg_info --egg-base ../../../../build/curator build --build-base /home/harry/simul/simulation/build/curator/build install --record /home/harry/simul/simulation/build/curator/install.log --single-version-externally-managed install_data
[2.527s] running egg_info
[2.527s] writing ../../../../build/curator/curator.egg-info/PKG-INFO
[2.527s] writing dependency_links to ../../../../build/curator/curator.egg-info/dependency_links.txt
[2.529s] writing entry points to ../../../../build/curator/curator.egg-info/entry_points.txt
[2.529s] writing requirements to ../../../../build/curator/curator.egg-info/requires.txt
[2.530s] writing top-level names to ../../../../build/curator/curator.egg-info/top_level.txt
[2.536s] reading manifest file '../../../../build/curator/curator.egg-info/SOURCES.txt'
[2.540s] writing manifest file '../../../../build/curator/curator.egg-info/SOURCES.txt'
[2.540s] running build
[2.541s] running build_py
[2.541s] running install
[2.542s] running install_lib
[2.551s] running install_data
[2.552s] running install_egg_info
[2.554s] removing '/home/harry/simul/simulation/install/curator/lib/python3.10/site-packages/curator-0.0.0-py3.10.egg-info' (and everything under it)
[2.556s] Copying ../../../../build/curator/curator.egg-info to /home/harry/simul/simulation/install/curator/lib/python3.10/site-packages/curator-0.0.0-py3.10.egg-info
[2.558s] running install_scripts
[2.602s] Installing curator script to /home/harry/simul/simulation/install/curator/lib/curator
[2.609s] writing list of installed files to '/home/harry/simul/simulation/build/curator/install.log'
[2.672s] Invoked command in '/home/harry/simul/simulation/src/simulation/art_gallery/curator' returned '0': PYTHONPATH=/home/harry/simul/simulation/build/curator/prefix_override:/usr/lib/python3/dist-packages/colcon_core/task/python/colcon_distutils_commands:/home/harry/simul/simulation/install/curator/lib/python3.10/site-packages:${PYTHONPATH} /usr/bin/python3 -W ignore:setup.py install is deprecated -W ignore:easy_install command is deprecated setup.py egg_info --egg-base ../../../../build/curator build --build-base /home/harry/simul/simulation/build/curator/build install --record /home/harry/simul/simulation/build/curator/install.log --single-version-externally-managed install_data
