running egg_info
creating ../../build/challenge_2025/challenge_2025.egg-info
writing ../../build/challenge_2025/challenge_2025.egg-info/PKG-INFO
writing dependency_links to ../../build/challenge_2025/challenge_2025.egg-info/dependency_links.txt
writing entry points to ../../build/challenge_2025/challenge_2025.egg-info/entry_points.txt
writing requirements to ../../build/challenge_2025/challenge_2025.egg-info/requires.txt
writing top-level names to ../../build/challenge_2025/challenge_2025.egg-info/top_level.txt
writing manifest file '../../build/challenge_2025/challenge_2025.egg-info/SOURCES.txt'
reading manifest file '../../build/challenge_2025/challenge_2025.egg-info/SOURCES.txt'
writing manifest file '../../build/challenge_2025/challenge_2025.egg-info/SOURCES.txt'
running build
running build_py
creating /home/harry/simulation/build/challenge_2025/build
creating /home/harry/simulation/build/challenge_2025/build/lib
creating /home/harry/simulation/build/challenge_2025/build/lib/challenge_2025
copying challenge_2025/object_spawner_pallets.py -> /home/harry/simulation/build/challenge_2025/build/lib/challenge_2025
copying challenge_2025/__init__.py -> /home/harry/simulation/build/challenge_2025/build/lib/challenge_2025
copying challenge_2025/object_spawner_static.py -> /home/harry/simulation/build/challenge_2025/build/lib/challenge_2025
copying challenge_2025/tag_spawner_random.py -> /home/harry/simulation/build/challenge_2025/build/lib/challenge_2025
running install
running install_lib
creating /home/harry/simulation/install/challenge_2025/lib/python3.10/site-packages/challenge_2025
copying /home/harry/simulation/build/challenge_2025/build/lib/challenge_2025/object_spawner_pallets.py -> /home/harry/simulation/install/challenge_2025/lib/python3.10/site-packages/challenge_2025
copying /home/harry/simulation/build/challenge_2025/build/lib/challenge_2025/__init__.py -> /home/harry/simulation/install/challenge_2025/lib/python3.10/site-packages/challenge_2025
copying /home/harry/simulation/build/challenge_2025/build/lib/challenge_2025/object_spawner_static.py -> /home/harry/simulation/install/challenge_2025/lib/python3.10/site-packages/challenge_2025
copying /home/harry/simulation/build/challenge_2025/build/lib/challenge_2025/tag_spawner_random.py -> /home/harry/simulation/install/challenge_2025/lib/python3.10/site-packages/challenge_2025
byte-compiling /home/harry/simulation/install/challenge_2025/lib/python3.10/site-packages/challenge_2025/object_spawner_pallets.py to object_spawner_pallets.cpython-310.pyc
byte-compiling /home/harry/simulation/install/challenge_2025/lib/python3.10/site-packages/challenge_2025/__init__.py to __init__.cpython-310.pyc
byte-compiling /home/harry/simulation/install/challenge_2025/lib/python3.10/site-packages/challenge_2025/object_spawner_static.py to object_spawner_static.cpython-310.pyc
byte-compiling /home/harry/simulation/install/challenge_2025/lib/python3.10/site-packages/challenge_2025/tag_spawner_random.py to tag_spawner_random.cpython-310.pyc
running install_data
creating /home/harry/simulation/install/challenge_2025/share/ament_index
creating /home/harry/simulation/install/challenge_2025/share/ament_index/resource_index
creating /home/harry/simulation/install/challenge_2025/share/ament_index/resource_index/packages
copying resource/challenge_2025 -> /home/harry/simulation/install/challenge_2025/share/ament_index/resource_index/packages
copying package.xml -> /home/harry/simulation/install/challenge_2025/share/challenge_2025
running install_egg_info
Copying ../../build/challenge_2025/challenge_2025.egg-info to /home/harry/simulation/install/challenge_2025/lib/python3.10/site-packages/challenge_2025-0.0.0-py3.10.egg-info
running install_scripts
Installing object_spawner_pallets script to /home/harry/simulation/install/challenge_2025/lib/challenge_2025
Installing object_spawner_static script to /home/harry/simulation/install/challenge_2025/lib/challenge_2025
Installing tag_spawner_random script to /home/harry/simulation/install/challenge_2025/lib/challenge_2025
writing list of installed files to '/home/harry/simulation/build/challenge_2025/install.log'
