[0.283s] DEBUG:colcon:Command line arguments: ['/usr/bin/colcon', 'build']
[0.283s] DEBUG:colcon:Parsed command line arguments: Namespace(log_base=None, log_level=None, verb_name='build', build_base='build', install_base='install', merge_install=False, symlink_install=False, test_result_base=None, continue_on_error=False, executor='parallel', parallel_workers=2, event_handlers=None, ignore_user_meta=False, metas=['./colcon.meta'], base_paths=['.'], packages_ignore=None, packages_ignore_regex=None, paths=None, packages_up_to=None, packages_up_to_regex=None, packages_above=None, packages_above_and_dependencies=None, packages_above_depth=None, packages_select_by_dep=None, packages_skip_by_dep=None, packages_skip_up_to=None, packages_select_build_failed=False, packages_skip_build_finished=False, packages_select_test_failures=False, packages_skip_test_passed=False, packages_select=None, packages_skip=None, packages_select_regex=None, packages_skip_regex=None, packages_start=None, packages_end=None, allow_overriding=[], cmake_args=None, cmake_target=None, cmake_target_skip_unavailable=False, cmake_clean_cache=False, cmake_clean_first=False, cmake_force_configure=False, ament_cmake_args=None, catkin_cmake_args=None, catkin_skip_building_tests=False, verb_parser=<colcon_defaults.argument_parser.defaults.DefaultArgumentsDecorator object at 0x7915f81601c0>, verb_extension=<colcon_core.verb.build.BuildVerb object at 0x7915f811fb80>, main=<bound method BuildVerb.main of <colcon_core.verb.build.BuildVerb object at 0x7915f811fb80>>)
[0.624s] Level 1:colcon.colcon_core.package_discovery:discover_packages(colcon_meta) check parameters
[0.624s] Level 1:colcon.colcon_core.package_discovery:discover_packages(recursive) check parameters
[0.624s] Level 1:colcon.colcon_core.package_discovery:discover_packages(ignore) check parameters
[0.624s] Level 1:colcon.colcon_core.package_discovery:discover_packages(path) check parameters
[0.624s] Level 1:colcon.colcon_core.package_discovery:discover_packages(colcon_meta) discover
[0.624s] Level 1:colcon.colcon_core.package_discovery:discover_packages(recursive) discover
[0.624s] INFO:colcon.colcon_core.package_discovery:Crawling recursively for packages in '/home/harry/simulation'
[0.625s] Level 1:colcon.colcon_core.package_identification:_identify(.) by extensions ['ignore', 'ignore_ament_install']
[0.625s] Level 1:colcon.colcon_core.package_identification:_identify(.) by extension 'ignore'
[0.625s] Level 1:colcon.colcon_core.package_identification:_identify(.) by extension 'ignore_ament_install'
[0.625s] Level 1:colcon.colcon_core.package_identification:_identify(.) by extensions ['colcon_pkg']
[0.625s] Level 1:colcon.colcon_core.package_identification:_identify(.) by extension 'colcon_pkg'
[0.625s] Level 1:colcon.colcon_core.package_identification:_identify(.) by extensions ['colcon_meta']
[0.625s] Level 1:colcon.colcon_core.package_identification:_identify(.) by extension 'colcon_meta'
[0.625s] Level 1:colcon.colcon_core.package_identification:_identify(.) by extensions ['ros']
[0.625s] Level 1:colcon.colcon_core.package_identification:_identify(.) by extension 'ros'
[0.649s] Level 1:colcon.colcon_core.package_identification:_identify(.) by extensions ['cmake', 'python']
[0.649s] Level 1:colcon.colcon_core.package_identification:_identify(.) by extension 'cmake'
[0.649s] Level 1:colcon.colcon_core.package_identification:_identify(.) by extension 'python'
[0.649s] Level 1:colcon.colcon_core.package_identification:_identify(.) by extensions ['python_setup_py']
[0.649s] Level 1:colcon.colcon_core.package_identification:_identify(.) by extension 'python_setup_py'
[0.649s] Level 1:colcon.colcon_core.package_identification:_identify(art_gallery) by extensions ['ignore', 'ignore_ament_install']
[0.649s] Level 1:colcon.colcon_core.package_identification:_identify(art_gallery) by extension 'ignore'
[0.649s] Level 1:colcon.colcon_core.package_identification:_identify(art_gallery) by extension 'ignore_ament_install'
[0.650s] Level 1:colcon.colcon_core.package_identification:_identify(art_gallery) by extensions ['colcon_pkg']
[0.650s] Level 1:colcon.colcon_core.package_identification:_identify(art_gallery) by extension 'colcon_pkg'
[0.650s] Level 1:colcon.colcon_core.package_identification:_identify(art_gallery) by extensions ['colcon_meta']
[0.650s] Level 1:colcon.colcon_core.package_identification:_identify(art_gallery) by extension 'colcon_meta'
[0.650s] Level 1:colcon.colcon_core.package_identification:_identify(art_gallery) by extensions ['ros']
[0.650s] Level 1:colcon.colcon_core.package_identification:_identify(art_gallery) by extension 'ros'
[0.650s] Level 1:colcon.colcon_core.package_identification:_identify(art_gallery) by extensions ['cmake', 'python']
[0.650s] Level 1:colcon.colcon_core.package_identification:_identify(art_gallery) by extension 'cmake'
[0.650s] Level 1:colcon.colcon_core.package_identification:_identify(art_gallery) by extension 'python'
[0.650s] Level 1:colcon.colcon_core.package_identification:_identify(art_gallery) by extensions ['python_setup_py']
[0.650s] Level 1:colcon.colcon_core.package_identification:_identify(art_gallery) by extension 'python_setup_py'
[0.650s] Level 1:colcon.colcon_core.package_identification:_identify(art_gallery/art_maze) by extensions ['ignore', 'ignore_ament_install']
[0.651s] Level 1:colcon.colcon_core.package_identification:_identify(art_gallery/art_maze) by extension 'ignore'
[0.651s] Level 1:colcon.colcon_core.package_identification:_identify(art_gallery/art_maze) by extension 'ignore_ament_install'
[0.651s] Level 1:colcon.colcon_core.package_identification:_identify(art_gallery/art_maze) by extensions ['colcon_pkg']
[0.651s] Level 1:colcon.colcon_core.package_identification:_identify(art_gallery/art_maze) by extension 'colcon_pkg'
[0.651s] Level 1:colcon.colcon_core.package_identification:_identify(art_gallery/art_maze) by extensions ['colcon_meta']
[0.651s] Level 1:colcon.colcon_core.package_identification:_identify(art_gallery/art_maze) by extension 'colcon_meta'
[0.651s] Level 1:colcon.colcon_core.package_identification:_identify(art_gallery/art_maze) by extensions ['ros']
[0.651s] Level 1:colcon.colcon_core.package_identification:_identify(art_gallery/art_maze) by extension 'ros'
[0.655s] DEBUG:colcon.colcon_core.package_identification:Package 'art_gallery/art_maze' with type 'ros.ament_cmake' and name 'art_maze'
[0.656s] Level 1:colcon.colcon_core.package_identification:_identify(art_gallery/challenge_2025) by extensions ['ignore', 'ignore_ament_install']
[0.656s] Level 1:colcon.colcon_core.package_identification:_identify(art_gallery/challenge_2025) by extension 'ignore'
[0.656s] Level 1:colcon.colcon_core.package_identification:_identify(art_gallery/challenge_2025) by extension 'ignore_ament_install'
[0.656s] Level 1:colcon.colcon_core.package_identification:_identify(art_gallery/challenge_2025) by extensions ['colcon_pkg']
[0.656s] Level 1:colcon.colcon_core.package_identification:_identify(art_gallery/challenge_2025) by extension 'colcon_pkg'
[0.656s] Level 1:colcon.colcon_core.package_identification:_identify(art_gallery/challenge_2025) by extensions ['colcon_meta']
[0.656s] Level 1:colcon.colcon_core.package_identification:_identify(art_gallery/challenge_2025) by extension 'colcon_meta'
[0.656s] Level 1:colcon.colcon_core.package_identification:_identify(art_gallery/challenge_2025) by extensions ['ros']
[0.656s] Level 1:colcon.colcon_core.package_identification:_identify(art_gallery/challenge_2025) by extension 'ros'
[0.657s] DEBUG:colcon.colcon_core.package_identification:Package 'art_gallery/challenge_2025' with type 'ros.ament_python' and name 'challenge_2025'
[0.657s] Level 1:colcon.colcon_core.package_identification:_identify(art_gallery/curator) by extensions ['ignore', 'ignore_ament_install']
[0.658s] Level 1:colcon.colcon_core.package_identification:_identify(art_gallery/curator) by extension 'ignore'
[0.658s] Level 1:colcon.colcon_core.package_identification:_identify(art_gallery/curator) by extension 'ignore_ament_install'
[0.658s] Level 1:colcon.colcon_core.package_identification:_identify(art_gallery/curator) by extensions ['colcon_pkg']
[0.658s] Level 1:colcon.colcon_core.package_identification:_identify(art_gallery/curator) by extension 'colcon_pkg'
[0.658s] Level 1:colcon.colcon_core.package_identification:_identify(art_gallery/curator) by extensions ['colcon_meta']
[0.658s] Level 1:colcon.colcon_core.package_identification:_identify(art_gallery/curator) by extension 'colcon_meta'
[0.658s] Level 1:colcon.colcon_core.package_identification:_identify(art_gallery/curator) by extensions ['ros']
[0.658s] Level 1:colcon.colcon_core.package_identification:_identify(art_gallery/curator) by extension 'ros'
[0.659s] DEBUG:colcon.colcon_core.package_identification:Package 'art_gallery/curator' with type 'ros.ament_python' and name 'curator'
[0.659s] Level 1:colcon.colcon_core.package_identification:_identify(art_gallery/tb3_description) by extensions ['ignore', 'ignore_ament_install']
[0.659s] Level 1:colcon.colcon_core.package_identification:_identify(art_gallery/tb3_description) by extension 'ignore'
[0.659s] Level 1:colcon.colcon_core.package_identification:_identify(art_gallery/tb3_description) by extension 'ignore_ament_install'
[0.659s] Level 1:colcon.colcon_core.package_identification:_identify(art_gallery/tb3_description) by extensions ['colcon_pkg']
[0.660s] Level 1:colcon.colcon_core.package_identification:_identify(art_gallery/tb3_description) by extension 'colcon_pkg'
[0.660s] Level 1:colcon.colcon_core.package_identification:_identify(art_gallery/tb3_description) by extensions ['colcon_meta']
[0.660s] Level 1:colcon.colcon_core.package_identification:_identify(art_gallery/tb3_description) by extension 'colcon_meta'
[0.660s] Level 1:colcon.colcon_core.package_identification:_identify(art_gallery/tb3_description) by extensions ['ros']
[0.660s] Level 1:colcon.colcon_core.package_identification:_identify(art_gallery/tb3_description) by extension 'ros'
[0.660s] DEBUG:colcon.colcon_core.package_identification:Package 'art_gallery/tb3_description' with type 'ros.ament_python' and name 'tb3_description'
[0.661s] Level 1:colcon.colcon_core.package_identification:_identify(art_gallery/tb3_gazebo) by extensions ['ignore', 'ignore_ament_install']
[0.661s] Level 1:colcon.colcon_core.package_identification:_identify(art_gallery/tb3_gazebo) by extension 'ignore'
[0.661s] Level 1:colcon.colcon_core.package_identification:_identify(art_gallery/tb3_gazebo) by extension 'ignore_ament_install'
[0.661s] Level 1:colcon.colcon_core.package_identification:_identify(art_gallery/tb3_gazebo) by extensions ['colcon_pkg']
[0.661s] Level 1:colcon.colcon_core.package_identification:_identify(art_gallery/tb3_gazebo) by extension 'colcon_pkg'
[0.661s] Level 1:colcon.colcon_core.package_identification:_identify(art_gallery/tb3_gazebo) by extensions ['colcon_meta']
[0.661s] Level 1:colcon.colcon_core.package_identification:_identify(art_gallery/tb3_gazebo) by extension 'colcon_meta'
[0.661s] Level 1:colcon.colcon_core.package_identification:_identify(art_gallery/tb3_gazebo) by extensions ['ros']
[0.662s] Level 1:colcon.colcon_core.package_identification:_identify(art_gallery/tb3_gazebo) by extension 'ros'
[0.662s] DEBUG:colcon.colcon_core.package_identification:Package 'art_gallery/tb3_gazebo' with type 'ros.ament_cmake' and name 'tb3_gazebo'
[0.662s] Level 1:colcon.colcon_core.package_identification:_identify(build) by extensions ['ignore', 'ignore_ament_install']
[0.663s] Level 1:colcon.colcon_core.package_identification:_identify(build) by extension 'ignore'
[0.663s] Level 1:colcon.colcon_core.package_identification:_identify(build) ignored
[0.663s] Level 1:colcon.colcon_core.package_identification:_identify(install) by extensions ['ignore', 'ignore_ament_install']
[0.663s] Level 1:colcon.colcon_core.package_identification:_identify(install) by extension 'ignore'
[0.663s] Level 1:colcon.colcon_core.package_identification:_identify(install) ignored
[0.663s] Level 1:colcon.colcon_core.package_identification:_identify(log) by extensions ['ignore', 'ignore_ament_install']
[0.663s] Level 1:colcon.colcon_core.package_identification:_identify(log) by extension 'ignore'
[0.663s] Level 1:colcon.colcon_core.package_identification:_identify(log) ignored
[0.664s] Level 1:colcon.colcon_core.package_discovery:discover_packages(recursive) using defaults
[0.664s] Level 1:colcon.colcon_core.package_discovery:discover_packages(ignore) discover
[0.664s] Level 1:colcon.colcon_core.package_discovery:discover_packages(ignore) using defaults
[0.664s] Level 1:colcon.colcon_core.package_discovery:discover_packages(path) discover
[0.664s] Level 1:colcon.colcon_core.package_discovery:discover_packages(path) using defaults
[0.708s] Level 1:colcon.colcon_core.package_discovery:discover_packages(prefix_path) check parameters
[0.708s] Level 1:colcon.colcon_core.package_discovery:discover_packages(prefix_path) discover
[0.715s] DEBUG:colcon.colcon_installed_package_information.package_discovery:Found 3 installed packages in /home/harry/install
[0.717s] DEBUG:colcon.colcon_installed_package_information.package_discovery:Found 3 installed packages in /home/harry/robot/install
[0.723s] DEBUG:colcon.colcon_installed_package_information.package_discovery:Found 272 installed packages in /opt/ros/humble
[0.729s] Level 1:colcon.colcon_core.package_discovery:discover_packages(prefix_path) using defaults
[0.850s] Level 5:colcon.colcon_core.verb:set package 'art_maze' build argument 'cmake_args' from command line to 'None'
[0.850s] Level 5:colcon.colcon_core.verb:set package 'art_maze' build argument 'cmake_target' from command line to 'None'
[0.850s] Level 5:colcon.colcon_core.verb:set package 'art_maze' build argument 'cmake_target_skip_unavailable' from command line to 'False'
[0.850s] Level 5:colcon.colcon_core.verb:set package 'art_maze' build argument 'cmake_clean_cache' from command line to 'False'
[0.850s] Level 5:colcon.colcon_core.verb:set package 'art_maze' build argument 'cmake_clean_first' from command line to 'False'
[0.850s] Level 5:colcon.colcon_core.verb:set package 'art_maze' build argument 'cmake_force_configure' from command line to 'False'
[0.850s] Level 5:colcon.colcon_core.verb:set package 'art_maze' build argument 'ament_cmake_args' from command line to 'None'
[0.850s] Level 5:colcon.colcon_core.verb:set package 'art_maze' build argument 'catkin_cmake_args' from command line to 'None'
[0.851s] Level 5:colcon.colcon_core.verb:set package 'art_maze' build argument 'catkin_skip_building_tests' from command line to 'False'
[0.851s] DEBUG:colcon.colcon_core.verb:Building package 'art_maze' with the following arguments: {'ament_cmake_args': None, 'build_base': '/home/harry/simulation/build/art_maze', 'catkin_cmake_args': None, 'catkin_skip_building_tests': False, 'cmake_args': None, 'cmake_clean_cache': False, 'cmake_clean_first': False, 'cmake_force_configure': False, 'cmake_target': None, 'cmake_target_skip_unavailable': False, 'install_base': '/home/harry/simulation/install/art_maze', 'merge_install': False, 'path': '/home/harry/simulation/art_gallery/art_maze', 'symlink_install': False, 'test_result_base': None}
[0.851s] Level 5:colcon.colcon_core.verb:set package 'challenge_2025' build argument 'cmake_args' from command line to 'None'
[0.851s] Level 5:colcon.colcon_core.verb:set package 'challenge_2025' build argument 'cmake_target' from command line to 'None'
[0.851s] Level 5:colcon.colcon_core.verb:set package 'challenge_2025' build argument 'cmake_target_skip_unavailable' from command line to 'False'
[0.851s] Level 5:colcon.colcon_core.verb:set package 'challenge_2025' build argument 'cmake_clean_cache' from command line to 'False'
[0.851s] Level 5:colcon.colcon_core.verb:set package 'challenge_2025' build argument 'cmake_clean_first' from command line to 'False'
[0.851s] Level 5:colcon.colcon_core.verb:set package 'challenge_2025' build argument 'cmake_force_configure' from command line to 'False'
[0.851s] Level 5:colcon.colcon_core.verb:set package 'challenge_2025' build argument 'ament_cmake_args' from command line to 'None'
[0.851s] Level 5:colcon.colcon_core.verb:set package 'challenge_2025' build argument 'catkin_cmake_args' from command line to 'None'
[0.851s] Level 5:colcon.colcon_core.verb:set package 'challenge_2025' build argument 'catkin_skip_building_tests' from command line to 'False'
[0.852s] DEBUG:colcon.colcon_core.verb:Building package 'challenge_2025' with the following arguments: {'ament_cmake_args': None, 'build_base': '/home/harry/simulation/build/challenge_2025', 'catkin_cmake_args': None, 'catkin_skip_building_tests': False, 'cmake_args': None, 'cmake_clean_cache': False, 'cmake_clean_first': False, 'cmake_force_configure': False, 'cmake_target': None, 'cmake_target_skip_unavailable': False, 'install_base': '/home/harry/simulation/install/challenge_2025', 'merge_install': False, 'path': '/home/harry/simulation/art_gallery/challenge_2025', 'symlink_install': False, 'test_result_base': None}
[0.852s] Level 5:colcon.colcon_core.verb:set package 'curator' build argument 'cmake_args' from command line to 'None'
[0.852s] Level 5:colcon.colcon_core.verb:set package 'curator' build argument 'cmake_target' from command line to 'None'
[0.852s] Level 5:colcon.colcon_core.verb:set package 'curator' build argument 'cmake_target_skip_unavailable' from command line to 'False'
[0.852s] Level 5:colcon.colcon_core.verb:set package 'curator' build argument 'cmake_clean_cache' from command line to 'False'
[0.852s] Level 5:colcon.colcon_core.verb:set package 'curator' build argument 'cmake_clean_first' from command line to 'False'
[0.852s] Level 5:colcon.colcon_core.verb:set package 'curator' build argument 'cmake_force_configure' from command line to 'False'
[0.852s] Level 5:colcon.colcon_core.verb:set package 'curator' build argument 'ament_cmake_args' from command line to 'None'
[0.852s] Level 5:colcon.colcon_core.verb:set package 'curator' build argument 'catkin_cmake_args' from command line to 'None'
[0.852s] Level 5:colcon.colcon_core.verb:set package 'curator' build argument 'catkin_skip_building_tests' from command line to 'False'
[0.853s] DEBUG:colcon.colcon_core.verb:Building package 'curator' with the following arguments: {'ament_cmake_args': None, 'build_base': '/home/harry/simulation/build/curator', 'catkin_cmake_args': None, 'catkin_skip_building_tests': False, 'cmake_args': None, 'cmake_clean_cache': False, 'cmake_clean_first': False, 'cmake_force_configure': False, 'cmake_target': None, 'cmake_target_skip_unavailable': False, 'install_base': '/home/harry/simulation/install/curator', 'merge_install': False, 'path': '/home/harry/simulation/art_gallery/curator', 'symlink_install': False, 'test_result_base': None}
[0.853s] Level 5:colcon.colcon_core.verb:set package 'tb3_description' build argument 'cmake_args' from command line to 'None'
[0.853s] Level 5:colcon.colcon_core.verb:set package 'tb3_description' build argument 'cmake_target' from command line to 'None'
[0.853s] Level 5:colcon.colcon_core.verb:set package 'tb3_description' build argument 'cmake_target_skip_unavailable' from command line to 'False'
[0.853s] Level 5:colcon.colcon_core.verb:set package 'tb3_description' build argument 'cmake_clean_cache' from command line to 'False'
[0.853s] Level 5:colcon.colcon_core.verb:set package 'tb3_description' build argument 'cmake_clean_first' from command line to 'False'
[0.853s] Level 5:colcon.colcon_core.verb:set package 'tb3_description' build argument 'cmake_force_configure' from command line to 'False'
[0.853s] Level 5:colcon.colcon_core.verb:set package 'tb3_description' build argument 'ament_cmake_args' from command line to 'None'
[0.853s] Level 5:colcon.colcon_core.verb:set package 'tb3_description' build argument 'catkin_cmake_args' from command line to 'None'
[0.853s] Level 5:colcon.colcon_core.verb:set package 'tb3_description' build argument 'catkin_skip_building_tests' from command line to 'False'
[0.853s] DEBUG:colcon.colcon_core.verb:Building package 'tb3_description' with the following arguments: {'ament_cmake_args': None, 'build_base': '/home/harry/simulation/build/tb3_description', 'catkin_cmake_args': None, 'catkin_skip_building_tests': False, 'cmake_args': None, 'cmake_clean_cache': False, 'cmake_clean_first': False, 'cmake_force_configure': False, 'cmake_target': None, 'cmake_target_skip_unavailable': False, 'install_base': '/home/harry/simulation/install/tb3_description', 'merge_install': False, 'path': '/home/harry/simulation/art_gallery/tb3_description', 'symlink_install': False, 'test_result_base': None}
[0.854s] Level 5:colcon.colcon_core.verb:set package 'tb3_gazebo' build argument 'cmake_args' from command line to 'None'
[0.854s] Level 5:colcon.colcon_core.verb:set package 'tb3_gazebo' build argument 'cmake_target' from command line to 'None'
[0.854s] Level 5:colcon.colcon_core.verb:set package 'tb3_gazebo' build argument 'cmake_target_skip_unavailable' from command line to 'False'
[0.854s] Level 5:colcon.colcon_core.verb:set package 'tb3_gazebo' build argument 'cmake_clean_cache' from command line to 'False'
[0.854s] Level 5:colcon.colcon_core.verb:set package 'tb3_gazebo' build argument 'cmake_clean_first' from command line to 'False'
[0.854s] Level 5:colcon.colcon_core.verb:set package 'tb3_gazebo' build argument 'cmake_force_configure' from command line to 'False'
[0.854s] Level 5:colcon.colcon_core.verb:set package 'tb3_gazebo' build argument 'ament_cmake_args' from command line to 'None'
[0.854s] Level 5:colcon.colcon_core.verb:set package 'tb3_gazebo' build argument 'catkin_cmake_args' from command line to 'None'
[0.854s] Level 5:colcon.colcon_core.verb:set package 'tb3_gazebo' build argument 'catkin_skip_building_tests' from command line to 'False'
[0.854s] DEBUG:colcon.colcon_core.verb:Building package 'tb3_gazebo' with the following arguments: {'ament_cmake_args': None, 'build_base': '/home/harry/simulation/build/tb3_gazebo', 'catkin_cmake_args': None, 'catkin_skip_building_tests': False, 'cmake_args': None, 'cmake_clean_cache': False, 'cmake_clean_first': False, 'cmake_force_configure': False, 'cmake_target': None, 'cmake_target_skip_unavailable': False, 'install_base': '/home/harry/simulation/install/tb3_gazebo', 'merge_install': False, 'path': '/home/harry/simulation/art_gallery/tb3_gazebo', 'symlink_install': False, 'test_result_base': None}
[0.855s] INFO:colcon.colcon_core.executor:Executing jobs using 'parallel' executor
[0.856s] DEBUG:colcon.colcon_parallel_executor.executor.parallel:run_until_complete
[0.857s] INFO:colcon.colcon_ros.task.ament_cmake.build:Building ROS package in '/home/harry/simulation/art_gallery/art_maze' with build type 'ament_cmake'
[0.857s] INFO:colcon.colcon_cmake.task.cmake.build:Building CMake package in '/home/harry/simulation/art_gallery/art_maze'
[0.862s] INFO:colcon.colcon_core.plugin_system:Skipping extension 'colcon_core.shell.bat': Not used on non-Windows systems
[0.863s] INFO:colcon.colcon_core.shell:Skip shell extension 'powershell' for command environment: Not usable outside of PowerShell
[0.863s] DEBUG:colcon.colcon_core.shell:Skip shell extension 'dsv' for command environment
[0.873s] INFO:colcon.colcon_ros.task.ament_python.build:Building ROS package in '/home/harry/simulation/art_gallery/challenge_2025' with build type 'ament_python'
[0.873s] Level 1:colcon.colcon_core.shell:create_environment_hook('challenge_2025', 'ament_prefix_path')
[0.874s] INFO:colcon.colcon_core.shell:Creating environment hook '/home/harry/simulation/install/challenge_2025/share/challenge_2025/hook/ament_prefix_path.ps1'
[0.875s] INFO:colcon.colcon_core.shell:Creating environment descriptor '/home/harry/simulation/install/challenge_2025/share/challenge_2025/hook/ament_prefix_path.dsv'
[0.876s] INFO:colcon.colcon_core.shell:Creating environment hook '/home/harry/simulation/install/challenge_2025/share/challenge_2025/hook/ament_prefix_path.sh'
[0.878s] INFO:colcon.colcon_core.shell:Skip shell extension 'powershell' for command environment: Not usable outside of PowerShell
[0.878s] DEBUG:colcon.colcon_core.shell:Skip shell extension 'dsv' for command environment
[0.895s] DEBUG:colcon.colcon_core.event_handler.log_command:Invoking command in '/home/harry/simulation/build/art_maze': CMAKE_PREFIX_PATH=${CMAKE_PREFIX_PATH}:/home/harry/robot/install/my_first_package:/home/harry/install/my_first_package:/opt/ros/humble /usr/bin/cmake /home/harry/simulation/art_gallery/art_maze -DCMAKE_INSTALL_PREFIX=/home/harry/simulation/install/art_maze
[1.459s] INFO:colcon.colcon_core.task.python.build:Building Python package in '/home/harry/simulation/art_gallery/challenge_2025'
[1.460s] INFO:colcon.colcon_core.shell:Skip shell extension 'powershell' for command environment: Not usable outside of PowerShell
[1.460s] DEBUG:colcon.colcon_core.shell:Skip shell extension 'dsv' for command environment
[2.341s] DEBUG:colcon.colcon_core.event_handler.log_command:Invoking command in '/home/harry/simulation/art_gallery/challenge_2025': PYTHONPATH=/home/harry/simulation/build/challenge_2025/prefix_override:/usr/lib/python3/dist-packages/colcon_core/task/python/colcon_distutils_commands:/home/harry/simulation/install/challenge_2025/lib/python3.10/site-packages:${PYTHONPATH} /usr/bin/python3 -W ignore:setup.py install is deprecated -W ignore:easy_install command is deprecated setup.py egg_info --egg-base ../../build/challenge_2025 build --build-base /home/harry/simulation/build/challenge_2025/build install --record /home/harry/simulation/build/challenge_2025/install.log --single-version-externally-managed install_data
[2.982s] DEBUG:colcon.colcon_core.event_handler.log_command:Invoked command in '/home/harry/simulation/art_gallery/challenge_2025' returned '0': PYTHONPATH=/home/harry/simulation/build/challenge_2025/prefix_override:/usr/lib/python3/dist-packages/colcon_core/task/python/colcon_distutils_commands:/home/harry/simulation/install/challenge_2025/lib/python3.10/site-packages:${PYTHONPATH} /usr/bin/python3 -W ignore:setup.py install is deprecated -W ignore:easy_install command is deprecated setup.py egg_info --egg-base ../../build/challenge_2025 build --build-base /home/harry/simulation/build/challenge_2025/build install --record /home/harry/simulation/build/challenge_2025/install.log --single-version-externally-managed install_data
[2.987s] Level 1:colcon.colcon_core.environment:checking '/home/harry/simulation/install/challenge_2025' for CMake module files
[2.987s] Level 1:colcon.colcon_core.environment:checking '/home/harry/simulation/install/challenge_2025' for CMake config files
[2.989s] Level 1:colcon.colcon_core.environment:checking '/home/harry/simulation/install/challenge_2025/lib'
[2.990s] Level 1:colcon.colcon_core.environment:checking '/home/harry/simulation/install/challenge_2025/bin'
[2.990s] Level 1:colcon.colcon_core.environment:checking '/home/harry/simulation/install/challenge_2025/lib/pkgconfig/challenge_2025.pc'
[2.991s] Level 1:colcon.colcon_core.environment:checking '/home/harry/simulation/install/challenge_2025/lib/python3.10/site-packages'
[2.991s] Level 1:colcon.colcon_core.shell:create_environment_hook('challenge_2025', 'pythonpath')
[2.991s] INFO:colcon.colcon_core.shell:Creating environment hook '/home/harry/simulation/install/challenge_2025/share/challenge_2025/hook/pythonpath.ps1'
[2.992s] INFO:colcon.colcon_core.shell:Creating environment descriptor '/home/harry/simulation/install/challenge_2025/share/challenge_2025/hook/pythonpath.dsv'
[2.993s] INFO:colcon.colcon_core.shell:Creating environment hook '/home/harry/simulation/install/challenge_2025/share/challenge_2025/hook/pythonpath.sh'
[2.995s] Level 1:colcon.colcon_core.environment:checking '/home/harry/simulation/install/challenge_2025/bin'
[2.995s] Level 1:colcon.colcon_core.environment:create_environment_scripts_only(challenge_2025)
[2.996s] INFO:colcon.colcon_core.shell:Creating package script '/home/harry/simulation/install/challenge_2025/share/challenge_2025/package.ps1'
[2.998s] INFO:colcon.colcon_core.shell:Creating package descriptor '/home/harry/simulation/install/challenge_2025/share/challenge_2025/package.dsv'
[3.000s] INFO:colcon.colcon_core.shell:Creating package script '/home/harry/simulation/install/challenge_2025/share/challenge_2025/package.sh'
[3.002s] INFO:colcon.colcon_core.shell:Creating package script '/home/harry/simulation/install/challenge_2025/share/challenge_2025/package.bash'
[3.004s] INFO:colcon.colcon_core.shell:Creating package script '/home/harry/simulation/install/challenge_2025/share/challenge_2025/package.zsh'
[3.005s] Level 1:colcon.colcon_core.environment:create_file_with_runtime_dependencies(/home/harry/simulation/install/challenge_2025/share/colcon-core/packages/challenge_2025)
[3.007s] INFO:colcon.colcon_ros.task.ament_python.build:Building ROS package in '/home/harry/simulation/art_gallery/curator' with build type 'ament_python'
[3.007s] Level 1:colcon.colcon_core.shell:create_environment_hook('curator', 'ament_prefix_path')
[3.009s] INFO:colcon.colcon_core.shell:Creating environment hook '/home/harry/simulation/install/curator/share/curator/hook/ament_prefix_path.ps1'
[3.012s] INFO:colcon.colcon_core.shell:Creating environment descriptor '/home/harry/simulation/install/curator/share/curator/hook/ament_prefix_path.dsv'
[3.014s] INFO:colcon.colcon_core.shell:Creating environment hook '/home/harry/simulation/install/curator/share/curator/hook/ament_prefix_path.sh'
[3.017s] INFO:colcon.colcon_core.shell:Skip shell extension 'powershell' for command environment: Not usable outside of PowerShell
[3.017s] DEBUG:colcon.colcon_core.shell:Skip shell extension 'dsv' for command environment
[3.725s] INFO:colcon.colcon_core.task.python.build:Building Python package in '/home/harry/simulation/art_gallery/curator'
[3.725s] INFO:colcon.colcon_core.shell:Skip shell extension 'powershell' for command environment: Not usable outside of PowerShell
[3.725s] DEBUG:colcon.colcon_core.shell:Skip shell extension 'dsv' for command environment
[4.491s] DEBUG:colcon.colcon_core.event_handler.log_command:Invoking command in '/home/harry/simulation/art_gallery/curator': PYTHONPATH=/home/harry/simulation/build/curator/prefix_override:/usr/lib/python3/dist-packages/colcon_core/task/python/colcon_distutils_commands:/home/harry/simulation/install/curator/lib/python3.10/site-packages:${PYTHONPATH} /usr/bin/python3 -W ignore:setup.py install is deprecated -W ignore:easy_install command is deprecated setup.py egg_info --egg-base ../../build/curator build --build-base /home/harry/simulation/build/curator/build install --record /home/harry/simulation/build/curator/install.log --single-version-externally-managed install_data
[5.059s] Level 1:colcon.colcon_core.environment:checking '/home/harry/simulation/install/curator' for CMake module files
[5.060s] DEBUG:colcon.colcon_core.event_handler.log_command:Invoked command in '/home/harry/simulation/art_gallery/curator' returned '0': PYTHONPATH=/home/harry/simulation/build/curator/prefix_override:/usr/lib/python3/dist-packages/colcon_core/task/python/colcon_distutils_commands:/home/harry/simulation/install/curator/lib/python3.10/site-packages:${PYTHONPATH} /usr/bin/python3 -W ignore:setup.py install is deprecated -W ignore:easy_install command is deprecated setup.py egg_info --egg-base ../../build/curator build --build-base /home/harry/simulation/build/curator/build install --record /home/harry/simulation/build/curator/install.log --single-version-externally-managed install_data
[5.061s] Level 1:colcon.colcon_core.environment:checking '/home/harry/simulation/install/curator' for CMake config files
[5.063s] Level 1:colcon.colcon_core.environment:checking '/home/harry/simulation/install/curator/lib'
[5.063s] Level 1:colcon.colcon_core.environment:checking '/home/harry/simulation/install/curator/bin'
[5.064s] Level 1:colcon.colcon_core.environment:checking '/home/harry/simulation/install/curator/lib/pkgconfig/curator.pc'
[5.064s] Level 1:colcon.colcon_core.environment:checking '/home/harry/simulation/install/curator/lib/python3.10/site-packages'
[5.064s] Level 1:colcon.colcon_core.shell:create_environment_hook('curator', 'pythonpath')
[5.065s] INFO:colcon.colcon_core.shell:Creating environment hook '/home/harry/simulation/install/curator/share/curator/hook/pythonpath.ps1'
[5.066s] INFO:colcon.colcon_core.shell:Creating environment descriptor '/home/harry/simulation/install/curator/share/curator/hook/pythonpath.dsv'
[5.066s] INFO:colcon.colcon_core.shell:Creating environment hook '/home/harry/simulation/install/curator/share/curator/hook/pythonpath.sh'
[5.068s] Level 1:colcon.colcon_core.environment:checking '/home/harry/simulation/install/curator/bin'
[5.068s] Level 1:colcon.colcon_core.environment:create_environment_scripts_only(curator)
[5.069s] INFO:colcon.colcon_core.shell:Creating package script '/home/harry/simulation/install/curator/share/curator/package.ps1'
[5.071s] INFO:colcon.colcon_core.shell:Creating package descriptor '/home/harry/simulation/install/curator/share/curator/package.dsv'
[5.072s] INFO:colcon.colcon_core.shell:Creating package script '/home/harry/simulation/install/curator/share/curator/package.sh'
[5.073s] INFO:colcon.colcon_core.shell:Creating package script '/home/harry/simulation/install/curator/share/curator/package.bash'
[5.074s] INFO:colcon.colcon_core.shell:Creating package script '/home/harry/simulation/install/curator/share/curator/package.zsh'
[5.075s] Level 1:colcon.colcon_core.environment:create_file_with_runtime_dependencies(/home/harry/simulation/install/curator/share/colcon-core/packages/curator)
[5.075s] INFO:colcon.colcon_ros.task.ament_python.build:Building ROS package in '/home/harry/simulation/art_gallery/tb3_description' with build type 'ament_python'
[5.076s] Level 1:colcon.colcon_core.shell:create_environment_hook('tb3_description', 'ament_prefix_path')
[5.076s] INFO:colcon.colcon_core.shell:Creating environment hook '/home/harry/simulation/install/tb3_description/share/tb3_description/hook/ament_prefix_path.ps1'
[5.078s] INFO:colcon.colcon_core.shell:Creating environment descriptor '/home/harry/simulation/install/tb3_description/share/tb3_description/hook/ament_prefix_path.dsv'
[5.080s] INFO:colcon.colcon_core.shell:Creating environment hook '/home/harry/simulation/install/tb3_description/share/tb3_description/hook/ament_prefix_path.sh'
[5.082s] INFO:colcon.colcon_core.shell:Skip shell extension 'powershell' for command environment: Not usable outside of PowerShell
[5.082s] DEBUG:colcon.colcon_core.shell:Skip shell extension 'dsv' for command environment
[5.591s] INFO:colcon.colcon_core.task.python.build:Building Python package in '/home/harry/simulation/art_gallery/tb3_description'
[5.591s] INFO:colcon.colcon_core.shell:Skip shell extension 'powershell' for command environment: Not usable outside of PowerShell
[5.591s] DEBUG:colcon.colcon_core.shell:Skip shell extension 'dsv' for command environment
[5.606s] DEBUG:colcon.colcon_core.event_handler.log_command:Invoked command in '/home/harry/simulation/build/art_maze' returned '1': CMAKE_PREFIX_PATH=${CMAKE_PREFIX_PATH}:/home/harry/robot/install/my_first_package:/home/harry/install/my_first_package:/opt/ros/humble /usr/bin/cmake /home/harry/simulation/art_gallery/art_maze -DCMAKE_INSTALL_PREFIX=/home/harry/simulation/install/art_maze
[5.648s] Level 1:colcon.colcon_core.environment:create_environment_scripts_only(art_maze)
[5.649s] Level 1:colcon.colcon_core.environment:checking '/home/harry/simulation/install/art_maze' for CMake module files
[5.651s] Level 1:colcon.colcon_core.environment:checking '/home/harry/simulation/install/art_maze' for CMake config files
[5.651s] Level 1:colcon.colcon_core.environment:checking '/home/harry/simulation/install/art_maze/bin'
[5.651s] Level 1:colcon.colcon_core.environment:checking '/home/harry/simulation/install/art_maze/lib/pkgconfig/art_maze.pc'
[5.652s] Level 1:colcon.colcon_core.environment:checking '/home/harry/simulation/install/art_maze/lib/python3.10/site-packages'
[5.652s] Level 1:colcon.colcon_core.environment:checking '/home/harry/simulation/install/art_maze/bin'
[5.653s] INFO:colcon.colcon_core.shell:Creating package script '/home/harry/simulation/install/art_maze/share/art_maze/package.ps1'
[5.654s] INFO:colcon.colcon_core.shell:Creating package descriptor '/home/harry/simulation/install/art_maze/share/art_maze/package.dsv'
[5.654s] INFO:colcon.colcon_core.shell:Creating package script '/home/harry/simulation/install/art_maze/share/art_maze/package.sh'
[5.655s] INFO:colcon.colcon_core.shell:Creating package script '/home/harry/simulation/install/art_maze/share/art_maze/package.bash'
[5.655s] INFO:colcon.colcon_core.shell:Creating package script '/home/harry/simulation/install/art_maze/share/art_maze/package.zsh'
[5.656s] Level 1:colcon.colcon_core.environment:create_file_with_runtime_dependencies(/home/harry/simulation/install/art_maze/share/colcon-core/packages/art_maze)
[6.243s] DEBUG:colcon.colcon_parallel_executor.executor.parallel:closing loop
[6.243s] DEBUG:colcon.colcon_parallel_executor.executor.parallel:loop closed
[6.243s] DEBUG:colcon.colcon_parallel_executor.executor.parallel:run_until_complete finished with '1'
[6.244s] DEBUG:colcon.colcon_core.event_reactor:joining thread
[6.257s] INFO:colcon.colcon_core.plugin_system:Skipping extension 'colcon_notification.desktop_notification.terminal_notifier': Not used on non-Darwin systems
[6.258s] INFO:colcon.colcon_core.plugin_system:Skipping extension 'colcon_notification.desktop_notification.win32': Not used on non-Windows systems
[6.258s] INFO:colcon.colcon_notification.desktop_notification:Sending desktop notification using 'notify2'
[6.297s] DEBUG:colcon.colcon_core.event_reactor:joined thread
[6.299s] INFO:colcon.colcon_core.shell:Creating prefix script '/home/harry/simulation/install/local_setup.ps1'
[6.302s] INFO:colcon.colcon_core.shell:Creating prefix util module '/home/harry/simulation/install/_local_setup_util_ps1.py'
[6.307s] INFO:colcon.colcon_core.shell:Creating prefix chain script '/home/harry/simulation/install/setup.ps1'
[6.312s] INFO:colcon.colcon_core.shell:Creating prefix script '/home/harry/simulation/install/local_setup.sh'
[6.314s] INFO:colcon.colcon_core.shell:Creating prefix util module '/home/harry/simulation/install/_local_setup_util_sh.py'
[6.315s] INFO:colcon.colcon_core.shell:Creating prefix chain script '/home/harry/simulation/install/setup.sh'
[6.318s] INFO:colcon.colcon_core.shell:Creating prefix script '/home/harry/simulation/install/local_setup.bash'
[6.320s] INFO:colcon.colcon_core.shell:Creating prefix chain script '/home/harry/simulation/install/setup.bash'
[6.324s] INFO:colcon.colcon_core.shell:Creating prefix script '/home/harry/simulation/install/local_setup.zsh'
[6.325s] INFO:colcon.colcon_core.shell:Creating prefix chain script '/home/harry/simulation/install/setup.zsh'
