running egg_info
writing ../../../../build/challenge_2025/challenge_2025.egg-info/PKG-INFO
writing dependency_links to ../../../../build/challenge_2025/challenge_2025.egg-info/dependency_links.txt
writing entry points to ../../../../build/challenge_2025/challenge_2025.egg-info/entry_points.txt
writing requirements to ../../../../build/challenge_2025/challenge_2025.egg-info/requires.txt
writing top-level names to ../../../../build/challenge_2025/challenge_2025.egg-info/top_level.txt
reading manifest file '../../../../build/challenge_2025/challenge_2025.egg-info/SOURCES.txt'
writing manifest file '../../../../build/challenge_2025/challenge_2025.egg-info/SOURCES.txt'
running build
running build_py
running install
running install_lib
running install_data
running install_egg_info
removing '/home/harry/simul/simulation/install/challenge_2025/lib/python3.10/site-packages/challenge_2025-0.0.0-py3.10.egg-info' (and everything under it)
Copying ../../../../build/challenge_2025/challenge_2025.egg-info to /home/harry/simul/simulation/install/challenge_2025/lib/python3.10/site-packages/challenge_2025-0.0.0-py3.10.egg-info
running install_scripts
Installing object_spawner_pallets script to /home/harry/simul/simulation/install/challenge_2025/lib/challenge_2025
Installing object_spawner_static script to /home/harry/simul/simulation/install/challenge_2025/lib/challenge_2025
Installing tag_spawner_random script to /home/harry/simul/simulation/install/challenge_2025/lib/challenge_2025
writing list of installed files to '/home/harry/simul/simulation/build/challenge_2025/install.log'
