[1.864s] Invoking command in '/home/harry/simul/simulation/src/simulation/art_gallery/challenge_2025': PYTHONPATH=/home/harry/simul/simulation/build/challenge_2025/prefix_override:/usr/lib/python3/dist-packages/colcon_core/task/python/colcon_distutils_commands:/home/harry/simul/simulation/install/challenge_2025/lib/python3.10/site-packages:${PYTHONPATH} /usr/bin/python3 -W ignore:setup.py install is deprecated -W ignore:easy_install command is deprecated setup.py egg_info --egg-base ../../../../build/challenge_2025 build --build-base /home/harry/simul/simulation/build/challenge_2025/build install --record /home/harry/simul/simulation/build/challenge_2025/install.log --single-version-externally-managed install_data
[2.454s] running egg_info
[2.455s] writing ../../../../build/challenge_2025/challenge_2025.egg-info/PKG-INFO
[2.455s] writing dependency_links to ../../../../build/challenge_2025/challenge_2025.egg-info/dependency_links.txt
[2.456s] writing entry points to ../../../../build/challenge_2025/challenge_2025.egg-info/entry_points.txt
[2.457s] writing requirements to ../../../../build/challenge_2025/challenge_2025.egg-info/requires.txt
[2.458s] writing top-level names to ../../../../build/challenge_2025/challenge_2025.egg-info/top_level.txt
[2.459s] reading manifest file '../../../../build/challenge_2025/challenge_2025.egg-info/SOURCES.txt'
[2.460s] writing manifest file '../../../../build/challenge_2025/challenge_2025.egg-info/SOURCES.txt'
[2.461s] running build
[2.462s] running build_py
[2.463s] running install
[2.464s] running install_lib
[2.465s] running install_data
[2.465s] running install_egg_info
[2.470s] removing '/home/harry/simul/simulation/install/challenge_2025/lib/python3.10/site-packages/challenge_2025-0.0.0-py3.10.egg-info' (and everything under it)
[2.471s] Copying ../../../../build/challenge_2025/challenge_2025.egg-info to /home/harry/simul/simulation/install/challenge_2025/lib/python3.10/site-packages/challenge_2025-0.0.0-py3.10.egg-info
[2.471s] running install_scripts
[2.505s] Installing object_spawner_pallets script to /home/harry/simul/simulation/install/challenge_2025/lib/challenge_2025
[2.506s] Installing object_spawner_static script to /home/harry/simul/simulation/install/challenge_2025/lib/challenge_2025
[2.506s] Installing tag_spawner_random script to /home/harry/simul/simulation/install/challenge_2025/lib/challenge_2025
[2.510s] writing list of installed files to '/home/harry/simul/simulation/build/challenge_2025/install.log'
[2.582s] Invoked command in '/home/harry/simul/simulation/src/simulation/art_gallery/challenge_2025' returned '0': PYTHONPATH=/home/harry/simul/simulation/build/challenge_2025/prefix_override:/usr/lib/python3/dist-packages/colcon_core/task/python/colcon_distutils_commands:/home/harry/simul/simulation/install/challenge_2025/lib/python3.10/site-packages:${PYTHONPATH} /usr/bin/python3 -W ignore:setup.py install is deprecated -W ignore:easy_install command is deprecated setup.py egg_info --egg-base ../../../../build/challenge_2025 build --build-base /home/harry/simul/simulation/build/challenge_2025/build install --record /home/harry/simul/simulation/build/challenge_2025/install.log --single-version-externally-managed install_data
