[0.029s] Invoking command in '/home/harry/simul/simulation/build/turtlesim': CMAKE_PREFIX_PATH=${CMAKE_PREFIX_PATH}:/home/harry/robot/install/webcam_bringup:/home/harry/robot/install/teleop:/home/harry/robot/install/tag_detection:/home/harry/robot/install/robot_bringup:/home/harry/robot/install/pub_sub:/home/harry/robot/install/object_detection:/home/harry/robot/install/my_robot_navigation:/home/harry/robot/install/create3_teleop:/home/harry/robot/install/create3_examples_py:/opt/ros/humble /usr/bin/cmake --build /home/harry/simul/simulation/build/turtlesim -- -j4 -l4
[0.439s] [35m[1mConsolidate compiler generated dependencies of target turtlesim__rosidl_generator_c[0m
[0.478s] [  1%] Built target turtlesim__cpp
[0.528s] [ 11%] Built target turtlesim__rosidl_generator_c
[0.529s] [35m[1mConsolidate compiler generated dependencies of target turtlesim__rosidl_typesupport_cpp[0m
[0.529s] [ 11%] Built target ament_cmake_python_copy_turtlesim
[0.529s] [35m[1mConsolidate compiler generated dependencies of target turtlesim__rosidl_typesupport_fastrtps_cpp[0m
[0.529s] [35m[1mConsolidate compiler generated dependencies of target turtlesim__rosidl_typesupport_introspection_cpp[0m
[0.529s] [35m[1mConsolidate compiler generated dependencies of target turtlesim__rosidl_typesupport_fastrtps_c[0m
[0.529s] [ 21%] Built target turtlesim__rosidl_typesupport_cpp
[0.535s] [ 31%] Built target turtlesim__rosidl_typesupport_fastrtps_cpp
[0.535s] [ 41%] Built target turtlesim__rosidl_typesupport_introspection_cpp
[0.535s] [35m[1mConsolidate compiler generated dependencies of target turtlesim__rosidl_typesupport_introspection_c[0m
[0.535s] [ 51%] Built target turtlesim__rosidl_typesupport_fastrtps_c
[0.535s] [35m[1mConsolidate compiler generated dependencies of target turtlesim__rosidl_typesupport_c[0m
[0.536s] [ 61%] Built target turtlesim__rosidl_typesupport_introspection_c
[0.536s] [35m[1mConsolidate compiler generated dependencies of target turtlesim_node[0m
[0.536s] [ 71%] Built target turtlesim__rosidl_typesupport_c
[0.536s] [35m[1mConsolidate compiler generated dependencies of target turtle_teleop_key[0m
[0.536s] [ 73%] Built target turtle_teleop_key
[0.536s] [35m[1mConsolidate compiler generated dependencies of target draw_square[0m
[0.536s] [35m[1mConsolidate compiler generated dependencies of target mimic[0m
[0.537s] [ 79%] Built target turtlesim_node
[0.552s] [ 81%] Built target draw_square
[0.570s] [ 83%] Built target mimic
[0.622s] [ 83%] Built target turtlesim
[0.740s] [ 84%] Built target turtlesim__py
[0.796s] [35m[1mConsolidate compiler generated dependencies of target turtlesim__rosidl_generator_py[0m
[0.860s] [ 93%] Built target turtlesim__rosidl_generator_py
[0.895s] [35m[1mConsolidate compiler generated dependencies of target turtlesim__rosidl_typesupport_c__pyext[0m
[0.906s] [35m[1mConsolidate compiler generated dependencies of target turtlesim__rosidl_typesupport_fastrtps_c__pyext[0m
[0.922s] [35m[1mConsolidate compiler generated dependencies of target turtlesim__rosidl_typesupport_introspection_c__pyext[0m
[0.933s] [ 95%] Built target turtlesim__rosidl_typesupport_c__pyext
[0.948s] [ 97%] Built target turtlesim__rosidl_typesupport_fastrtps_c__pyext
[0.959s] [100%] Built target turtlesim__rosidl_typesupport_introspection_c__pyext
[1.014s] running egg_info
[1.015s] writing turtlesim.egg-info/PKG-INFO
[1.015s] writing dependency_links to turtlesim.egg-info/dependency_links.txt
[1.016s] writing top-level names to turtlesim.egg-info/top_level.txt
[1.020s] reading manifest file 'turtlesim.egg-info/SOURCES.txt'
[1.021s] writing manifest file 'turtlesim.egg-info/SOURCES.txt'
[1.073s] [100%] Built target ament_cmake_python_build_turtlesim_egg
[1.096s] Invoked command in '/home/harry/simul/simulation/build/turtlesim' returned '0': CMAKE_PREFIX_PATH=${CMAKE_PREFIX_PATH}:/home/harry/robot/install/webcam_bringup:/home/harry/robot/install/teleop:/home/harry/robot/install/tag_detection:/home/harry/robot/install/robot_bringup:/home/harry/robot/install/pub_sub:/home/harry/robot/install/object_detection:/home/harry/robot/install/my_robot_navigation:/home/harry/robot/install/create3_teleop:/home/harry/robot/install/create3_examples_py:/opt/ros/humble /usr/bin/cmake --build /home/harry/simul/simulation/build/turtlesim -- -j4 -l4
[1.097s] Invoking command in '/home/harry/simul/simulation/build/turtlesim': CMAKE_PREFIX_PATH=${CMAKE_PREFIX_PATH}:/home/harry/robot/install/webcam_bringup:/home/harry/robot/install/teleop:/home/harry/robot/install/tag_detection:/home/harry/robot/install/robot_bringup:/home/harry/robot/install/pub_sub:/home/harry/robot/install/object_detection:/home/harry/robot/install/my_robot_navigation:/home/harry/robot/install/create3_teleop:/home/harry/robot/install/create3_examples_py:/opt/ros/humble /usr/bin/cmake --install /home/harry/simul/simulation/build/turtlesim
[1.109s] -- Install configuration: ""
[1.109s] -- Up-to-date: /home/harry/simul/simulation/install/turtlesim/share/ament_index/resource_index/rosidl_interfaces/turtlesim
[1.109s] -- Up-to-date: /home/harry/simul/simulation/install/turtlesim/include/turtlesim/turtlesim
[1.109s] -- Up-to-date: /home/harry/simul/simulation/install/turtlesim/include/turtlesim/turtlesim/srv
[1.110s] -- Up-to-date: /home/harry/simul/simulation/install/turtlesim/include/turtlesim/turtlesim/srv/spawn.h
[1.110s] -- Up-to-date: /home/harry/simul/simulation/install/turtlesim/include/turtlesim/turtlesim/srv/teleport_relative.h
[1.110s] -- Up-to-date: /home/harry/simul/simulation/install/turtlesim/include/turtlesim/turtlesim/srv/kill.h
[1.110s] -- Up-to-date: /home/harry/simul/simulation/install/turtlesim/include/turtlesim/turtlesim/srv/set_pen.h
[1.110s] -- Up-to-date: /home/harry/simul/simulation/install/turtlesim/include/turtlesim/turtlesim/srv/teleport_absolute.h
[1.110s] -- Up-to-date: /home/harry/simul/simulation/install/turtlesim/include/turtlesim/turtlesim/srv/detail
[1.110s] -- Up-to-date: /home/harry/simul/simulation/install/turtlesim/include/turtlesim/turtlesim/srv/detail/teleport_relative__functions.c
[1.110s] -- Up-to-date: /home/harry/simul/simulation/install/turtlesim/include/turtlesim/turtlesim/srv/detail/spawn__functions.h
[1.111s] -- Up-to-date: /home/harry/simul/simulation/install/turtlesim/include/turtlesim/turtlesim/srv/detail/kill__type_support.h
[1.112s] -- Up-to-date: /home/harry/simul/simulation/install/turtlesim/include/turtlesim/turtlesim/srv/detail/set_pen__type_support.h
[1.112s] -- Up-to-date: /home/harry/simul/simulation/install/turtlesim/include/turtlesim/turtlesim/srv/detail/kill__struct.h
[1.112s] -- Up-to-date: /home/harry/simul/simulation/install/turtlesim/include/turtlesim/turtlesim/srv/detail/teleport_absolute__struct.h
[1.112s] -- Up-to-date: /home/harry/simul/simulation/install/turtlesim/include/turtlesim/turtlesim/srv/detail/teleport_relative__functions.h
[1.113s] -- Up-to-date: /home/harry/simul/simulation/install/turtlesim/include/turtlesim/turtlesim/srv/detail/kill__functions.h
[1.113s] -- Up-to-date: /home/harry/simul/simulation/install/turtlesim/include/turtlesim/turtlesim/srv/detail/set_pen__struct.h
[1.113s] -- Up-to-date: /home/harry/simul/simulation/install/turtlesim/include/turtlesim/turtlesim/srv/detail/set_pen__functions.h
[1.113s] -- Up-to-date: /home/harry/simul/simulation/install/turtlesim/include/turtlesim/turtlesim/srv/detail/teleport_relative__type_support.h
[1.113s] -- Up-to-date: /home/harry/simul/simulation/install/turtlesim/include/turtlesim/turtlesim/srv/detail/spawn__type_support.h
[1.113s] -- Up-to-date: /home/harry/simul/simulation/install/turtlesim/include/turtlesim/turtlesim/srv/detail/teleport_absolute__functions.h
[1.113s] -- Up-to-date: /home/harry/simul/simulation/install/turtlesim/include/turtlesim/turtlesim/srv/detail/kill__functions.c
[1.113s] -- Up-to-date: /home/harry/simul/simulation/install/turtlesim/include/turtlesim/turtlesim/srv/detail/teleport_absolute__type_support.h
[1.113s] -- Up-to-date: /home/harry/simul/simulation/install/turtlesim/include/turtlesim/turtlesim/srv/detail/spawn__struct.h
[1.114s] -- Up-to-date: /home/harry/simul/simulation/install/turtlesim/include/turtlesim/turtlesim/srv/detail/spawn__functions.c
[1.114s] -- Up-to-date: /home/harry/simul/simulation/install/turtlesim/include/turtlesim/turtlesim/srv/detail/set_pen__functions.c
[1.114s] -- Up-to-date: /home/harry/simul/simulation/install/turtlesim/include/turtlesim/turtlesim/srv/detail/teleport_relative__struct.h
[1.114s] -- Up-to-date: /home/harry/simul/simulation/install/turtlesim/include/turtlesim/turtlesim/srv/detail/teleport_absolute__functions.c
[1.114s] -- Up-to-date: /home/harry/simul/simulation/install/turtlesim/include/turtlesim/turtlesim/msg
[1.114s] -- Up-to-date: /home/harry/simul/simulation/install/turtlesim/include/turtlesim/turtlesim/msg/pose.h
[1.114s] -- Up-to-date: /home/harry/simul/simulation/install/turtlesim/include/turtlesim/turtlesim/msg/rosidl_generator_c__visibility_control.h
[1.114s] -- Up-to-date: /home/harry/simul/simulation/install/turtlesim/include/turtlesim/turtlesim/msg/color.h
[1.114s] -- Up-to-date: /home/harry/simul/simulation/install/turtlesim/include/turtlesim/turtlesim/msg/detail
[1.115s] -- Up-to-date: /home/harry/simul/simulation/install/turtlesim/include/turtlesim/turtlesim/msg/detail/pose__type_support.h
[1.115s] -- Up-to-date: /home/harry/simul/simulation/install/turtlesim/include/turtlesim/turtlesim/msg/detail/color__struct.h
[1.115s] -- Up-to-date: /home/harry/simul/simulation/install/turtlesim/include/turtlesim/turtlesim/msg/detail/pose__functions.h
[1.115s] -- Up-to-date: /home/harry/simul/simulation/install/turtlesim/include/turtlesim/turtlesim/msg/detail/color__type_support.h
[1.115s] -- Up-to-date: /home/harry/simul/simulation/install/turtlesim/include/turtlesim/turtlesim/msg/detail/pose__functions.c
[1.115s] -- Up-to-date: /home/harry/simul/simulation/install/turtlesim/include/turtlesim/turtlesim/msg/detail/color__functions.h
[1.115s] -- Up-to-date: /home/harry/simul/simulation/install/turtlesim/include/turtlesim/turtlesim/msg/detail/color__functions.c
[1.116s] -- Up-to-date: /home/harry/simul/simulation/install/turtlesim/include/turtlesim/turtlesim/msg/detail/pose__struct.h
[1.116s] -- Up-to-date: /home/harry/simul/simulation/install/turtlesim/include/turtlesim/turtlesim/action
[1.116s] -- Up-to-date: /home/harry/simul/simulation/install/turtlesim/include/turtlesim/turtlesim/action/rotate_absolute.h
[1.116s] -- Up-to-date: /home/harry/simul/simulation/install/turtlesim/include/turtlesim/turtlesim/action/detail
[1.116s] -- Up-to-date: /home/harry/simul/simulation/install/turtlesim/include/turtlesim/turtlesim/action/detail/rotate_absolute__functions.h
[1.116s] -- Up-to-date: /home/harry/simul/simulation/install/turtlesim/include/turtlesim/turtlesim/action/detail/rotate_absolute__functions.c
[1.116s] -- Up-to-date: /home/harry/simul/simulation/install/turtlesim/include/turtlesim/turtlesim/action/detail/rotate_absolute__struct.h
[1.116s] -- Up-to-date: /home/harry/simul/simulation/install/turtlesim/include/turtlesim/turtlesim/action/detail/rotate_absolute__type_support.h
[1.116s] -- Up-to-date: /home/harry/simul/simulation/install/turtlesim/share/turtlesim/environment/library_path.sh
[1.116s] -- Up-to-date: /home/harry/simul/simulation/install/turtlesim/share/turtlesim/environment/library_path.dsv
[1.116s] -- Up-to-date: /home/harry/simul/simulation/install/turtlesim/lib/libturtlesim__rosidl_generator_c.so
[1.117s] -- Up-to-date: /home/harry/simul/simulation/install/turtlesim/include/turtlesim/turtlesim
[1.117s] -- Up-to-date: /home/harry/simul/simulation/install/turtlesim/include/turtlesim/turtlesim/srv
[1.117s] -- Up-to-date: /home/harry/simul/simulation/install/turtlesim/include/turtlesim/turtlesim/srv/detail
[1.117s] -- Up-to-date: /home/harry/simul/simulation/install/turtlesim/include/turtlesim/turtlesim/srv/detail/teleport_relative__rosidl_typesupport_fastrtps_c.h
[1.117s] -- Up-to-date: /home/harry/simul/simulation/install/turtlesim/include/turtlesim/turtlesim/srv/detail/teleport_absolute__rosidl_typesupport_fastrtps_c.h
[1.118s] -- Up-to-date: /home/harry/simul/simulation/install/turtlesim/include/turtlesim/turtlesim/srv/detail/spawn__rosidl_typesupport_fastrtps_c.h
[1.118s] -- Up-to-date: /home/harry/simul/simulation/install/turtlesim/include/turtlesim/turtlesim/srv/detail/kill__rosidl_typesupport_fastrtps_c.h
[1.118s] -- Up-to-date: /home/harry/simul/simulation/install/turtlesim/include/turtlesim/turtlesim/srv/detail/set_pen__rosidl_typesupport_fastrtps_c.h
[1.118s] -- Up-to-date: /home/harry/simul/simulation/install/turtlesim/include/turtlesim/turtlesim/msg
[1.118s] -- Up-to-date: /home/harry/simul/simulation/install/turtlesim/include/turtlesim/turtlesim/msg/rosidl_typesupport_fastrtps_c__visibility_control.h
[1.118s] -- Up-to-date: /home/harry/simul/simulation/install/turtlesim/include/turtlesim/turtlesim/msg/detail
[1.118s] -- Up-to-date: /home/harry/simul/simulation/install/turtlesim/include/turtlesim/turtlesim/msg/detail/color__rosidl_typesupport_fastrtps_c.h
[1.118s] -- Up-to-date: /home/harry/simul/simulation/install/turtlesim/include/turtlesim/turtlesim/msg/detail/pose__rosidl_typesupport_fastrtps_c.h
[1.118s] -- Up-to-date: /home/harry/simul/simulation/install/turtlesim/include/turtlesim/turtlesim/action
[1.119s] -- Up-to-date: /home/harry/simul/simulation/install/turtlesim/include/turtlesim/turtlesim/action/detail
[1.119s] -- Up-to-date: /home/harry/simul/simulation/install/turtlesim/include/turtlesim/turtlesim/action/detail/rotate_absolute__rosidl_typesupport_fastrtps_c.h
[1.119s] -- Up-to-date: /home/harry/simul/simulation/install/turtlesim/lib/libturtlesim__rosidl_typesupport_fastrtps_c.so
[1.119s] -- Up-to-date: /home/harry/simul/simulation/install/turtlesim/include/turtlesim/turtlesim
[1.119s] -- Up-to-date: /home/harry/simul/simulation/install/turtlesim/include/turtlesim/turtlesim/srv
[1.119s] -- Up-to-date: /home/harry/simul/simulation/install/turtlesim/include/turtlesim/turtlesim/srv/spawn.hpp
[1.119s] -- Up-to-date: /home/harry/simul/simulation/install/turtlesim/include/turtlesim/turtlesim/srv/teleport_absolute.hpp
[1.119s] -- Up-to-date: /home/harry/simul/simulation/install/turtlesim/include/turtlesim/turtlesim/srv/set_pen.hpp
[1.120s] -- Up-to-date: /home/harry/simul/simulation/install/turtlesim/include/turtlesim/turtlesim/srv/detail
[1.120s] -- Up-to-date: /home/harry/simul/simulation/install/turtlesim/include/turtlesim/turtlesim/srv/detail/spawn__struct.hpp
[1.120s] -- Up-to-date: /home/harry/simul/simulation/install/turtlesim/include/turtlesim/turtlesim/srv/detail/teleport_absolute__builder.hpp
[1.120s] -- Up-to-date: /home/harry/simul/simulation/install/turtlesim/include/turtlesim/turtlesim/srv/detail/set_pen__type_support.hpp
[1.120s] -- Up-to-date: /home/harry/simul/simulation/install/turtlesim/include/turtlesim/turtlesim/srv/detail/set_pen__traits.hpp
[1.120s] -- Up-to-date: /home/harry/simul/simulation/install/turtlesim/include/turtlesim/turtlesim/srv/detail/kill__traits.hpp
[1.120s] -- Up-to-date: /home/harry/simul/simulation/install/turtlesim/include/turtlesim/turtlesim/srv/detail/teleport_absolute__type_support.hpp
[1.121s] -- Up-to-date: /home/harry/simul/simulation/install/turtlesim/include/turtlesim/turtlesim/srv/detail/teleport_absolute__struct.hpp
[1.121s] -- Up-to-date: /home/harry/simul/simulation/install/turtlesim/include/turtlesim/turtlesim/srv/detail/kill__builder.hpp
[1.121s] -- Up-to-date: /home/harry/simul/simulation/install/turtlesim/include/turtlesim/turtlesim/srv/detail/teleport_relative__traits.hpp
[1.121s] -- Up-to-date: /home/harry/simul/simulation/install/turtlesim/include/turtlesim/turtlesim/srv/detail/teleport_absolute__traits.hpp
[1.121s] -- Up-to-date: /home/harry/simul/simulation/install/turtlesim/include/turtlesim/turtlesim/srv/detail/spawn__traits.hpp
[1.121s] -- Up-to-date: /home/harry/simul/simulation/install/turtlesim/include/turtlesim/turtlesim/srv/detail/teleport_relative__struct.hpp
[1.121s] -- Up-to-date: /home/harry/simul/simulation/install/turtlesim/include/turtlesim/turtlesim/srv/detail/kill__type_support.hpp
[1.121s] -- Up-to-date: /home/harry/simul/simulation/install/turtlesim/include/turtlesim/turtlesim/srv/detail/spawn__builder.hpp
[1.121s] -- Up-to-date: /home/harry/simul/simulation/install/turtlesim/include/turtlesim/turtlesim/srv/detail/set_pen__struct.hpp
[1.122s] -- Up-to-date: /home/harry/simul/simulation/install/turtlesim/include/turtlesim/turtlesim/srv/detail/kill__struct.hpp
[1.122s] -- Up-to-date: /home/harry/simul/simulation/install/turtlesim/include/turtlesim/turtlesim/srv/detail/teleport_relative__type_support.hpp
[1.122s] -- Up-to-date: /home/harry/simul/simulation/install/turtlesim/include/turtlesim/turtlesim/srv/detail/teleport_relative__builder.hpp
[1.122s] -- Up-to-date: /home/harry/simul/simulation/install/turtlesim/include/turtlesim/turtlesim/srv/detail/spawn__type_support.hpp
[1.122s] -- Up-to-date: /home/harry/simul/simulation/install/turtlesim/include/turtlesim/turtlesim/srv/detail/set_pen__builder.hpp
[1.122s] -- Up-to-date: /home/harry/simul/simulation/install/turtlesim/include/turtlesim/turtlesim/srv/kill.hpp
[1.123s] -- Up-to-date: /home/harry/simul/simulation/install/turtlesim/include/turtlesim/turtlesim/srv/teleport_relative.hpp
[1.123s] -- Up-to-date: /home/harry/simul/simulation/install/turtlesim/include/turtlesim/turtlesim/msg
[1.123s] -- Up-to-date: /home/harry/simul/simulation/install/turtlesim/include/turtlesim/turtlesim/msg/rosidl_generator_cpp__visibility_control.hpp
[1.123s] -- Up-to-date: /home/harry/simul/simulation/install/turtlesim/include/turtlesim/turtlesim/msg/color.hpp
[1.123s] -- Up-to-date: /home/harry/simul/simulation/install/turtlesim/include/turtlesim/turtlesim/msg/pose.hpp
[1.123s] -- Up-to-date: /home/harry/simul/simulation/install/turtlesim/include/turtlesim/turtlesim/msg/detail
[1.123s] -- Up-to-date: /home/harry/simul/simulation/install/turtlesim/include/turtlesim/turtlesim/msg/detail/pose__struct.hpp
[1.123s] -- Up-to-date: /home/harry/simul/simulation/install/turtlesim/include/turtlesim/turtlesim/msg/detail/pose__traits.hpp
[1.123s] -- Up-to-date: /home/harry/simul/simulation/install/turtlesim/include/turtlesim/turtlesim/msg/detail/color__struct.hpp
[1.123s] -- Up-to-date: /home/harry/simul/simulation/install/turtlesim/include/turtlesim/turtlesim/msg/detail/color__type_support.hpp
[1.124s] -- Up-to-date: /home/harry/simul/simulation/install/turtlesim/include/turtlesim/turtlesim/msg/detail/color__builder.hpp
[1.124s] -- Up-to-date: /home/harry/simul/simulation/install/turtlesim/include/turtlesim/turtlesim/msg/detail/pose__type_support.hpp
[1.124s] -- Up-to-date: /home/harry/simul/simulation/install/turtlesim/include/turtlesim/turtlesim/msg/detail/color__traits.hpp
[1.124s] -- Up-to-date: /home/harry/simul/simulation/install/turtlesim/include/turtlesim/turtlesim/msg/detail/pose__builder.hpp
[1.124s] -- Up-to-date: /home/harry/simul/simulation/install/turtlesim/include/turtlesim/turtlesim/action
[1.125s] -- Up-to-date: /home/harry/simul/simulation/install/turtlesim/include/turtlesim/turtlesim/action/rotate_absolute.hpp
[1.125s] -- Up-to-date: /home/harry/simul/simulation/install/turtlesim/include/turtlesim/turtlesim/action/detail
[1.125s] -- Up-to-date: /home/harry/simul/simulation/install/turtlesim/include/turtlesim/turtlesim/action/detail/rotate_absolute__struct.hpp
[1.125s] -- Up-to-date: /home/harry/simul/simulation/install/turtlesim/include/turtlesim/turtlesim/action/detail/rotate_absolute__traits.hpp
[1.125s] -- Up-to-date: /home/harry/simul/simulation/install/turtlesim/include/turtlesim/turtlesim/action/detail/rotate_absolute__builder.hpp
[1.125s] -- Up-to-date: /home/harry/simul/simulation/install/turtlesim/include/turtlesim/turtlesim/action/detail/rotate_absolute__type_support.hpp
[1.125s] -- Up-to-date: /home/harry/simul/simulation/install/turtlesim/include/turtlesim/turtlesim
[1.125s] -- Up-to-date: /home/harry/simul/simulation/install/turtlesim/include/turtlesim/turtlesim/srv
[1.125s] -- Up-to-date: /home/harry/simul/simulation/install/turtlesim/include/turtlesim/turtlesim/srv/detail
[1.126s] -- Up-to-date: /home/harry/simul/simulation/install/turtlesim/include/turtlesim/turtlesim/srv/detail/spawn__rosidl_typesupport_fastrtps_cpp.hpp
[1.126s] -- Up-to-date: /home/harry/simul/simulation/install/turtlesim/include/turtlesim/turtlesim/srv/detail/dds_fastrtps
[1.126s] -- Up-to-date: /home/harry/simul/simulation/install/turtlesim/include/turtlesim/turtlesim/srv/detail/teleport_absolute__rosidl_typesupport_fastrtps_cpp.hpp
[1.126s] -- Up-to-date: /home/harry/simul/simulation/install/turtlesim/include/turtlesim/turtlesim/srv/detail/kill__rosidl_typesupport_fastrtps_cpp.hpp
[1.126s] -- Up-to-date: /home/harry/simul/simulation/install/turtlesim/include/turtlesim/turtlesim/srv/detail/teleport_relative__rosidl_typesupport_fastrtps_cpp.hpp
[1.126s] -- Up-to-date: /home/harry/simul/simulation/install/turtlesim/include/turtlesim/turtlesim/srv/detail/set_pen__rosidl_typesupport_fastrtps_cpp.hpp
[1.126s] -- Up-to-date: /home/harry/simul/simulation/install/turtlesim/include/turtlesim/turtlesim/msg
[1.126s] -- Up-to-date: /home/harry/simul/simulation/install/turtlesim/include/turtlesim/turtlesim/msg/rosidl_typesupport_fastrtps_cpp__visibility_control.h
[1.127s] -- Up-to-date: /home/harry/simul/simulation/install/turtlesim/include/turtlesim/turtlesim/msg/detail
[1.127s] -- Up-to-date: /home/harry/simul/simulation/install/turtlesim/include/turtlesim/turtlesim/msg/detail/dds_fastrtps
[1.127s] -- Up-to-date: /home/harry/simul/simulation/install/turtlesim/include/turtlesim/turtlesim/msg/detail/pose__rosidl_typesupport_fastrtps_cpp.hpp
[1.127s] -- Up-to-date: /home/harry/simul/simulation/install/turtlesim/include/turtlesim/turtlesim/msg/detail/color__rosidl_typesupport_fastrtps_cpp.hpp
[1.127s] -- Up-to-date: /home/harry/simul/simulation/install/turtlesim/include/turtlesim/turtlesim/action
[1.127s] -- Up-to-date: /home/harry/simul/simulation/install/turtlesim/include/turtlesim/turtlesim/action/detail
[1.127s] -- Up-to-date: /home/harry/simul/simulation/install/turtlesim/include/turtlesim/turtlesim/action/detail/dds_fastrtps
[1.127s] -- Up-to-date: /home/harry/simul/simulation/install/turtlesim/include/turtlesim/turtlesim/action/detail/rotate_absolute__rosidl_typesupport_fastrtps_cpp.hpp
[1.127s] -- Up-to-date: /home/harry/simul/simulation/install/turtlesim/lib/libturtlesim__rosidl_typesupport_fastrtps_cpp.so
[1.127s] -- Up-to-date: /home/harry/simul/simulation/install/turtlesim/include/turtlesim/turtlesim
[1.127s] -- Up-to-date: /home/harry/simul/simulation/install/turtlesim/include/turtlesim/turtlesim/srv
[1.127s] -- Up-to-date: /home/harry/simul/simulation/install/turtlesim/include/turtlesim/turtlesim/srv/detail
[1.128s] -- Up-to-date: /home/harry/simul/simulation/install/turtlesim/include/turtlesim/turtlesim/srv/detail/teleport_relative__rosidl_typesupport_introspection_c.h
[1.128s] -- Up-to-date: /home/harry/simul/simulation/install/turtlesim/include/turtlesim/turtlesim/srv/detail/kill__type_support.c
[1.128s] -- Up-to-date: /home/harry/simul/simulation/install/turtlesim/include/turtlesim/turtlesim/srv/detail/teleport_absolute__rosidl_typesupport_introspection_c.h
[1.128s] -- Up-to-date: /home/harry/simul/simulation/install/turtlesim/include/turtlesim/turtlesim/srv/detail/spawn__type_support.c
[1.128s] -- Up-to-date: /home/harry/simul/simulation/install/turtlesim/include/turtlesim/turtlesim/srv/detail/teleport_absolute__type_support.c
[1.128s] -- Up-to-date: /home/harry/simul/simulation/install/turtlesim/include/turtlesim/turtlesim/srv/detail/spawn__rosidl_typesupport_introspection_c.h
[1.128s] -- Up-to-date: /home/harry/simul/simulation/install/turtlesim/include/turtlesim/turtlesim/srv/detail/set_pen__type_support.c
[1.128s] -- Up-to-date: /home/harry/simul/simulation/install/turtlesim/include/turtlesim/turtlesim/srv/detail/kill__rosidl_typesupport_introspection_c.h
[1.128s] -- Up-to-date: /home/harry/simul/simulation/install/turtlesim/include/turtlesim/turtlesim/srv/detail/set_pen__rosidl_typesupport_introspection_c.h
[1.128s] -- Up-to-date: /home/harry/simul/simulation/install/turtlesim/include/turtlesim/turtlesim/srv/detail/teleport_relative__type_support.c
[1.128s] -- Up-to-date: /home/harry/simul/simulation/install/turtlesim/include/turtlesim/turtlesim/msg
[1.128s] -- Up-to-date: /home/harry/simul/simulation/install/turtlesim/include/turtlesim/turtlesim/msg/rosidl_typesupport_introspection_c__visibility_control.h
[1.129s] -- Up-to-date: /home/harry/simul/simulation/install/turtlesim/include/turtlesim/turtlesim/msg/detail
[1.129s] -- Up-to-date: /home/harry/simul/simulation/install/turtlesim/include/turtlesim/turtlesim/msg/detail/pose__rosidl_typesupport_introspection_c.h
[1.129s] -- Up-to-date: /home/harry/simul/simulation/install/turtlesim/include/turtlesim/turtlesim/msg/detail/pose__type_support.c
[1.129s] -- Up-to-date: /home/harry/simul/simulation/install/turtlesim/include/turtlesim/turtlesim/msg/detail/color__type_support.c
[1.129s] -- Up-to-date: /home/harry/simul/simulation/install/turtlesim/include/turtlesim/turtlesim/msg/detail/color__rosidl_typesupport_introspection_c.h
[1.129s] -- Up-to-date: /home/harry/simul/simulation/install/turtlesim/include/turtlesim/turtlesim/action
[1.129s] -- Up-to-date: /home/harry/simul/simulation/install/turtlesim/include/turtlesim/turtlesim/action/detail
[1.130s] -- Up-to-date: /home/harry/simul/simulation/install/turtlesim/include/turtlesim/turtlesim/action/detail/rotate_absolute__type_support.c
[1.130s] -- Up-to-date: /home/harry/simul/simulation/install/turtlesim/include/turtlesim/turtlesim/action/detail/rotate_absolute__rosidl_typesupport_introspection_c.h
[1.130s] -- Up-to-date: /home/harry/simul/simulation/install/turtlesim/lib/libturtlesim__rosidl_typesupport_introspection_c.so
[1.130s] -- Up-to-date: /home/harry/simul/simulation/install/turtlesim/lib/libturtlesim__rosidl_typesupport_c.so
[1.130s] -- Up-to-date: /home/harry/simul/simulation/install/turtlesim/include/turtlesim/turtlesim
[1.130s] -- Up-to-date: /home/harry/simul/simulation/install/turtlesim/include/turtlesim/turtlesim/srv
[1.130s] -- Up-to-date: /home/harry/simul/simulation/install/turtlesim/include/turtlesim/turtlesim/srv/detail
[1.130s] -- Up-to-date: /home/harry/simul/simulation/install/turtlesim/include/turtlesim/turtlesim/srv/detail/kill__rosidl_typesupport_introspection_cpp.hpp
[1.131s] -- Up-to-date: /home/harry/simul/simulation/install/turtlesim/include/turtlesim/turtlesim/srv/detail/set_pen__type_support.cpp
[1.131s] -- Up-to-date: /home/harry/simul/simulation/install/turtlesim/include/turtlesim/turtlesim/srv/detail/spawn__type_support.cpp
[1.131s] -- Up-to-date: /home/harry/simul/simulation/install/turtlesim/include/turtlesim/turtlesim/srv/detail/teleport_absolute__type_support.cpp
[1.131s] -- Up-to-date: /home/harry/simul/simulation/install/turtlesim/include/turtlesim/turtlesim/srv/detail/teleport_absolute__rosidl_typesupport_introspection_cpp.hpp
[1.131s] -- Up-to-date: /home/harry/simul/simulation/install/turtlesim/include/turtlesim/turtlesim/srv/detail/set_pen__rosidl_typesupport_introspection_cpp.hpp
[1.132s] -- Up-to-date: /home/harry/simul/simulation/install/turtlesim/include/turtlesim/turtlesim/srv/detail/kill__type_support.cpp
[1.132s] -- Up-to-date: /home/harry/simul/simulation/install/turtlesim/include/turtlesim/turtlesim/srv/detail/teleport_relative__rosidl_typesupport_introspection_cpp.hpp
[1.132s] -- Up-to-date: /home/harry/simul/simulation/install/turtlesim/include/turtlesim/turtlesim/srv/detail/spawn__rosidl_typesupport_introspection_cpp.hpp
[1.132s] -- Up-to-date: /home/harry/simul/simulation/install/turtlesim/include/turtlesim/turtlesim/srv/detail/teleport_relative__type_support.cpp
[1.132s] -- Up-to-date: /home/harry/simul/simulation/install/turtlesim/include/turtlesim/turtlesim/msg
[1.132s] -- Up-to-date: /home/harry/simul/simulation/install/turtlesim/include/turtlesim/turtlesim/msg/detail
[1.132s] -- Up-to-date: /home/harry/simul/simulation/install/turtlesim/include/turtlesim/turtlesim/msg/detail/pose__type_support.cpp
[1.132s] -- Up-to-date: /home/harry/simul/simulation/install/turtlesim/include/turtlesim/turtlesim/msg/detail/color__rosidl_typesupport_introspection_cpp.hpp
[1.132s] -- Up-to-date: /home/harry/simul/simulation/install/turtlesim/include/turtlesim/turtlesim/msg/detail/pose__rosidl_typesupport_introspection_cpp.hpp
[1.133s] -- Up-to-date: /home/harry/simul/simulation/install/turtlesim/include/turtlesim/turtlesim/msg/detail/color__type_support.cpp
[1.133s] -- Up-to-date: /home/harry/simul/simulation/install/turtlesim/include/turtlesim/turtlesim/action
[1.133s] -- Up-to-date: /home/harry/simul/simulation/install/turtlesim/include/turtlesim/turtlesim/action/detail
[1.133s] -- Up-to-date: /home/harry/simul/simulation/install/turtlesim/include/turtlesim/turtlesim/action/detail/rotate_absolute__type_support.cpp
[1.133s] -- Up-to-date: /home/harry/simul/simulation/install/turtlesim/include/turtlesim/turtlesim/action/detail/rotate_absolute__rosidl_typesupport_introspection_cpp.hpp
[1.133s] -- Up-to-date: /home/harry/simul/simulation/install/turtlesim/lib/libturtlesim__rosidl_typesupport_introspection_cpp.so
[1.133s] -- Up-to-date: /home/harry/simul/simulation/install/turtlesim/lib/libturtlesim__rosidl_typesupport_cpp.so
[1.134s] -- Up-to-date: /home/harry/simul/simulation/install/turtlesim/share/turtlesim/environment/pythonpath.sh
[1.134s] -- Up-to-date: /home/harry/simul/simulation/install/turtlesim/share/turtlesim/environment/pythonpath.dsv
[1.134s] -- Up-to-date: /home/harry/simul/simulation/install/turtlesim/local/lib/python3.10/dist-packages/turtlesim-1.4.3-py3.10.egg-info
[1.135s] -- Installing: /home/harry/simul/simulation/install/turtlesim/local/lib/python3.10/dist-packages/turtlesim-1.4.3-py3.10.egg-info/dependency_links.txt
[1.135s] -- Installing: /home/harry/simul/simulation/install/turtlesim/local/lib/python3.10/dist-packages/turtlesim-1.4.3-py3.10.egg-info/PKG-INFO
[1.136s] -- Installing: /home/harry/simul/simulation/install/turtlesim/local/lib/python3.10/dist-packages/turtlesim-1.4.3-py3.10.egg-info/top_level.txt
[1.136s] -- Installing: /home/harry/simul/simulation/install/turtlesim/local/lib/python3.10/dist-packages/turtlesim-1.4.3-py3.10.egg-info/SOURCES.txt
[1.136s] -- Up-to-date: /home/harry/simul/simulation/install/turtlesim/local/lib/python3.10/dist-packages/turtlesim
[1.136s] -- Up-to-date: /home/harry/simul/simulation/install/turtlesim/local/lib/python3.10/dist-packages/turtlesim/turtlesim_s__rosidl_typesupport_fastrtps_c.cpython-310-x86_64-linux-gnu.so
[1.137s] -- Up-to-date: /home/harry/simul/simulation/install/turtlesim/local/lib/python3.10/dist-packages/turtlesim/_turtlesim_s.ep.rosidl_typesupport_fastrtps_c.c
[1.137s] -- Up-to-date: /home/harry/simul/simulation/install/turtlesim/local/lib/python3.10/dist-packages/turtlesim/srv
[1.137s] -- Up-to-date: /home/harry/simul/simulation/install/turtlesim/local/lib/python3.10/dist-packages/turtlesim/srv/_teleport_absolute.py
[1.138s] -- Up-to-date: /home/harry/simul/simulation/install/turtlesim/local/lib/python3.10/dist-packages/turtlesim/srv/_teleport_absolute_s.c
[1.138s] -- Up-to-date: /home/harry/simul/simulation/install/turtlesim/local/lib/python3.10/dist-packages/turtlesim/srv/_set_pen_s.c
[1.138s] -- Up-to-date: /home/harry/simul/simulation/install/turtlesim/local/lib/python3.10/dist-packages/turtlesim/srv/_spawn.py
[1.138s] -- Up-to-date: /home/harry/simul/simulation/install/turtlesim/local/lib/python3.10/dist-packages/turtlesim/srv/__init__.py
[1.139s] -- Up-to-date: /home/harry/simul/simulation/install/turtlesim/local/lib/python3.10/dist-packages/turtlesim/srv/_kill.py
[1.139s] -- Up-to-date: /home/harry/simul/simulation/install/turtlesim/local/lib/python3.10/dist-packages/turtlesim/srv/_spawn_s.c
[1.139s] -- Up-to-date: /home/harry/simul/simulation/install/turtlesim/local/lib/python3.10/dist-packages/turtlesim/srv/_set_pen.py
[1.139s] -- Up-to-date: /home/harry/simul/simulation/install/turtlesim/local/lib/python3.10/dist-packages/turtlesim/srv/_teleport_relative.py
[1.139s] -- Up-to-date: /home/harry/simul/simulation/install/turtlesim/local/lib/python3.10/dist-packages/turtlesim/srv/_teleport_relative_s.c
[1.139s] -- Up-to-date: /home/harry/simul/simulation/install/turtlesim/local/lib/python3.10/dist-packages/turtlesim/srv/_kill_s.c
[1.139s] -- Up-to-date: /home/harry/simul/simulation/install/turtlesim/local/lib/python3.10/dist-packages/turtlesim/__init__.py
[1.139s] -- Up-to-date: /home/harry/simul/simulation/install/turtlesim/local/lib/python3.10/dist-packages/turtlesim/msg
[1.139s] -- Up-to-date: /home/harry/simul/simulation/install/turtlesim/local/lib/python3.10/dist-packages/turtlesim/msg/_color_s.c
[1.139s] -- Up-to-date: /home/harry/simul/simulation/install/turtlesim/local/lib/python3.10/dist-packages/turtlesim/msg/_pose.py
[1.139s] -- Up-to-date: /home/harry/simul/simulation/install/turtlesim/local/lib/python3.10/dist-packages/turtlesim/msg/__init__.py
[1.140s] -- Up-to-date: /home/harry/simul/simulation/install/turtlesim/local/lib/python3.10/dist-packages/turtlesim/msg/_color.py
[1.140s] -- Up-to-date: /home/harry/simul/simulation/install/turtlesim/local/lib/python3.10/dist-packages/turtlesim/msg/_pose_s.c
[1.140s] -- Up-to-date: /home/harry/simul/simulation/install/turtlesim/local/lib/python3.10/dist-packages/turtlesim/_turtlesim_s.ep.rosidl_typesupport_introspection_c.c
[1.140s] -- Up-to-date: /home/harry/simul/simulation/install/turtlesim/local/lib/python3.10/dist-packages/turtlesim/_turtlesim_s.ep.rosidl_typesupport_c.c
[1.140s] -- Up-to-date: /home/harry/simul/simulation/install/turtlesim/local/lib/python3.10/dist-packages/turtlesim/turtlesim_s__rosidl_typesupport_c.cpython-310-x86_64-linux-gnu.so
[1.140s] -- Up-to-date: /home/harry/simul/simulation/install/turtlesim/local/lib/python3.10/dist-packages/turtlesim/action
[1.140s] -- Up-to-date: /home/harry/simul/simulation/install/turtlesim/local/lib/python3.10/dist-packages/turtlesim/action/__init__.py
[1.140s] -- Up-to-date: /home/harry/simul/simulation/install/turtlesim/local/lib/python3.10/dist-packages/turtlesim/action/_rotate_absolute_s.c
[1.140s] -- Up-to-date: /home/harry/simul/simulation/install/turtlesim/local/lib/python3.10/dist-packages/turtlesim/action/_rotate_absolute.py
[1.140s] -- Up-to-date: /home/harry/simul/simulation/install/turtlesim/local/lib/python3.10/dist-packages/turtlesim/libturtlesim__rosidl_generator_py.so
[1.140s] -- Up-to-date: /home/harry/simul/simulation/install/turtlesim/local/lib/python3.10/dist-packages/turtlesim/turtlesim_s__rosidl_typesupport_introspection_c.cpython-310-x86_64-linux-gnu.so
[1.197s] Listing '/home/harry/simul/simulation/install/turtlesim/local/lib/python3.10/dist-packages/turtlesim'...
[1.198s] Listing '/home/harry/simul/simulation/install/turtlesim/local/lib/python3.10/dist-packages/turtlesim/action'...
[1.198s] Listing '/home/harry/simul/simulation/install/turtlesim/local/lib/python3.10/dist-packages/turtlesim/msg'...
[1.198s] Listing '/home/harry/simul/simulation/install/turtlesim/local/lib/python3.10/dist-packages/turtlesim/srv'...
[1.203s] -- Up-to-date: /home/harry/simul/simulation/install/turtlesim/local/lib/python3.10/dist-packages/turtlesim/turtlesim_s__rosidl_typesupport_fastrtps_c.cpython-310-x86_64-linux-gnu.so
[1.204s] -- Up-to-date: /home/harry/simul/simulation/install/turtlesim/local/lib/python3.10/dist-packages/turtlesim/turtlesim_s__rosidl_typesupport_introspection_c.cpython-310-x86_64-linux-gnu.so
[1.205s] -- Up-to-date: /home/harry/simul/simulation/install/turtlesim/local/lib/python3.10/dist-packages/turtlesim/turtlesim_s__rosidl_typesupport_c.cpython-310-x86_64-linux-gnu.so
[1.205s] -- Up-to-date: /home/harry/simul/simulation/install/turtlesim/lib/libturtlesim__rosidl_generator_py.so
[1.206s] -- Up-to-date: /home/harry/simul/simulation/install/turtlesim/share/turtlesim/action/RotateAbsolute.idl
[1.206s] -- Up-to-date: /home/harry/simul/simulation/install/turtlesim/share/turtlesim/msg/Color.idl
[1.206s] -- Up-to-date: /home/harry/simul/simulation/install/turtlesim/share/turtlesim/msg/Pose.idl
[1.206s] -- Up-to-date: /home/harry/simul/simulation/install/turtlesim/share/turtlesim/srv/Kill.idl
[1.206s] -- Up-to-date: /home/harry/simul/simulation/install/turtlesim/share/turtlesim/srv/SetPen.idl
[1.207s] -- Up-to-date: /home/harry/simul/simulation/install/turtlesim/share/turtlesim/srv/Spawn.idl
[1.207s] -- Up-to-date: /home/harry/simul/simulation/install/turtlesim/share/turtlesim/srv/TeleportAbsolute.idl
[1.207s] -- Up-to-date: /home/harry/simul/simulation/install/turtlesim/share/turtlesim/srv/TeleportRelative.idl
[1.208s] -- Up-to-date: /home/harry/simul/simulation/install/turtlesim/share/turtlesim/action/RotateAbsolute.action
[1.208s] -- Up-to-date: /home/harry/simul/simulation/install/turtlesim/share/turtlesim/msg/Color.msg
[1.208s] -- Up-to-date: /home/harry/simul/simulation/install/turtlesim/share/turtlesim/msg/Pose.msg
[1.208s] -- Up-to-date: /home/harry/simul/simulation/install/turtlesim/share/turtlesim/srv/Kill.srv
[1.208s] -- Up-to-date: /home/harry/simul/simulation/install/turtlesim/share/turtlesim/srv/Kill_Request.msg
[1.209s] -- Up-to-date: /home/harry/simul/simulation/install/turtlesim/share/turtlesim/srv/Kill_Response.msg
[1.209s] -- Up-to-date: /home/harry/simul/simulation/install/turtlesim/share/turtlesim/srv/SetPen.srv
[1.209s] -- Up-to-date: /home/harry/simul/simulation/install/turtlesim/share/turtlesim/srv/SetPen_Request.msg
[1.209s] -- Up-to-date: /home/harry/simul/simulation/install/turtlesim/share/turtlesim/srv/SetPen_Response.msg
[1.209s] -- Up-to-date: /home/harry/simul/simulation/install/turtlesim/share/turtlesim/srv/Spawn.srv
[1.209s] -- Up-to-date: /home/harry/simul/simulation/install/turtlesim/share/turtlesim/srv/Spawn_Request.msg
[1.209s] -- Up-to-date: /home/harry/simul/simulation/install/turtlesim/share/turtlesim/srv/Spawn_Response.msg
[1.209s] -- Up-to-date: /home/harry/simul/simulation/install/turtlesim/share/turtlesim/srv/TeleportAbsolute.srv
[1.209s] -- Up-to-date: /home/harry/simul/simulation/install/turtlesim/share/turtlesim/srv/TeleportAbsolute_Request.msg
[1.209s] -- Up-to-date: /home/harry/simul/simulation/install/turtlesim/share/turtlesim/srv/TeleportAbsolute_Response.msg
[1.210s] -- Up-to-date: /home/harry/simul/simulation/install/turtlesim/share/turtlesim/srv/TeleportRelative.srv
[1.210s] -- Up-to-date: /home/harry/simul/simulation/install/turtlesim/share/turtlesim/srv/TeleportRelative_Request.msg
[1.210s] -- Up-to-date: /home/harry/simul/simulation/install/turtlesim/share/turtlesim/srv/TeleportRelative_Response.msg
[1.210s] -- Up-to-date: /home/harry/simul/simulation/install/turtlesim/lib/turtlesim/turtlesim_node
[1.210s] -- Up-to-date: /home/harry/simul/simulation/install/turtlesim/lib/turtlesim/turtle_teleop_key
[1.211s] -- Up-to-date: /home/harry/simul/simulation/install/turtlesim/lib/turtlesim/draw_square
[1.212s] -- Up-to-date: /home/harry/simul/simulation/install/turtlesim/lib/turtlesim/mimic
[1.212s] -- Up-to-date: /home/harry/simul/simulation/install/turtlesim/share/turtlesim/images
[1.212s] -- Up-to-date: /home/harry/simul/simulation/install/turtlesim/share/turtlesim/images/rolling.png
[1.212s] -- Up-to-date: /home/harry/simul/simulation/install/turtlesim/share/turtlesim/images/crystal.png
[1.212s] -- Up-to-date: /home/harry/simul/simulation/install/turtlesim/share/turtlesim/images/bouncy.png
[1.212s] -- Up-to-date: /home/harry/simul/simulation/install/turtlesim/share/turtlesim/images/dashing.png
[1.212s] -- Up-to-date: /home/harry/simul/simulation/install/turtlesim/share/turtlesim/images/galactic.png
[1.213s] -- Up-to-date: /home/harry/simul/simulation/install/turtlesim/share/turtlesim/images/eloquent.png
[1.213s] -- Up-to-date: /home/harry/simul/simulation/install/turtlesim/share/turtlesim/images/foxy.png
[1.213s] -- Up-to-date: /home/harry/simul/simulation/install/turtlesim/share/turtlesim/images/ardent.png
[1.213s] -- Up-to-date: /home/harry/simul/simulation/install/turtlesim/share/turtlesim/images/humble.png
[1.213s] -- Up-to-date: /home/harry/simul/simulation/install/turtlesim/share/turtlesim/launch
[1.213s] -- Up-to-date: /home/harry/simul/simulation/install/turtlesim/share/turtlesim/launch/multisim.launch.py
[1.213s] -- Up-to-date: /home/harry/simul/simulation/install/turtlesim/share/ament_index/resource_index/package_run_dependencies/turtlesim
[1.213s] -- Up-to-date: /home/harry/simul/simulation/install/turtlesim/share/ament_index/resource_index/parent_prefix_path/turtlesim
[1.213s] -- Up-to-date: /home/harry/simul/simulation/install/turtlesim/share/turtlesim/environment/ament_prefix_path.sh
[1.214s] -- Up-to-date: /home/harry/simul/simulation/install/turtlesim/share/turtlesim/environment/ament_prefix_path.dsv
[1.214s] -- Up-to-date: /home/harry/simul/simulation/install/turtlesim/share/turtlesim/environment/path.sh
[1.214s] -- Up-to-date: /home/harry/simul/simulation/install/turtlesim/share/turtlesim/environment/path.dsv
[1.214s] -- Up-to-date: /home/harry/simul/simulation/install/turtlesim/share/turtlesim/local_setup.bash
[1.214s] -- Up-to-date: /home/harry/simul/simulation/install/turtlesim/share/turtlesim/local_setup.sh
[1.214s] -- Up-to-date: /home/harry/simul/simulation/install/turtlesim/share/turtlesim/local_setup.zsh
[1.214s] -- Up-to-date: /home/harry/simul/simulation/install/turtlesim/share/turtlesim/local_setup.dsv
[1.214s] -- Installing: /home/harry/simul/simulation/install/turtlesim/share/turtlesim/package.dsv
[1.215s] -- Up-to-date: /home/harry/simul/simulation/install/turtlesim/share/ament_index/resource_index/packages/turtlesim
[1.215s] -- Up-to-date: /home/harry/simul/simulation/install/turtlesim/share/turtlesim/cmake/export_turtlesim__rosidl_generator_cExport.cmake
[1.215s] -- Up-to-date: /home/harry/simul/simulation/install/turtlesim/share/turtlesim/cmake/export_turtlesim__rosidl_generator_cExport-noconfig.cmake
[1.215s] -- Up-to-date: /home/harry/simul/simulation/install/turtlesim/share/turtlesim/cmake/export_turtlesim__rosidl_typesupport_fastrtps_cExport.cmake
[1.216s] -- Up-to-date: /home/harry/simul/simulation/install/turtlesim/share/turtlesim/cmake/export_turtlesim__rosidl_typesupport_fastrtps_cExport-noconfig.cmake
[1.216s] -- Up-to-date: /home/harry/simul/simulation/install/turtlesim/share/turtlesim/cmake/export_turtlesim__rosidl_generator_cppExport.cmake
[1.216s] -- Up-to-date: /home/harry/simul/simulation/install/turtlesim/share/turtlesim/cmake/export_turtlesim__rosidl_typesupport_fastrtps_cppExport.cmake
[1.216s] -- Up-to-date: /home/harry/simul/simulation/install/turtlesim/share/turtlesim/cmake/export_turtlesim__rosidl_typesupport_fastrtps_cppExport-noconfig.cmake
[1.216s] -- Up-to-date: /home/harry/simul/simulation/install/turtlesim/share/turtlesim/cmake/turtlesim__rosidl_typesupport_introspection_cExport.cmake
[1.216s] -- Up-to-date: /home/harry/simul/simulation/install/turtlesim/share/turtlesim/cmake/turtlesim__rosidl_typesupport_introspection_cExport-noconfig.cmake
[1.217s] -- Up-to-date: /home/harry/simul/simulation/install/turtlesim/share/turtlesim/cmake/turtlesim__rosidl_typesupport_cExport.cmake
[1.217s] -- Up-to-date: /home/harry/simul/simulation/install/turtlesim/share/turtlesim/cmake/turtlesim__rosidl_typesupport_cExport-noconfig.cmake
[1.217s] -- Up-to-date: /home/harry/simul/simulation/install/turtlesim/share/turtlesim/cmake/turtlesim__rosidl_typesupport_introspection_cppExport.cmake
[1.217s] -- Up-to-date: /home/harry/simul/simulation/install/turtlesim/share/turtlesim/cmake/turtlesim__rosidl_typesupport_introspection_cppExport-noconfig.cmake
[1.217s] -- Up-to-date: /home/harry/simul/simulation/install/turtlesim/share/turtlesim/cmake/turtlesim__rosidl_typesupport_cppExport.cmake
[1.218s] -- Up-to-date: /home/harry/simul/simulation/install/turtlesim/share/turtlesim/cmake/turtlesim__rosidl_typesupport_cppExport-noconfig.cmake
[1.218s] -- Up-to-date: /home/harry/simul/simulation/install/turtlesim/share/turtlesim/cmake/export_turtlesim__rosidl_generator_pyExport.cmake
[1.218s] -- Up-to-date: /home/harry/simul/simulation/install/turtlesim/share/turtlesim/cmake/export_turtlesim__rosidl_generator_pyExport-noconfig.cmake
[1.218s] -- Up-to-date: /home/harry/simul/simulation/install/turtlesim/share/turtlesim/cmake/rosidl_cmake-extras.cmake
[1.218s] -- Up-to-date: /home/harry/simul/simulation/install/turtlesim/share/turtlesim/cmake/ament_cmake_export_dependencies-extras.cmake
[1.219s] -- Up-to-date: /home/harry/simul/simulation/install/turtlesim/share/turtlesim/cmake/ament_cmake_export_include_directories-extras.cmake
[1.219s] -- Up-to-date: /home/harry/simul/simulation/install/turtlesim/share/turtlesim/cmake/ament_cmake_export_libraries-extras.cmake
[1.219s] -- Up-to-date: /home/harry/simul/simulation/install/turtlesim/share/turtlesim/cmake/ament_cmake_export_targets-extras.cmake
[1.219s] -- Up-to-date: /home/harry/simul/simulation/install/turtlesim/share/turtlesim/cmake/rosidl_cmake_export_typesupport_targets-extras.cmake
[1.219s] -- Up-to-date: /home/harry/simul/simulation/install/turtlesim/share/turtlesim/cmake/rosidl_cmake_export_typesupport_libraries-extras.cmake
[1.219s] -- Up-to-date: /home/harry/simul/simulation/install/turtlesim/share/turtlesim/cmake/turtlesimConfig.cmake
[1.219s] -- Up-to-date: /home/harry/simul/simulation/install/turtlesim/share/turtlesim/cmake/turtlesimConfig-version.cmake
[1.220s] -- Up-to-date: /home/harry/simul/simulation/install/turtlesim/share/turtlesim/package.xml
[1.227s] Invoked command in '/home/harry/simul/simulation/build/turtlesim' returned '0': CMAKE_PREFIX_PATH=${CMAKE_PREFIX_PATH}:/home/harry/robot/install/webcam_bringup:/home/harry/robot/install/teleop:/home/harry/robot/install/tag_detection:/home/harry/robot/install/robot_bringup:/home/harry/robot/install/pub_sub:/home/harry/robot/install/object_detection:/home/harry/robot/install/my_robot_navigation:/home/harry/robot/install/create3_teleop:/home/harry/robot/install/create3_examples_py:/opt/ros/humble /usr/bin/cmake --install /home/harry/simul/simulation/build/turtlesim
