-- The C compiler identification is GNU 11.4.0
-- The CXX compiler identification is GNU 11.4.0
-- Detecting C compiler ABI info
-- Detecting C compiler ABI info - done
-- Check for working C compiler: /usr/bin/cc - skipped
-- Detecting C compile features
-- Detecting C compile features - done
-- Detecting CXX compiler ABI info
-- Detecting CXX compiler ABI info - done
-- Check for working CXX compiler: /usr/bin/c++ - skipped
-- Detecting CXX compile features
-- Detecting CXX compile features - done
-- Found ament_cmake: 1.3.12 (/opt/ros/humble/share/ament_cmake/cmake)
-- Found Python3: /usr/bin/python3 (found version "3.10.12") found components: Interpreter 
-- Found rclcpp: 16.0.17 (/opt/ros/humble/share/rclcpp/cmake)
-- Found rosidl_generator_c: 3.1.8 (/opt/ros/humble/share/rosidl_generator_c/cmake)
-- Found rosidl_adapter: 3.1.8 (/opt/ros/humble/share/rosidl_adapter/cmake)
-- Found rosidl_generator_cpp: 3.1.8 (/opt/ros/humble/share/rosidl_generator_cpp/cmake)
-- Using all available rosidl_typesupport_c: rosidl_typesupport_fastrtps_c;rosidl_typesupport_introspection_c
-- Using all available rosidl_typesupport_cpp: rosidl_typesupport_fastrtps_cpp;rosidl_typesupport_introspection_cpp
-- Found rmw_implementation_cmake: 6.1.2 (/opt/ros/humble/share/rmw_implementation_cmake/cmake)
-- Found rmw_fastrtps_cpp: 6.2.9 (/opt/ros/humble/share/rmw_fastrtps_cpp/cmake)
-- Found OpenSSL: /usr/lib/x86_64-linux-gnu/libcrypto.so (found version "3.0.2")  
-- Found FastRTPS: /opt/ros/humble/include  
-- Using RMW implementation 'rmw_fastrtps_cpp' as default
-- Looking for pthread.h
-- Looking for pthread.h - found
-- Performing Test CMAKE_HAVE_LIBC_PTHREAD
-- Performing Test CMAKE_HAVE_LIBC_PTHREAD - Success
-- Found Threads: TRUE  
-- Found gazebo_msgs: 3.9.0 (/opt/ros/humble/share/gazebo_msgs/cmake)
-- Found tf2: 0.25.18 (/opt/ros/humble/share/tf2/cmake)
-- Found tf2_geometry_msgs: 0.25.18 (/opt/ros/humble/share/tf2_geometry_msgs/cmake)
-- Found eigen3_cmake_module: 0.1.1 (/opt/ros/humble/share/eigen3_cmake_module/cmake)
-- Found Eigen3: TRUE (found version "3.4.0") 
-- Ensuring Eigen3 include directory is part of orocos-kdl CMake target
-- Found OpenCV: /usr (found suitable version "4.5.4", minimum required is "4") 
-- Found ament_lint_auto: 0.12.14 (/opt/ros/humble/share/ament_lint_auto/cmake)
-- Added test 'cppcheck' to perform static code analysis on C / C++ code
-- Configured cppcheck include dirs: $<BUILD_INTERFACE:/home/harry/simul/simulation/src/simulation/art_gallery/art_maze/include>
-- Configured cppcheck exclude dirs and/or files: 
-- Added test 'lint_cmake' to check CMake code style
-- Added test 'uncrustify' to check C / C++ code style
-- Configured uncrustify additional arguments: 
-- Added test 'xmllint' to check XML markup files
-- Configuring done
-- Generating done
-- Build files have been written to: /home/harry/simul/simulation/build/art_maze
[ 11%] [32mBuilding CXX object CMakeFiles/curator.dir/src/main.cpp.o[0m
[ 22%] [32mBuilding CXX object CMakeFiles/curator.dir/src/wall.cpp.o[0m
[ 33%] [32mBuilding CXX object CMakeFiles/curator.dir/src/cell.cpp.o[0m
[ 44%] [32mBuilding CXX object CMakeFiles/curator.dir/src/maze.cpp.o[0m
[ 55%] [32mBuilding CXX object CMakeFiles/curator.dir/src/generator.cpp.o[0m
[ 66%] [32mBuilding CXX object CMakeFiles/curator.dir/src/visualization.cpp.o[0m
[ 77%] [32mBuilding CXX object CMakeFiles/curator.dir/src/modelxml.cpp.o[0m
[01m[K/home/harry/simul/simulation/src/simulation/art_gallery/art_maze/src/modelxml.cpp:[m[K In static member function ‘[01m[Kstatic std::string art_maze::ModelXML::exhibition(double, double, double, const art_maze::Maze&, size_t, const std::vector<std::__cxx11::basic_string<char> >&, size_t)[m[K’:
[01m[K/home/harry/simul/simulation/src/simulation/art_gallery/art_maze/src/modelxml.cpp:74:44:[m[K [01;35m[Kwarning: [m[Knarrowing conversion of ‘[01m[Ktime(0)[m[K’ from ‘[01m[Ktime_t[m[K’ {aka ‘[01m[Klong int[m[K’} to ‘[01m[Kstd::linear_congruential_engine<long unsigned int, 16807, 0, 2147483647>::result_type[m[K’ {aka ‘[01m[Klong unsigned int[m[K’} [[01;35m[K]8;;https://gcc.gnu.org/onlinedocs/gcc/Warning-Options.html#index-Wnarrowing-Wnarrowing]8;;[m[K]
   74 |         std::default_random_engine rng{[01;35m[Ktime(nullptr)[m[K};
      |                                        [01;35m[K~~~~^~~~~~~~~[m[K
[ 88%] [32mBuilding CXX object CMakeFiles/curator.dir/src/node.cpp.o[0m
[100%] [32m[1mLinking CXX executable curator[0m
[100%] Built target curator
-- Install configuration: ""
-- Installing: /home/harry/simul/simulation/install/art_maze/lib/art_maze/curator
-- Set runtime path of "/home/harry/simul/simulation/install/art_maze/lib/art_maze/curator" to ""
-- Installing: /home/harry/simul/simulation/install/art_maze/share/art_maze/cfg
-- Installing: /home/harry/simul/simulation/install/art_maze/share/art_maze/cfg/setup.yaml
-- Installing: /home/harry/simul/simulation/install/art_maze/share/art_maze/launch
-- Installing: /home/harry/simul/simulation/install/art_maze/share/art_maze/launch/curator.launch.yaml
-- Installing: /home/harry/simul/simulation/install/art_maze/share/ament_index/resource_index/package_run_dependencies/art_maze
-- Installing: /home/harry/simul/simulation/install/art_maze/share/ament_index/resource_index/parent_prefix_path/art_maze
-- Installing: /home/harry/simul/simulation/install/art_maze/share/art_maze/environment/ament_prefix_path.sh
-- Installing: /home/harry/simul/simulation/install/art_maze/share/art_maze/environment/ament_prefix_path.dsv
-- Installing: /home/harry/simul/simulation/install/art_maze/share/art_maze/environment/path.sh
-- Installing: /home/harry/simul/simulation/install/art_maze/share/art_maze/environment/path.dsv
-- Installing: /home/harry/simul/simulation/install/art_maze/share/art_maze/local_setup.bash
-- Installing: /home/harry/simul/simulation/install/art_maze/share/art_maze/local_setup.sh
-- Installing: /home/harry/simul/simulation/install/art_maze/share/art_maze/local_setup.zsh
-- Installing: /home/harry/simul/simulation/install/art_maze/share/art_maze/local_setup.dsv
-- Installing: /home/harry/simul/simulation/install/art_maze/share/art_maze/package.dsv
-- Installing: /home/harry/simul/simulation/install/art_maze/share/ament_index/resource_index/packages/art_maze
-- Installing: /home/harry/simul/simulation/install/art_maze/share/art_maze/cmake/art_mazeConfig.cmake
-- Installing: /home/harry/simul/simulation/install/art_maze/share/art_maze/cmake/art_mazeConfig-version.cmake
-- Installing: /home/harry/simul/simulation/install/art_maze/share/art_maze/package.xml
