[0.044s] Invoking command in '/home/harry/simul/simulation/build/art_maze': CMAKE_PREFIX_PATH=${CMAKE_PREFIX_PATH}:/home/harry/robot/install/webcam_bringup:/home/harry/robot/install/teleop:/home/harry/robot/install/tag_detection:/home/harry/robot/install/robot_bringup:/home/harry/robot/install/pub_sub:/home/harry/robot/install/object_detection:/home/harry/robot/install/my_robot_navigation:/home/harry/robot/install/create3_teleop:/home/harry/robot/install/create3_examples_py:/opt/ros/humble /usr/bin/cmake /home/harry/simul/simulation/src/simulation/art_gallery/art_maze -DCMAKE_INSTALL_PREFIX=/home/harry/simul/simulation/install/art_maze
[0.481s] -- The C compiler identification is GNU 11.4.0
[0.635s] -- The CXX compiler identification is GNU 11.4.0
[0.658s] -- Detecting C compiler ABI info
[0.840s] -- Detecting C compiler ABI info - done
[0.852s] -- Check for working C compiler: /usr/bin/cc - skipped
[0.853s] -- Detecting C compile features
[0.855s] -- Detecting C compile features - done
[0.862s] -- Detecting CXX compiler ABI info
[1.010s] -- Detecting CXX compiler ABI info - done
[1.028s] -- Check for working CXX compiler: /usr/bin/c++ - skipped
[1.031s] -- Detecting CXX compile features
[1.032s] -- Detecting CXX compile features - done
[1.072s] -- Found ament_cmake: 1.3.12 (/opt/ros/humble/share/ament_cmake/cmake)
[1.487s] -- Found Python3: /usr/bin/python3 (found version "3.10.12") found components: Interpreter 
[1.782s] -- Found rclcpp: 16.0.17 (/opt/ros/humble/share/rclcpp/cmake)
[1.953s] -- Found rosidl_generator_c: 3.1.8 (/opt/ros/humble/share/rosidl_generator_c/cmake)
[1.970s] -- Found rosidl_adapter: 3.1.8 (/opt/ros/humble/share/rosidl_adapter/cmake)
[1.994s] -- Found rosidl_generator_cpp: 3.1.8 (/opt/ros/humble/share/rosidl_generator_cpp/cmake)
[2.036s] -- Using all available rosidl_typesupport_c: rosidl_typesupport_fastrtps_c;rosidl_typesupport_introspection_c
[2.074s] -- Using all available rosidl_typesupport_cpp: rosidl_typesupport_fastrtps_cpp;rosidl_typesupport_introspection_cpp
[2.239s] -- Found rmw_implementation_cmake: 6.1.2 (/opt/ros/humble/share/rmw_implementation_cmake/cmake)
[2.257s] -- Found rmw_fastrtps_cpp: 6.2.9 (/opt/ros/humble/share/rmw_fastrtps_cpp/cmake)
[2.539s] -- Found OpenSSL: /usr/lib/x86_64-linux-gnu/libcrypto.so (found version "3.0.2")  
[2.592s] -- Found FastRTPS: /opt/ros/humble/include  
[2.673s] -- Using RMW implementation 'rmw_fastrtps_cpp' as default
[2.711s] -- Looking for pthread.h
[2.895s] -- Looking for pthread.h - found
[2.896s] -- Performing Test CMAKE_HAVE_LIBC_PTHREAD
[3.037s] -- Performing Test CMAKE_HAVE_LIBC_PTHREAD - Success
[3.040s] -- Found Threads: TRUE  
[3.214s] -- Found gazebo_msgs: 3.9.0 (/opt/ros/humble/share/gazebo_msgs/cmake)
[3.445s] -- Found tf2: 0.25.18 (/opt/ros/humble/share/tf2/cmake)
[3.480s] -- Found tf2_geometry_msgs: 0.25.18 (/opt/ros/humble/share/tf2_geometry_msgs/cmake)
[3.531s] -- Found eigen3_cmake_module: 0.1.1 (/opt/ros/humble/share/eigen3_cmake_module/cmake)
[3.534s] -- Found Eigen3: TRUE (found version "3.4.0") 
[3.534s] -- Ensuring Eigen3 include directory is part of orocos-kdl CMake target
[3.923s] -- Found OpenCV: /usr (found suitable version "4.5.4", minimum required is "4") 
[3.937s] -- Found ament_lint_auto: 0.12.14 (/opt/ros/humble/share/ament_lint_auto/cmake)
[4.149s] -- Added test 'cppcheck' to perform static code analysis on C / C++ code
[4.150s] -- Configured cppcheck include dirs: $<BUILD_INTERFACE:/home/harry/simul/simulation/src/simulation/art_gallery/art_maze/include>
[4.150s] -- Configured cppcheck exclude dirs and/or files: 
[4.152s] -- Added test 'lint_cmake' to check CMake code style
[4.158s] -- Added test 'uncrustify' to check C / C++ code style
[4.161s] -- Configured uncrustify additional arguments: 
[4.161s] -- Added test 'xmllint' to check XML markup files
[4.166s] -- Configuring done
[4.209s] -- Generating done
[4.214s] -- Build files have been written to: /home/harry/simul/simulation/build/art_maze
[4.238s] Invoked command in '/home/harry/simul/simulation/build/art_maze' returned '0': CMAKE_PREFIX_PATH=${CMAKE_PREFIX_PATH}:/home/harry/robot/install/webcam_bringup:/home/harry/robot/install/teleop:/home/harry/robot/install/tag_detection:/home/harry/robot/install/robot_bringup:/home/harry/robot/install/pub_sub:/home/harry/robot/install/object_detection:/home/harry/robot/install/my_robot_navigation:/home/harry/robot/install/create3_teleop:/home/harry/robot/install/create3_examples_py:/opt/ros/humble /usr/bin/cmake /home/harry/simul/simulation/src/simulation/art_gallery/art_maze -DCMAKE_INSTALL_PREFIX=/home/harry/simul/simulation/install/art_maze
[4.242s] Invoking command in '/home/harry/simul/simulation/build/art_maze': CMAKE_PREFIX_PATH=${CMAKE_PREFIX_PATH}:/home/harry/robot/install/webcam_bringup:/home/harry/robot/install/teleop:/home/harry/robot/install/tag_detection:/home/harry/robot/install/robot_bringup:/home/harry/robot/install/pub_sub:/home/harry/robot/install/object_detection:/home/harry/robot/install/my_robot_navigation:/home/harry/robot/install/create3_teleop:/home/harry/robot/install/create3_examples_py:/opt/ros/humble /usr/bin/cmake --build /home/harry/simul/simulation/build/art_maze -- -j4 -l4
[4.368s] [ 11%] [32mBuilding CXX object CMakeFiles/curator.dir/src/main.cpp.o[0m
[4.369s] [ 22%] [32mBuilding CXX object CMakeFiles/curator.dir/src/wall.cpp.o[0m
[4.369s] [ 33%] [32mBuilding CXX object CMakeFiles/curator.dir/src/cell.cpp.o[0m
[4.374s] [ 44%] [32mBuilding CXX object CMakeFiles/curator.dir/src/maze.cpp.o[0m
[4.563s] [ 55%] [32mBuilding CXX object CMakeFiles/curator.dir/src/generator.cpp.o[0m
[4.604s] [ 66%] [32mBuilding CXX object CMakeFiles/curator.dir/src/visualization.cpp.o[0m
[5.253s] [ 77%] [32mBuilding CXX object CMakeFiles/curator.dir/src/modelxml.cpp.o[0m
[9.290s] [01m[K/home/harry/simul/simulation/src/simulation/art_gallery/art_maze/src/modelxml.cpp:[m[K In static member function ‘[01m[Kstatic std::string art_maze::ModelXML::exhibition(double, double, double, const art_maze::Maze&, size_t, const std::vector<std::__cxx11::basic_string<char> >&, size_t)[m[K’:
[9.290s] [01m[K/home/harry/simul/simulation/src/simulation/art_gallery/art_maze/src/modelxml.cpp:74:44:[m[K [01;35m[Kwarning: [m[Knarrowing conversion of ‘[01m[Ktime(0)[m[K’ from ‘[01m[Ktime_t[m[K’ {aka ‘[01m[Klong int[m[K’} to ‘[01m[Kstd::linear_congruential_engine<long unsigned int, 16807, 0, 2147483647>::result_type[m[K’ {aka ‘[01m[Klong unsigned int[m[K’} [[01;35m[K]8;;https://gcc.gnu.org/onlinedocs/gcc/Warning-Options.html#index-Wnarrowing-Wnarrowing]8;;[m[K]
[9.290s]    74 |         std::default_random_engine rng{[01;35m[Ktime(nullptr)[m[K};
[9.290s]       |                                        [01;35m[K~~~~^~~~~~~~~[m[K
[12.032s] [ 88%] [32mBuilding CXX object CMakeFiles/curator.dir/src/node.cpp.o[0m
[33.705s] [100%] [32m[1mLinking CXX executable curator[0m
[36.832s] [100%] Built target curator
[36.895s] Invoked command in '/home/harry/simul/simulation/build/art_maze' returned '0': CMAKE_PREFIX_PATH=${CMAKE_PREFIX_PATH}:/home/harry/robot/install/webcam_bringup:/home/harry/robot/install/teleop:/home/harry/robot/install/tag_detection:/home/harry/robot/install/robot_bringup:/home/harry/robot/install/pub_sub:/home/harry/robot/install/object_detection:/home/harry/robot/install/my_robot_navigation:/home/harry/robot/install/create3_teleop:/home/harry/robot/install/create3_examples_py:/opt/ros/humble /usr/bin/cmake --build /home/harry/simul/simulation/build/art_maze -- -j4 -l4
[36.902s] Invoking command in '/home/harry/simul/simulation/build/art_maze': CMAKE_PREFIX_PATH=${CMAKE_PREFIX_PATH}:/home/harry/robot/install/webcam_bringup:/home/harry/robot/install/teleop:/home/harry/robot/install/tag_detection:/home/harry/robot/install/robot_bringup:/home/harry/robot/install/pub_sub:/home/harry/robot/install/object_detection:/home/harry/robot/install/my_robot_navigation:/home/harry/robot/install/create3_teleop:/home/harry/robot/install/create3_examples_py:/opt/ros/humble /usr/bin/cmake --install /home/harry/simul/simulation/build/art_maze
[36.932s] -- Install configuration: ""
[36.933s] -- Installing: /home/harry/simul/simulation/install/art_maze/lib/art_maze/curator
[36.941s] -- Set runtime path of "/home/harry/simul/simulation/install/art_maze/lib/art_maze/curator" to ""
[36.942s] -- Installing: /home/harry/simul/simulation/install/art_maze/share/art_maze/cfg
[36.942s] -- Installing: /home/harry/simul/simulation/install/art_maze/share/art_maze/cfg/setup.yaml
[36.942s] -- Installing: /home/harry/simul/simulation/install/art_maze/share/art_maze/launch
[36.943s] -- Installing: /home/harry/simul/simulation/install/art_maze/share/art_maze/launch/curator.launch.yaml
[36.944s] -- Installing: /home/harry/simul/simulation/install/art_maze/share/ament_index/resource_index/package_run_dependencies/art_maze
[36.944s] -- Installing: /home/harry/simul/simulation/install/art_maze/share/ament_index/resource_index/parent_prefix_path/art_maze
[36.945s] -- Installing: /home/harry/simul/simulation/install/art_maze/share/art_maze/environment/ament_prefix_path.sh
[36.946s] -- Installing: /home/harry/simul/simulation/install/art_maze/share/art_maze/environment/ament_prefix_path.dsv
[36.948s] -- Installing: /home/harry/simul/simulation/install/art_maze/share/art_maze/environment/path.sh
[36.948s] -- Installing: /home/harry/simul/simulation/install/art_maze/share/art_maze/environment/path.dsv
[36.948s] -- Installing: /home/harry/simul/simulation/install/art_maze/share/art_maze/local_setup.bash
[36.948s] -- Installing: /home/harry/simul/simulation/install/art_maze/share/art_maze/local_setup.sh
[36.949s] -- Installing: /home/harry/simul/simulation/install/art_maze/share/art_maze/local_setup.zsh
[36.949s] -- Installing: /home/harry/simul/simulation/install/art_maze/share/art_maze/local_setup.dsv
[36.950s] -- Installing: /home/harry/simul/simulation/install/art_maze/share/art_maze/package.dsv
[36.952s] -- Installing: /home/harry/simul/simulation/install/art_maze/share/ament_index/resource_index/packages/art_maze
[36.953s] -- Installing: /home/harry/simul/simulation/install/art_maze/share/art_maze/cmake/art_mazeConfig.cmake
[36.953s] -- Installing: /home/harry/simul/simulation/install/art_maze/share/art_maze/cmake/art_mazeConfig-version.cmake
[36.953s] -- Installing: /home/harry/simul/simulation/install/art_maze/share/art_maze/package.xml
[36.965s] Invoked command in '/home/harry/simul/simulation/build/art_maze' returned '0': CMAKE_PREFIX_PATH=${CMAKE_PREFIX_PATH}:/home/harry/robot/install/webcam_bringup:/home/harry/robot/install/teleop:/home/harry/robot/install/tag_detection:/home/harry/robot/install/robot_bringup:/home/harry/robot/install/pub_sub:/home/harry/robot/install/object_detection:/home/harry/robot/install/my_robot_navigation:/home/harry/robot/install/create3_teleop:/home/harry/robot/install/create3_examples_py:/opt/ros/humble /usr/bin/cmake --install /home/harry/simul/simulation/build/art_maze
