[1.967s] Invoking command in '/home/harry/simul/simulation/src/simulation/art_gallery/curator': PYTHONPATH=/home/harry/simul/simulation/build/curator/prefix_override:/usr/lib/python3/dist-packages/colcon_core/task/python/colcon_distutils_commands:/home/harry/simul/simulation/install/curator/lib/python3.10/site-packages:${PYTHONPATH} /usr/bin/python3 -W ignore:setup.py install is deprecated -W ignore:easy_install command is deprecated setup.py egg_info --egg-base ../../../../build/curator build --build-base /home/harry/simul/simulation/build/curator/build install --record /home/harry/simul/simulation/build/curator/install.log --single-version-externally-managed install_data
[2.491s] running egg_info
[2.491s] creating ../../../../build/curator/curator.egg-info
[2.491s] writing ../../../../build/curator/curator.egg-info/PKG-INFO
[2.491s] writing dependency_links to ../../../../build/curator/curator.egg-info/dependency_links.txt
[2.491s] writing entry points to ../../../../build/curator/curator.egg-info/entry_points.txt
[2.491s] writing requirements to ../../../../build/curator/curator.egg-info/requires.txt
[2.491s] writing top-level names to ../../../../build/curator/curator.egg-info/top_level.txt
[2.491s] writing manifest file '../../../../build/curator/curator.egg-info/SOURCES.txt'
[2.492s] reading manifest file '../../../../build/curator/curator.egg-info/SOURCES.txt'
[2.497s] writing manifest file '../../../../build/curator/curator.egg-info/SOURCES.txt'
[2.497s] running build
[2.497s] running build_py
[2.497s] creating /home/harry/simul/simulation/build/curator/build
[2.497s] creating /home/harry/simul/simulation/build/curator/build/lib
[2.499s] creating /home/harry/simul/simulation/build/curator/build/lib/curator
[2.500s] copying curator/__init__.py -> /home/harry/simul/simulation/build/curator/build/lib/curator
[2.500s] copying curator/art.py -> /home/harry/simul/simulation/build/curator/build/lib/curator
[2.500s] copying curator/locations.py -> /home/harry/simul/simulation/build/curator/build/lib/curator
[2.500s] copying curator/curator.py -> /home/harry/simul/simulation/build/curator/build/lib/curator
[2.500s] running install
[2.500s] running install_lib
[2.505s] creating /home/harry/simul/simulation/install/curator/lib/python3.10/site-packages/curator
[2.505s] copying /home/harry/simul/simulation/build/curator/build/lib/curator/__init__.py -> /home/harry/simul/simulation/install/curator/lib/python3.10/site-packages/curator
[2.505s] copying /home/harry/simul/simulation/build/curator/build/lib/curator/art.py -> /home/harry/simul/simulation/install/curator/lib/python3.10/site-packages/curator
[2.505s] copying /home/harry/simul/simulation/build/curator/build/lib/curator/locations.py -> /home/harry/simul/simulation/install/curator/lib/python3.10/site-packages/curator
[2.505s] copying /home/harry/simul/simulation/build/curator/build/lib/curator/curator.py -> /home/harry/simul/simulation/install/curator/lib/python3.10/site-packages/curator
[2.511s] byte-compiling /home/harry/simul/simulation/install/curator/lib/python3.10/site-packages/curator/__init__.py to __init__.cpython-310.pyc
[2.514s] byte-compiling /home/harry/simul/simulation/install/curator/lib/python3.10/site-packages/curator/art.py to art.cpython-310.pyc
[2.514s] byte-compiling /home/harry/simul/simulation/install/curator/lib/python3.10/site-packages/curator/locations.py to locations.cpython-310.pyc
[2.515s] byte-compiling /home/harry/simul/simulation/install/curator/lib/python3.10/site-packages/curator/curator.py to curator.cpython-310.pyc
[2.515s] running install_data
[2.515s] creating /home/harry/simul/simulation/install/curator/share/ament_index
[2.515s] creating /home/harry/simul/simulation/install/curator/share/ament_index/resource_index
[2.515s] creating /home/harry/simul/simulation/install/curator/share/ament_index/resource_index/packages
[2.515s] copying resource/curator -> /home/harry/simul/simulation/install/curator/share/ament_index/resource_index/packages
[2.515s] copying package.xml -> /home/harry/simul/simulation/install/curator/share/curator
[2.516s] running install_egg_info
[2.516s] Copying ../../../../build/curator/curator.egg-info to /home/harry/simul/simulation/install/curator/lib/python3.10/site-packages/curator-0.0.0-py3.10.egg-info
[2.520s] running install_scripts
[2.563s] Installing curator script to /home/harry/simul/simulation/install/curator/lib/curator
[2.563s] writing list of installed files to '/home/harry/simul/simulation/build/curator/install.log'
[2.995s] Invoked command in '/home/harry/simul/simulation/src/simulation/art_gallery/curator' returned '0': PYTHONPATH=/home/harry/simul/simulation/build/curator/prefix_override:/usr/lib/python3/dist-packages/colcon_core/task/python/colcon_distutils_commands:/home/harry/simul/simulation/install/curator/lib/python3.10/site-packages:${PYTHONPATH} /usr/bin/python3 -W ignore:setup.py install is deprecated -W ignore:easy_install command is deprecated setup.py egg_info --egg-base ../../../../build/curator build --build-base /home/harry/simul/simulation/build/curator/build install --record /home/harry/simul/simulation/build/curator/install.log --single-version-externally-managed install_data
