[0.069s] Invoking command in '/home/harry/simul/simulation/build/apriltag_msgs': CMAKE_PREFIX_PATH=${CMAKE_PREFIX_PATH}:/home/harry/robot/install/webcam_bringup:/home/harry/robot/install/teleop:/home/harry/robot/install/tag_detection:/home/harry/robot/install/robot_bringup:/home/harry/robot/install/pub_sub:/home/harry/robot/install/object_detection:/home/harry/robot/install/my_robot_navigation:/home/harry/robot/install/create3_teleop:/home/harry/robot/install/create3_examples_py:/opt/ros/humble /usr/bin/cmake --build /home/harry/simul/simulation/build/apriltag_msgs -- -j4 -l4
[0.652s] [35m[1mConsolidate compiler generated dependencies of target apriltag_msgs__rosidl_generator_c[0m
[0.652s] [  2%] Built target apriltag_msgs__cpp
[0.652s] [ 12%] Built target apriltag_msgs__rosidl_generator_c
[0.652s] [35m[1mConsolidate compiler generated dependencies of target apriltag_msgs__rosidl_typesupport_fastrtps_cpp[0m
[0.652s] [35m[1mConsolidate compiler generated dependencies of target apriltag_msgs__rosidl_typesupport_cpp[0m
[0.652s] [35m[1mConsolidate compiler generated dependencies of target apriltag_msgs__rosidl_typesupport_introspection_cpp[0m
[0.652s] [ 12%] Built target ament_cmake_python_copy_apriltag_msgs
[0.652s] [ 23%] Built target apriltag_msgs__rosidl_typesupport_fastrtps_cpp
[0.653s] [ 34%] Built target apriltag_msgs__rosidl_typesupport_cpp
[0.653s] [35m[1mConsolidate compiler generated dependencies of target apriltag_msgs__rosidl_typesupport_fastrtps_c[0m
[0.653s] [ 44%] Built target apriltag_msgs__rosidl_typesupport_introspection_cpp
[0.653s] [35m[1mConsolidate compiler generated dependencies of target apriltag_msgs__rosidl_typesupport_introspection_c[0m
[0.653s] [35m[1mConsolidate compiler generated dependencies of target apriltag_msgs__rosidl_typesupport_c[0m
[0.653s] [ 55%] Built target apriltag_msgs__rosidl_typesupport_fastrtps_c
[0.653s] [ 65%] Built target apriltag_msgs__rosidl_typesupport_c
[0.653s] [ 76%] Built target apriltag_msgs__rosidl_typesupport_introspection_c
[0.653s] [ 76%] Built target apriltag_msgs
[0.653s] [ 78%] Built target apriltag_msgs__py
[0.653s] [35m[1mConsolidate compiler generated dependencies of target apriltag_msgs__rosidl_generator_py[0m
[0.653s] [ 87%] Built target apriltag_msgs__rosidl_generator_py
[0.653s] [35m[1mConsolidate compiler generated dependencies of target apriltag_msgs__rosidl_typesupport_fastrtps_c__pyext[0m
[0.653s] [35m[1mConsolidate compiler generated dependencies of target apriltag_msgs__rosidl_typesupport_introspection_c__pyext[0m
[0.653s] [35m[1mConsolidate compiler generated dependencies of target apriltag_msgs__rosidl_typesupport_c__pyext[0m
[0.653s] [ 91%] Built target apriltag_msgs__rosidl_typesupport_fastrtps_c__pyext
[0.654s] [ 95%] Built target apriltag_msgs__rosidl_typesupport_introspection_c__pyext
[0.654s] [100%] Built target apriltag_msgs__rosidl_typesupport_c__pyext
[0.759s] running egg_info
[0.761s] writing apriltag_msgs.egg-info/PKG-INFO
[0.762s] writing dependency_links to apriltag_msgs.egg-info/dependency_links.txt
[0.763s] writing top-level names to apriltag_msgs.egg-info/top_level.txt
[0.767s] reading manifest file 'apriltag_msgs.egg-info/SOURCES.txt'
[0.767s] writing manifest file 'apriltag_msgs.egg-info/SOURCES.txt'
[0.820s] [100%] Built target ament_cmake_python_build_apriltag_msgs_egg
[1.065s] Invoked command in '/home/harry/simul/simulation/build/apriltag_msgs' returned '0': CMAKE_PREFIX_PATH=${CMAKE_PREFIX_PATH}:/home/harry/robot/install/webcam_bringup:/home/harry/robot/install/teleop:/home/harry/robot/install/tag_detection:/home/harry/robot/install/robot_bringup:/home/harry/robot/install/pub_sub:/home/harry/robot/install/object_detection:/home/harry/robot/install/my_robot_navigation:/home/harry/robot/install/create3_teleop:/home/harry/robot/install/create3_examples_py:/opt/ros/humble /usr/bin/cmake --build /home/harry/simul/simulation/build/apriltag_msgs -- -j4 -l4
[1.066s] Invoking command in '/home/harry/simul/simulation/build/apriltag_msgs': CMAKE_PREFIX_PATH=${CMAKE_PREFIX_PATH}:/home/harry/robot/install/webcam_bringup:/home/harry/robot/install/teleop:/home/harry/robot/install/tag_detection:/home/harry/robot/install/robot_bringup:/home/harry/robot/install/pub_sub:/home/harry/robot/install/object_detection:/home/harry/robot/install/my_robot_navigation:/home/harry/robot/install/create3_teleop:/home/harry/robot/install/create3_examples_py:/opt/ros/humble /usr/bin/cmake --install /home/harry/simul/simulation/build/apriltag_msgs
[1.090s] -- Install configuration: ""
[1.090s] -- Up-to-date: /home/harry/simul/simulation/install/apriltag_msgs/share/ament_index/resource_index/rosidl_interfaces/apriltag_msgs
[1.090s] -- Up-to-date: /home/harry/simul/simulation/install/apriltag_msgs/include/apriltag_msgs/apriltag_msgs
[1.091s] -- Up-to-date: /home/harry/simul/simulation/install/apriltag_msgs/include/apriltag_msgs/apriltag_msgs/msg
[1.091s] -- Up-to-date: /home/harry/simul/simulation/install/apriltag_msgs/include/apriltag_msgs/apriltag_msgs/msg/point.h
[1.091s] -- Up-to-date: /home/harry/simul/simulation/install/apriltag_msgs/include/apriltag_msgs/apriltag_msgs/msg/april_tag_detection.h
[1.091s] -- Up-to-date: /home/harry/simul/simulation/install/apriltag_msgs/include/apriltag_msgs/apriltag_msgs/msg/rosidl_generator_c__visibility_control.h
[1.091s] -- Up-to-date: /home/harry/simul/simulation/install/apriltag_msgs/include/apriltag_msgs/apriltag_msgs/msg/april_tag_detection_array.h
[1.091s] -- Up-to-date: /home/harry/simul/simulation/install/apriltag_msgs/include/apriltag_msgs/apriltag_msgs/msg/detail
[1.091s] -- Up-to-date: /home/harry/simul/simulation/install/apriltag_msgs/include/apriltag_msgs/apriltag_msgs/msg/detail/april_tag_detection_array__type_support.h
[1.092s] -- Up-to-date: /home/harry/simul/simulation/install/apriltag_msgs/include/apriltag_msgs/apriltag_msgs/msg/detail/point__struct.h
[1.092s] -- Up-to-date: /home/harry/simul/simulation/install/apriltag_msgs/include/apriltag_msgs/apriltag_msgs/msg/detail/point__type_support.h
[1.092s] -- Up-to-date: /home/harry/simul/simulation/install/apriltag_msgs/include/apriltag_msgs/apriltag_msgs/msg/detail/april_tag_detection_array__struct.h
[1.092s] -- Up-to-date: /home/harry/simul/simulation/install/apriltag_msgs/include/apriltag_msgs/apriltag_msgs/msg/detail/april_tag_detection__functions.h
[1.092s] -- Up-to-date: /home/harry/simul/simulation/install/apriltag_msgs/include/apriltag_msgs/apriltag_msgs/msg/detail/april_tag_detection_array__functions.h
[1.092s] -- Up-to-date: /home/harry/simul/simulation/install/apriltag_msgs/include/apriltag_msgs/apriltag_msgs/msg/detail/point__functions.h
[1.094s] -- Up-to-date: /home/harry/simul/simulation/install/apriltag_msgs/include/apriltag_msgs/apriltag_msgs/msg/detail/point__functions.c
[1.094s] -- Up-to-date: /home/harry/simul/simulation/install/apriltag_msgs/include/apriltag_msgs/apriltag_msgs/msg/detail/april_tag_detection_array__functions.c
[1.094s] -- Up-to-date: /home/harry/simul/simulation/install/apriltag_msgs/include/apriltag_msgs/apriltag_msgs/msg/detail/april_tag_detection__functions.c
[1.094s] -- Up-to-date: /home/harry/simul/simulation/install/apriltag_msgs/include/apriltag_msgs/apriltag_msgs/msg/detail/april_tag_detection__struct.h
[1.094s] -- Up-to-date: /home/harry/simul/simulation/install/apriltag_msgs/include/apriltag_msgs/apriltag_msgs/msg/detail/april_tag_detection__type_support.h
[1.094s] -- Up-to-date: /home/harry/simul/simulation/install/apriltag_msgs/share/apriltag_msgs/environment/library_path.sh
[1.094s] -- Up-to-date: /home/harry/simul/simulation/install/apriltag_msgs/share/apriltag_msgs/environment/library_path.dsv
[1.094s] -- Up-to-date: /home/harry/simul/simulation/install/apriltag_msgs/lib/libapriltag_msgs__rosidl_generator_c.so
[1.094s] -- Up-to-date: /home/harry/simul/simulation/install/apriltag_msgs/include/apriltag_msgs/apriltag_msgs
[1.095s] -- Up-to-date: /home/harry/simul/simulation/install/apriltag_msgs/include/apriltag_msgs/apriltag_msgs/msg
[1.095s] -- Up-to-date: /home/harry/simul/simulation/install/apriltag_msgs/include/apriltag_msgs/apriltag_msgs/msg/rosidl_typesupport_fastrtps_c__visibility_control.h
[1.095s] -- Up-to-date: /home/harry/simul/simulation/install/apriltag_msgs/include/apriltag_msgs/apriltag_msgs/msg/detail
[1.095s] -- Up-to-date: /home/harry/simul/simulation/install/apriltag_msgs/include/apriltag_msgs/apriltag_msgs/msg/detail/april_tag_detection_array__rosidl_typesupport_fastrtps_c.h
[1.095s] -- Up-to-date: /home/harry/simul/simulation/install/apriltag_msgs/include/apriltag_msgs/apriltag_msgs/msg/detail/point__rosidl_typesupport_fastrtps_c.h
[1.095s] -- Up-to-date: /home/harry/simul/simulation/install/apriltag_msgs/include/apriltag_msgs/apriltag_msgs/msg/detail/april_tag_detection__rosidl_typesupport_fastrtps_c.h
[1.096s] -- Up-to-date: /home/harry/simul/simulation/install/apriltag_msgs/lib/libapriltag_msgs__rosidl_typesupport_fastrtps_c.so
[1.096s] -- Up-to-date: /home/harry/simul/simulation/install/apriltag_msgs/include/apriltag_msgs/apriltag_msgs
[1.097s] -- Up-to-date: /home/harry/simul/simulation/install/apriltag_msgs/include/apriltag_msgs/apriltag_msgs/msg
[1.097s] -- Up-to-date: /home/harry/simul/simulation/install/apriltag_msgs/include/apriltag_msgs/apriltag_msgs/msg/rosidl_typesupport_introspection_c__visibility_control.h
[1.097s] -- Up-to-date: /home/harry/simul/simulation/install/apriltag_msgs/include/apriltag_msgs/apriltag_msgs/msg/detail
[1.097s] -- Up-to-date: /home/harry/simul/simulation/install/apriltag_msgs/include/apriltag_msgs/apriltag_msgs/msg/detail/april_tag_detection__rosidl_typesupport_introspection_c.h
[1.097s] -- Up-to-date: /home/harry/simul/simulation/install/apriltag_msgs/include/apriltag_msgs/apriltag_msgs/msg/detail/april_tag_detection__type_support.c
[1.097s] -- Up-to-date: /home/harry/simul/simulation/install/apriltag_msgs/include/apriltag_msgs/apriltag_msgs/msg/detail/april_tag_detection_array__rosidl_typesupport_introspection_c.h
[1.097s] -- Up-to-date: /home/harry/simul/simulation/install/apriltag_msgs/include/apriltag_msgs/apriltag_msgs/msg/detail/point__rosidl_typesupport_introspection_c.h
[1.097s] -- Up-to-date: /home/harry/simul/simulation/install/apriltag_msgs/include/apriltag_msgs/apriltag_msgs/msg/detail/point__type_support.c
[1.097s] -- Up-to-date: /home/harry/simul/simulation/install/apriltag_msgs/include/apriltag_msgs/apriltag_msgs/msg/detail/april_tag_detection_array__type_support.c
[1.098s] -- Up-to-date: /home/harry/simul/simulation/install/apriltag_msgs/lib/libapriltag_msgs__rosidl_typesupport_introspection_c.so
[1.098s] -- Up-to-date: /home/harry/simul/simulation/install/apriltag_msgs/lib/libapriltag_msgs__rosidl_typesupport_c.so
[1.100s] -- Up-to-date: /home/harry/simul/simulation/install/apriltag_msgs/include/apriltag_msgs/apriltag_msgs
[1.100s] -- Up-to-date: /home/harry/simul/simulation/install/apriltag_msgs/include/apriltag_msgs/apriltag_msgs/msg
[1.101s] -- Up-to-date: /home/harry/simul/simulation/install/apriltag_msgs/include/apriltag_msgs/apriltag_msgs/msg/rosidl_generator_cpp__visibility_control.hpp
[1.102s] -- Up-to-date: /home/harry/simul/simulation/install/apriltag_msgs/include/apriltag_msgs/apriltag_msgs/msg/point.hpp
[1.102s] -- Up-to-date: /home/harry/simul/simulation/install/apriltag_msgs/include/apriltag_msgs/apriltag_msgs/msg/april_tag_detection_array.hpp
[1.102s] -- Up-to-date: /home/harry/simul/simulation/install/apriltag_msgs/include/apriltag_msgs/apriltag_msgs/msg/april_tag_detection.hpp
[1.102s] -- Up-to-date: /home/harry/simul/simulation/install/apriltag_msgs/include/apriltag_msgs/apriltag_msgs/msg/detail
[1.103s] -- Up-to-date: /home/harry/simul/simulation/install/apriltag_msgs/include/apriltag_msgs/apriltag_msgs/msg/detail/point__traits.hpp
[1.103s] -- Up-to-date: /home/harry/simul/simulation/install/apriltag_msgs/include/apriltag_msgs/apriltag_msgs/msg/detail/april_tag_detection_array__type_support.hpp
[1.103s] -- Up-to-date: /home/harry/simul/simulation/install/apriltag_msgs/include/apriltag_msgs/apriltag_msgs/msg/detail/april_tag_detection_array__builder.hpp
[1.103s] -- Up-to-date: /home/harry/simul/simulation/install/apriltag_msgs/include/apriltag_msgs/apriltag_msgs/msg/detail/april_tag_detection_array__struct.hpp
[1.103s] -- Up-to-date: /home/harry/simul/simulation/install/apriltag_msgs/include/apriltag_msgs/apriltag_msgs/msg/detail/april_tag_detection__struct.hpp
[1.104s] -- Up-to-date: /home/harry/simul/simulation/install/apriltag_msgs/include/apriltag_msgs/apriltag_msgs/msg/detail/april_tag_detection__type_support.hpp
[1.104s] -- Up-to-date: /home/harry/simul/simulation/install/apriltag_msgs/include/apriltag_msgs/apriltag_msgs/msg/detail/point__type_support.hpp
[1.107s] -- Up-to-date: /home/harry/simul/simulation/install/apriltag_msgs/include/apriltag_msgs/apriltag_msgs/msg/detail/april_tag_detection_array__traits.hpp
[1.109s] -- Up-to-date: /home/harry/simul/simulation/install/apriltag_msgs/include/apriltag_msgs/apriltag_msgs/msg/detail/april_tag_detection__builder.hpp
[1.109s] -- Up-to-date: /home/harry/simul/simulation/install/apriltag_msgs/include/apriltag_msgs/apriltag_msgs/msg/detail/april_tag_detection__traits.hpp
[1.110s] -- Up-to-date: /home/harry/simul/simulation/install/apriltag_msgs/include/apriltag_msgs/apriltag_msgs/msg/detail/point__struct.hpp
[1.110s] -- Up-to-date: /home/harry/simul/simulation/install/apriltag_msgs/include/apriltag_msgs/apriltag_msgs/msg/detail/point__builder.hpp
[1.110s] -- Up-to-date: /home/harry/simul/simulation/install/apriltag_msgs/include/apriltag_msgs/apriltag_msgs
[1.110s] -- Up-to-date: /home/harry/simul/simulation/install/apriltag_msgs/include/apriltag_msgs/apriltag_msgs/msg
[1.110s] -- Up-to-date: /home/harry/simul/simulation/install/apriltag_msgs/include/apriltag_msgs/apriltag_msgs/msg/rosidl_typesupport_fastrtps_cpp__visibility_control.h
[1.110s] -- Up-to-date: /home/harry/simul/simulation/install/apriltag_msgs/include/apriltag_msgs/apriltag_msgs/msg/detail
[1.110s] -- Up-to-date: /home/harry/simul/simulation/install/apriltag_msgs/include/apriltag_msgs/apriltag_msgs/msg/detail/dds_fastrtps
[1.111s] -- Up-to-date: /home/harry/simul/simulation/install/apriltag_msgs/include/apriltag_msgs/apriltag_msgs/msg/detail/april_tag_detection__rosidl_typesupport_fastrtps_cpp.hpp
[1.111s] -- Up-to-date: /home/harry/simul/simulation/install/apriltag_msgs/include/apriltag_msgs/apriltag_msgs/msg/detail/point__rosidl_typesupport_fastrtps_cpp.hpp
[1.114s] -- Up-to-date: /home/harry/simul/simulation/install/apriltag_msgs/include/apriltag_msgs/apriltag_msgs/msg/detail/april_tag_detection_array__rosidl_typesupport_fastrtps_cpp.hpp
[1.114s] -- Up-to-date: /home/harry/simul/simulation/install/apriltag_msgs/lib/libapriltag_msgs__rosidl_typesupport_fastrtps_cpp.so
[1.114s] -- Up-to-date: /home/harry/simul/simulation/install/apriltag_msgs/include/apriltag_msgs/apriltag_msgs
[1.114s] -- Up-to-date: /home/harry/simul/simulation/install/apriltag_msgs/include/apriltag_msgs/apriltag_msgs/msg
[1.114s] -- Up-to-date: /home/harry/simul/simulation/install/apriltag_msgs/include/apriltag_msgs/apriltag_msgs/msg/detail
[1.114s] -- Up-to-date: /home/harry/simul/simulation/install/apriltag_msgs/include/apriltag_msgs/apriltag_msgs/msg/detail/april_tag_detection_array__rosidl_typesupport_introspection_cpp.hpp
[1.114s] -- Up-to-date: /home/harry/simul/simulation/install/apriltag_msgs/include/apriltag_msgs/apriltag_msgs/msg/detail/april_tag_detection__rosidl_typesupport_introspection_cpp.hpp
[1.114s] -- Up-to-date: /home/harry/simul/simulation/install/apriltag_msgs/include/apriltag_msgs/apriltag_msgs/msg/detail/april_tag_detection__type_support.cpp
[1.115s] -- Up-to-date: /home/harry/simul/simulation/install/apriltag_msgs/include/apriltag_msgs/apriltag_msgs/msg/detail/point__rosidl_typesupport_introspection_cpp.hpp
[1.115s] -- Up-to-date: /home/harry/simul/simulation/install/apriltag_msgs/include/apriltag_msgs/apriltag_msgs/msg/detail/point__type_support.cpp
[1.115s] -- Up-to-date: /home/harry/simul/simulation/install/apriltag_msgs/include/apriltag_msgs/apriltag_msgs/msg/detail/april_tag_detection_array__type_support.cpp
[1.115s] -- Up-to-date: /home/harry/simul/simulation/install/apriltag_msgs/lib/libapriltag_msgs__rosidl_typesupport_introspection_cpp.so
[1.115s] -- Up-to-date: /home/harry/simul/simulation/install/apriltag_msgs/lib/libapriltag_msgs__rosidl_typesupport_cpp.so
[1.115s] -- Up-to-date: /home/harry/simul/simulation/install/apriltag_msgs/share/apriltag_msgs/environment/pythonpath.sh
[1.115s] -- Up-to-date: /home/harry/simul/simulation/install/apriltag_msgs/share/apriltag_msgs/environment/pythonpath.dsv
[1.115s] -- Up-to-date: /home/harry/simul/simulation/install/apriltag_msgs/local/lib/python3.10/dist-packages/apriltag_msgs-2.0.1-py3.10.egg-info
[1.116s] -- Installing: /home/harry/simul/simulation/install/apriltag_msgs/local/lib/python3.10/dist-packages/apriltag_msgs-2.0.1-py3.10.egg-info/dependency_links.txt
[1.116s] -- Installing: /home/harry/simul/simulation/install/apriltag_msgs/local/lib/python3.10/dist-packages/apriltag_msgs-2.0.1-py3.10.egg-info/PKG-INFO
[1.116s] -- Installing: /home/harry/simul/simulation/install/apriltag_msgs/local/lib/python3.10/dist-packages/apriltag_msgs-2.0.1-py3.10.egg-info/top_level.txt
[1.116s] -- Installing: /home/harry/simul/simulation/install/apriltag_msgs/local/lib/python3.10/dist-packages/apriltag_msgs-2.0.1-py3.10.egg-info/SOURCES.txt
[1.116s] -- Up-to-date: /home/harry/simul/simulation/install/apriltag_msgs/local/lib/python3.10/dist-packages/apriltag_msgs
[1.116s] -- Up-to-date: /home/harry/simul/simulation/install/apriltag_msgs/local/lib/python3.10/dist-packages/apriltag_msgs/apriltag_msgs_s__rosidl_typesupport_fastrtps_c.cpython-310-x86_64-linux-gnu.so
[1.116s] -- Up-to-date: /home/harry/simul/simulation/install/apriltag_msgs/local/lib/python3.10/dist-packages/apriltag_msgs/__init__.py
[1.116s] -- Up-to-date: /home/harry/simul/simulation/install/apriltag_msgs/local/lib/python3.10/dist-packages/apriltag_msgs/apriltag_msgs_s__rosidl_typesupport_c.cpython-310-x86_64-linux-gnu.so
[1.116s] -- Up-to-date: /home/harry/simul/simulation/install/apriltag_msgs/local/lib/python3.10/dist-packages/apriltag_msgs/msg
[1.116s] -- Up-to-date: /home/harry/simul/simulation/install/apriltag_msgs/local/lib/python3.10/dist-packages/apriltag_msgs/msg/_april_tag_detection_array_s.c
[1.116s] -- Up-to-date: /home/harry/simul/simulation/install/apriltag_msgs/local/lib/python3.10/dist-packages/apriltag_msgs/msg/_april_tag_detection_s.c
[1.116s] -- Up-to-date: /home/harry/simul/simulation/install/apriltag_msgs/local/lib/python3.10/dist-packages/apriltag_msgs/msg/__init__.py
[1.116s] -- Up-to-date: /home/harry/simul/simulation/install/apriltag_msgs/local/lib/python3.10/dist-packages/apriltag_msgs/msg/_point.py
[1.116s] -- Up-to-date: /home/harry/simul/simulation/install/apriltag_msgs/local/lib/python3.10/dist-packages/apriltag_msgs/msg/_point_s.c
[1.116s] -- Up-to-date: /home/harry/simul/simulation/install/apriltag_msgs/local/lib/python3.10/dist-packages/apriltag_msgs/msg/_april_tag_detection_array.py
[1.117s] -- Up-to-date: /home/harry/simul/simulation/install/apriltag_msgs/local/lib/python3.10/dist-packages/apriltag_msgs/msg/_april_tag_detection.py
[1.117s] -- Up-to-date: /home/harry/simul/simulation/install/apriltag_msgs/local/lib/python3.10/dist-packages/apriltag_msgs/apriltag_msgs_s__rosidl_typesupport_introspection_c.cpython-310-x86_64-linux-gnu.so
[1.117s] -- Up-to-date: /home/harry/simul/simulation/install/apriltag_msgs/local/lib/python3.10/dist-packages/apriltag_msgs/_apriltag_msgs_s.ep.rosidl_typesupport_introspection_c.c
[1.117s] -- Up-to-date: /home/harry/simul/simulation/install/apriltag_msgs/local/lib/python3.10/dist-packages/apriltag_msgs/_apriltag_msgs_s.ep.rosidl_typesupport_c.c
[1.120s] -- Up-to-date: /home/harry/simul/simulation/install/apriltag_msgs/local/lib/python3.10/dist-packages/apriltag_msgs/libapriltag_msgs__rosidl_generator_py.so
[1.120s] -- Up-to-date: /home/harry/simul/simulation/install/apriltag_msgs/local/lib/python3.10/dist-packages/apriltag_msgs/_apriltag_msgs_s.ep.rosidl_typesupport_fastrtps_c.c
[1.214s] Listing '/home/harry/simul/simulation/install/apriltag_msgs/local/lib/python3.10/dist-packages/apriltag_msgs'...
[1.214s] Listing '/home/harry/simul/simulation/install/apriltag_msgs/local/lib/python3.10/dist-packages/apriltag_msgs/msg'...
[1.223s] -- Up-to-date: /home/harry/simul/simulation/install/apriltag_msgs/local/lib/python3.10/dist-packages/apriltag_msgs/apriltag_msgs_s__rosidl_typesupport_fastrtps_c.cpython-310-x86_64-linux-gnu.so
[1.224s] -- Up-to-date: /home/harry/simul/simulation/install/apriltag_msgs/local/lib/python3.10/dist-packages/apriltag_msgs/apriltag_msgs_s__rosidl_typesupport_introspection_c.cpython-310-x86_64-linux-gnu.so
[1.224s] -- Up-to-date: /home/harry/simul/simulation/install/apriltag_msgs/local/lib/python3.10/dist-packages/apriltag_msgs/apriltag_msgs_s__rosidl_typesupport_c.cpython-310-x86_64-linux-gnu.so
[1.225s] -- Up-to-date: /home/harry/simul/simulation/install/apriltag_msgs/lib/libapriltag_msgs__rosidl_generator_py.so
[1.226s] -- Up-to-date: /home/harry/simul/simulation/install/apriltag_msgs/share/apriltag_msgs/msg/Point.idl
[1.226s] -- Up-to-date: /home/harry/simul/simulation/install/apriltag_msgs/share/apriltag_msgs/msg/AprilTagDetection.idl
[1.226s] -- Up-to-date: /home/harry/simul/simulation/install/apriltag_msgs/share/apriltag_msgs/msg/AprilTagDetectionArray.idl
[1.226s] -- Up-to-date: /home/harry/simul/simulation/install/apriltag_msgs/share/apriltag_msgs/msg/Point.msg
[1.227s] -- Up-to-date: /home/harry/simul/simulation/install/apriltag_msgs/share/apriltag_msgs/msg/AprilTagDetection.msg
[1.228s] -- Up-to-date: /home/harry/simul/simulation/install/apriltag_msgs/share/apriltag_msgs/msg/AprilTagDetectionArray.msg
[1.228s] -- Up-to-date: /home/harry/simul/simulation/install/apriltag_msgs/share/ament_index/resource_index/package_run_dependencies/apriltag_msgs
[1.228s] -- Up-to-date: /home/harry/simul/simulation/install/apriltag_msgs/share/ament_index/resource_index/parent_prefix_path/apriltag_msgs
[1.229s] -- Up-to-date: /home/harry/simul/simulation/install/apriltag_msgs/share/apriltag_msgs/environment/ament_prefix_path.sh
[1.229s] -- Up-to-date: /home/harry/simul/simulation/install/apriltag_msgs/share/apriltag_msgs/environment/ament_prefix_path.dsv
[1.233s] -- Up-to-date: /home/harry/simul/simulation/install/apriltag_msgs/share/apriltag_msgs/environment/path.sh
[1.234s] -- Up-to-date: /home/harry/simul/simulation/install/apriltag_msgs/share/apriltag_msgs/environment/path.dsv
[1.234s] -- Up-to-date: /home/harry/simul/simulation/install/apriltag_msgs/share/apriltag_msgs/local_setup.bash
[1.234s] -- Up-to-date: /home/harry/simul/simulation/install/apriltag_msgs/share/apriltag_msgs/local_setup.sh
[1.234s] -- Up-to-date: /home/harry/simul/simulation/install/apriltag_msgs/share/apriltag_msgs/local_setup.zsh
[1.235s] -- Up-to-date: /home/harry/simul/simulation/install/apriltag_msgs/share/apriltag_msgs/local_setup.dsv
[1.235s] -- Installing: /home/harry/simul/simulation/install/apriltag_msgs/share/apriltag_msgs/package.dsv
[1.240s] -- Up-to-date: /home/harry/simul/simulation/install/apriltag_msgs/share/ament_index/resource_index/packages/apriltag_msgs
[1.240s] -- Up-to-date: /home/harry/simul/simulation/install/apriltag_msgs/share/apriltag_msgs/cmake/export_apriltag_msgs__rosidl_generator_cExport.cmake
[1.240s] -- Up-to-date: /home/harry/simul/simulation/install/apriltag_msgs/share/apriltag_msgs/cmake/export_apriltag_msgs__rosidl_generator_cExport-noconfig.cmake
[1.240s] -- Up-to-date: /home/harry/simul/simulation/install/apriltag_msgs/share/apriltag_msgs/cmake/export_apriltag_msgs__rosidl_typesupport_fastrtps_cExport.cmake
[1.241s] -- Up-to-date: /home/harry/simul/simulation/install/apriltag_msgs/share/apriltag_msgs/cmake/export_apriltag_msgs__rosidl_typesupport_fastrtps_cExport-noconfig.cmake
[1.241s] -- Up-to-date: /home/harry/simul/simulation/install/apriltag_msgs/share/apriltag_msgs/cmake/apriltag_msgs__rosidl_typesupport_introspection_cExport.cmake
[1.241s] -- Up-to-date: /home/harry/simul/simulation/install/apriltag_msgs/share/apriltag_msgs/cmake/apriltag_msgs__rosidl_typesupport_introspection_cExport-noconfig.cmake
[1.241s] -- Up-to-date: /home/harry/simul/simulation/install/apriltag_msgs/share/apriltag_msgs/cmake/apriltag_msgs__rosidl_typesupport_cExport.cmake
[1.241s] -- Up-to-date: /home/harry/simul/simulation/install/apriltag_msgs/share/apriltag_msgs/cmake/apriltag_msgs__rosidl_typesupport_cExport-noconfig.cmake
[1.241s] -- Up-to-date: /home/harry/simul/simulation/install/apriltag_msgs/share/apriltag_msgs/cmake/export_apriltag_msgs__rosidl_generator_cppExport.cmake
[1.241s] -- Up-to-date: /home/harry/simul/simulation/install/apriltag_msgs/share/apriltag_msgs/cmake/export_apriltag_msgs__rosidl_typesupport_fastrtps_cppExport.cmake
[1.242s] -- Up-to-date: /home/harry/simul/simulation/install/apriltag_msgs/share/apriltag_msgs/cmake/export_apriltag_msgs__rosidl_typesupport_fastrtps_cppExport-noconfig.cmake
[1.242s] -- Up-to-date: /home/harry/simul/simulation/install/apriltag_msgs/share/apriltag_msgs/cmake/apriltag_msgs__rosidl_typesupport_introspection_cppExport.cmake
[1.243s] -- Up-to-date: /home/harry/simul/simulation/install/apriltag_msgs/share/apriltag_msgs/cmake/apriltag_msgs__rosidl_typesupport_introspection_cppExport-noconfig.cmake
[1.243s] -- Up-to-date: /home/harry/simul/simulation/install/apriltag_msgs/share/apriltag_msgs/cmake/apriltag_msgs__rosidl_typesupport_cppExport.cmake
[1.243s] -- Up-to-date: /home/harry/simul/simulation/install/apriltag_msgs/share/apriltag_msgs/cmake/apriltag_msgs__rosidl_typesupport_cppExport-noconfig.cmake
[1.243s] -- Up-to-date: /home/harry/simul/simulation/install/apriltag_msgs/share/apriltag_msgs/cmake/export_apriltag_msgs__rosidl_generator_pyExport.cmake
[1.244s] -- Up-to-date: /home/harry/simul/simulation/install/apriltag_msgs/share/apriltag_msgs/cmake/export_apriltag_msgs__rosidl_generator_pyExport-noconfig.cmake
[1.244s] -- Up-to-date: /home/harry/simul/simulation/install/apriltag_msgs/share/apriltag_msgs/cmake/rosidl_cmake-extras.cmake
[1.244s] -- Up-to-date: /home/harry/simul/simulation/install/apriltag_msgs/share/apriltag_msgs/cmake/ament_cmake_export_dependencies-extras.cmake
[1.244s] -- Up-to-date: /home/harry/simul/simulation/install/apriltag_msgs/share/apriltag_msgs/cmake/ament_cmake_export_include_directories-extras.cmake
[1.244s] -- Up-to-date: /home/harry/simul/simulation/install/apriltag_msgs/share/apriltag_msgs/cmake/ament_cmake_export_libraries-extras.cmake
[1.244s] -- Up-to-date: /home/harry/simul/simulation/install/apriltag_msgs/share/apriltag_msgs/cmake/ament_cmake_export_targets-extras.cmake
[1.245s] -- Up-to-date: /home/harry/simul/simulation/install/apriltag_msgs/share/apriltag_msgs/cmake/rosidl_cmake_export_typesupport_targets-extras.cmake
[1.245s] -- Up-to-date: /home/harry/simul/simulation/install/apriltag_msgs/share/apriltag_msgs/cmake/rosidl_cmake_export_typesupport_libraries-extras.cmake
[1.245s] -- Up-to-date: /home/harry/simul/simulation/install/apriltag_msgs/share/apriltag_msgs/cmake/apriltag_msgsConfig.cmake
[1.245s] -- Up-to-date: /home/harry/simul/simulation/install/apriltag_msgs/share/apriltag_msgs/cmake/apriltag_msgsConfig-version.cmake
[1.245s] -- Up-to-date: /home/harry/simul/simulation/install/apriltag_msgs/share/apriltag_msgs/package.xml
[1.831s] Invoked command in '/home/harry/simul/simulation/build/apriltag_msgs' returned '0': CMAKE_PREFIX_PATH=${CMAKE_PREFIX_PATH}:/home/harry/robot/install/webcam_bringup:/home/harry/robot/install/teleop:/home/harry/robot/install/tag_detection:/home/harry/robot/install/robot_bringup:/home/harry/robot/install/pub_sub:/home/harry/robot/install/object_detection:/home/harry/robot/install/my_robot_navigation:/home/harry/robot/install/create3_teleop:/home/harry/robot/install/create3_examples_py:/opt/ros/humble /usr/bin/cmake --install /home/harry/simul/simulation/build/apriltag_msgs
