running egg_info
writing ../../build/tag_detection/tag_detection.egg-info/PKG-INFO
writing dependency_links to ../../build/tag_detection/tag_detection.egg-info/dependency_links.txt
writing entry points to ../../build/tag_detection/tag_detection.egg-info/entry_points.txt
writing requirements to ../../build/tag_detection/tag_detection.egg-info/requires.txt
writing top-level names to ../../build/tag_detection/tag_detection.egg-info/top_level.txt
reading manifest file '../../build/tag_detection/tag_detection.egg-info/SOURCES.txt'
writing manifest file '../../build/tag_detection/tag_detection.egg-info/SOURCES.txt'
running build
running build_py
running install
running install_lib
running install_data
running install_egg_info
removing '/home/harry/simul/simulation/install/tag_detection/lib/python3.10/site-packages/tag_detection-0.0.0-py3.10.egg-info' (and everything under it)
Copying ../../build/tag_detection/tag_detection.egg-info to /home/harry/simul/simulation/install/tag_detection/lib/python3.10/site-packages/tag_detection-0.0.0-py3.10.egg-info
running install_scripts
Installing distance_calc script to /home/harry/simul/simulation/install/tag_detection/lib/tag_detection
Installing listenernode script to /home/harry/simul/simulation/install/tag_detection/lib/tag_detection
writing list of installed files to '/home/harry/simul/simulation/build/tag_detection/install.log'
