[1.826s] Invoking command in '/home/harry/simul/simulation/src/simulation/art_gallery/tb3_description': PYTHONPATH=/home/harry/simul/simulation/build/tb3_description/prefix_override:/usr/lib/python3/dist-packages/colcon_core/task/python/colcon_distutils_commands:/home/harry/simul/simulation/install/tb3_description/lib/python3.10/site-packages:${PYTHONPATH} /usr/bin/python3 -W ignore:setup.py install is deprecated -W ignore:easy_install command is deprecated setup.py egg_info --egg-base ../../../../build/tb3_description build --build-base /home/harry/simul/simulation/build/tb3_description/build install --record /home/harry/simul/simulation/build/tb3_description/install.log --single-version-externally-managed install_data
[2.210s] running egg_info
[2.211s] writing ../../../../build/tb3_description/tb3_description.egg-info/PKG-INFO
[2.211s] writing dependency_links to ../../../../build/tb3_description/tb3_description.egg-info/dependency_links.txt
[2.212s] writing entry points to ../../../../build/tb3_description/tb3_description.egg-info/entry_points.txt
[2.212s] writing requirements to ../../../../build/tb3_description/tb3_description.egg-info/requires.txt
[2.213s] writing top-level names to ../../../../build/tb3_description/tb3_description.egg-info/top_level.txt
[2.215s] reading manifest file '../../../../build/tb3_description/tb3_description.egg-info/SOURCES.txt'
[2.217s] writing manifest file '../../../../build/tb3_description/tb3_description.egg-info/SOURCES.txt'
[2.217s] running build
[2.217s] running build_py
[2.218s] running install
[2.219s] running install_lib
[2.220s] running install_data
[2.221s] running install_egg_info
[2.223s] removing '/home/harry/simul/simulation/install/tb3_description/lib/python3.10/site-packages/tb3_description-0.0.0-py3.10.egg-info' (and everything under it)
[2.224s] Copying ../../../../build/tb3_description/tb3_description.egg-info to /home/harry/simul/simulation/install/tb3_description/lib/python3.10/site-packages/tb3_description-0.0.0-py3.10.egg-info
[2.225s] running install_scripts
[2.250s] writing list of installed files to '/home/harry/simul/simulation/build/tb3_description/install.log'
[2.279s] Invoked command in '/home/harry/simul/simulation/src/simulation/art_gallery/tb3_description' returned '0': PYTHONPATH=/home/harry/simul/simulation/build/tb3_description/prefix_override:/usr/lib/python3/dist-packages/colcon_core/task/python/colcon_distutils_commands:/home/harry/simul/simulation/install/tb3_description/lib/python3.10/site-packages:${PYTHONPATH} /usr/bin/python3 -W ignore:setup.py install is deprecated -W ignore:easy_install command is deprecated setup.py egg_info --egg-base ../../../../build/tb3_description build --build-base /home/harry/simul/simulation/build/tb3_description/build install --record /home/harry/simul/simulation/build/tb3_description/install.log --single-version-externally-managed install_data
