[0.059s] Invoking command in '/home/harry/simul/simulation/build/turtlesim': CMAKE_PREFIX_PATH=${CMAKE_PREFIX_PATH}:/home/harry/robot/install/webcam_bringup:/home/harry/robot/install/teleop:/home/harry/robot/install/tag_detection:/home/harry/robot/install/robot_bringup:/home/harry/robot/install/pub_sub:/home/harry/robot/install/object_detection:/home/harry/robot/install/my_robot_navigation:/home/harry/robot/install/create3_teleop:/home/harry/robot/install/create3_examples_py:/opt/ros/humble /usr/bin/cmake /home/harry/simul/simulation/src/ros_tutorials/turtlesim -DCMAKE_INSTALL_PREFIX=/home/harry/simul/simulation/install/turtlesim
[0.544s] -- The C compiler identification is GNU 11.4.0
[0.837s] -- The CXX compiler identification is GNU 11.4.0
[0.866s] -- Detecting C compiler ABI info
[1.447s] -- Detecting C compiler ABI info - done
[1.489s] -- Check for working C compiler: /usr/bin/cc - skipped
[1.490s] -- Detecting C compile features
[1.492s] -- Detecting C compile features - done
[1.510s] -- Detecting CXX compiler ABI info
[2.495s] -- Detecting CXX compiler ABI info - done
[2.563s] -- Check for working CXX compiler: /usr/bin/c++ - skipped
[2.565s] -- Detecting CXX compile features
[2.565s] -- Detecting CXX compile features - done
[2.592s] -- Found ament_cmake: 1.3.12 (/opt/ros/humble/share/ament_cmake/cmake)
[3.774s] -- Found Python3: /usr/bin/python3 (found version "3.10.12") found components: Interpreter 
[4.519s] -- Found ament_index_cpp: 1.4.0 (/opt/ros/humble/share/ament_index_cpp/cmake)
[4.557s] -- Found geometry_msgs: 4.9.0 (/opt/ros/humble/share/geometry_msgs/cmake)
[4.854s] -- Found rosidl_generator_c: 3.1.8 (/opt/ros/humble/share/rosidl_generator_c/cmake)
[4.966s] -- Found rosidl_adapter: 3.1.8 (/opt/ros/humble/share/rosidl_adapter/cmake)
[5.050s] -- Found rosidl_generator_cpp: 3.1.8 (/opt/ros/humble/share/rosidl_generator_cpp/cmake)
[5.122s] -- Using all available rosidl_typesupport_c: rosidl_typesupport_fastrtps_c;rosidl_typesupport_introspection_c
[5.281s] -- Using all available rosidl_typesupport_cpp: rosidl_typesupport_fastrtps_cpp;rosidl_typesupport_introspection_cpp
[5.907s] -- Found rclcpp: 16.0.17 (/opt/ros/humble/share/rclcpp/cmake)
[6.096s] -- Found rmw_implementation_cmake: 6.1.2 (/opt/ros/humble/share/rmw_implementation_cmake/cmake)
[6.107s] -- Found rmw_fastrtps_cpp: 6.2.9 (/opt/ros/humble/share/rmw_fastrtps_cpp/cmake)
[6.774s] -- Found OpenSSL: /usr/lib/x86_64-linux-gnu/libcrypto.so (found version "3.0.2")  
[7.026s] -- Found FastRTPS: /opt/ros/humble/include  
[7.257s] -- Using RMW implementation 'rmw_fastrtps_cpp' as default
[7.330s] -- Looking for pthread.h
[8.026s] -- Looking for pthread.h - found
[8.029s] -- Performing Test CMAKE_HAVE_LIBC_PTHREAD
[8.680s] -- Performing Test CMAKE_HAVE_LIBC_PTHREAD - Success
[8.687s] -- Found Threads: TRUE  
[9.017s] -- Found rclcpp_action: 16.0.17 (/opt/ros/humble/share/rclcpp_action/cmake)
[9.215s] -- Found rosidl_default_generators: 1.2.0 (/opt/ros/humble/share/rosidl_default_generators/cmake)
[9.294s] -- Found std_srvs: 4.9.0 (/opt/ros/humble/share/std_srvs/cmake)
[10.897s] -- Found ament_cmake_ros: 0.10.0 (/opt/ros/humble/share/ament_cmake_ros/cmake)
[11.744s] -- Using all available rosidl_typesupport_c: rosidl_typesupport_fastrtps_c;rosidl_typesupport_introspection_c
[12.132s] -- Using all available rosidl_typesupport_cpp: rosidl_typesupport_fastrtps_cpp;rosidl_typesupport_introspection_cpp
[12.219s] -- Found PythonInterp: /usr/bin/python3 (found suitable version "3.10.12", minimum required is "3.6") 
[12.230s] -- Found python_cmake_module: 0.10.0 (/opt/ros/humble/share/python_cmake_module/cmake)
[12.304s] -- Found PythonLibs: /usr/lib/x86_64-linux-gnu/libpython3.10.so (found suitable version "3.10.12", minimum required is "3.5") 
[12.305s] -- Using PYTHON_EXECUTABLE: /usr/bin/python3
[12.308s] -- Using PYTHON_INCLUDE_DIRS: /usr/include/python3.10
[12.309s] -- Using PYTHON_LIBRARIES: /usr/lib/x86_64-linux-gnu/libpython3.10.so
[12.350s] -- Found PythonExtra: .so  
[12.529s] -- Configuring done
[12.759s] -- Generating done
[12.888s] -- Build files have been written to: /home/harry/simul/simulation/build/turtlesim
[13.164s] Invoked command in '/home/harry/simul/simulation/build/turtlesim' returned '0': CMAKE_PREFIX_PATH=${CMAKE_PREFIX_PATH}:/home/harry/robot/install/webcam_bringup:/home/harry/robot/install/teleop:/home/harry/robot/install/tag_detection:/home/harry/robot/install/robot_bringup:/home/harry/robot/install/pub_sub:/home/harry/robot/install/object_detection:/home/harry/robot/install/my_robot_navigation:/home/harry/robot/install/create3_teleop:/home/harry/robot/install/create3_examples_py:/opt/ros/humble /usr/bin/cmake /home/harry/simul/simulation/src/ros_tutorials/turtlesim -DCMAKE_INSTALL_PREFIX=/home/harry/simul/simulation/install/turtlesim
[13.168s] Invoking command in '/home/harry/simul/simulation/build/turtlesim': CMAKE_PREFIX_PATH=${CMAKE_PREFIX_PATH}:/home/harry/robot/install/webcam_bringup:/home/harry/robot/install/teleop:/home/harry/robot/install/tag_detection:/home/harry/robot/install/robot_bringup:/home/harry/robot/install/pub_sub:/home/harry/robot/install/object_detection:/home/harry/robot/install/my_robot_navigation:/home/harry/robot/install/create3_teleop:/home/harry/robot/install/create3_examples_py:/opt/ros/humble /usr/bin/cmake --build /home/harry/simul/simulation/build/turtlesim -- -j4 -l4
[13.481s] [  1%] [34m[1mGenerating C code for ROS interfaces[0m
[13.600s] [  2%] [34m[1mGenerating C++ code for ROS interfaces[0m
[13.648s] [  2%] Built target ament_cmake_python_copy_turtlesim
[16.166s] running egg_info
[16.167s] creating turtlesim.egg-info
[16.168s] writing turtlesim.egg-info/PKG-INFO
[16.168s] writing dependency_links to turtlesim.egg-info/dependency_links.txt
[16.169s] writing top-level names to turtlesim.egg-info/top_level.txt
[16.169s] writing manifest file 'turtlesim.egg-info/SOURCES.txt'
[16.177s] reading manifest file 'turtlesim.egg-info/SOURCES.txt'
[16.180s] writing manifest file 'turtlesim.egg-info/SOURCES.txt'
[16.476s] [  2%] Built target ament_cmake_python_build_turtlesim_egg
[19.478s] [  3%] [32mBuilding C object CMakeFiles/turtlesim__rosidl_generator_c.dir/rosidl_generator_c/turtlesim/action/detail/rotate_absolute__functions.c.o[0m
[19.526s] [  4%] [32mBuilding C object CMakeFiles/turtlesim__rosidl_generator_c.dir/rosidl_generator_c/turtlesim/msg/detail/color__functions.c.o[0m
[20.196s] [  5%] [32mBuilding C object CMakeFiles/turtlesim__rosidl_generator_c.dir/rosidl_generator_c/turtlesim/msg/detail/pose__functions.c.o[0m
[20.221s] [  6%] [32mBuilding C object CMakeFiles/turtlesim__rosidl_generator_c.dir/rosidl_generator_c/turtlesim/srv/detail/kill__functions.c.o[0m
[20.237s] [  6%] Built target turtlesim__cpp
[20.279s] [  7%] [32mBuilding C object CMakeFiles/turtlesim__rosidl_generator_c.dir/rosidl_generator_c/turtlesim/srv/detail/set_pen__functions.c.o[0m
[20.294s] [  8%] [34m[1mGenerating C++ type support dispatch for ROS interfaces[0m
[20.444s] [  9%] [32mBuilding C object CMakeFiles/turtlesim__rosidl_generator_c.dir/rosidl_generator_c/turtlesim/srv/detail/spawn__functions.c.o[0m
[20.513s] [ 10%] [32mBuilding C object CMakeFiles/turtlesim__rosidl_generator_c.dir/rosidl_generator_c/turtlesim/srv/detail/teleport_absolute__functions.c.o[0m
[20.573s] [ 11%] [32mBuilding C object CMakeFiles/turtlesim__rosidl_generator_c.dir/rosidl_generator_c/turtlesim/srv/detail/teleport_relative__functions.c.o[0m
[20.710s] [ 12%] [34m[1mGenerating C++ type support for eProsima Fast-RTPS[0m
[20.751s] [ 13%] [34m[1mGenerating C++ introspection for ROS interfaces[0m
[20.855s] [ 14%] [32m[1mLinking C shared library libturtlesim__rosidl_generator_c.so[0m
[21.103s] [ 14%] Built target turtlesim__rosidl_generator_c
[21.155s] [ 15%] [34m[1mGenerating C type support for eProsima Fast-RTPS[0m
[23.797s] [ 16%] [32mBuilding CXX object CMakeFiles/turtlesim__rosidl_typesupport_cpp.dir/rosidl_typesupport_cpp/turtlesim/action/rotate_absolute__type_support.cpp.o[0m
[24.710s] [ 17%] [32mBuilding CXX object CMakeFiles/turtlesim__rosidl_typesupport_introspection_cpp.dir/rosidl_typesupport_introspection_cpp/turtlesim/action/detail/rotate_absolute__type_support.cpp.o[0m
[24.850s] [ 18%] [32mBuilding CXX object CMakeFiles/turtlesim__rosidl_typesupport_fastrtps_c.dir/rosidl_typesupport_fastrtps_c/turtlesim/action/detail/rotate_absolute__type_support_c.cpp.o[0m
[25.081s] [ 19%] [32mBuilding CXX object CMakeFiles/turtlesim__rosidl_typesupport_fastrtps_cpp.dir/rosidl_typesupport_fastrtps_cpp/turtlesim/action/detail/dds_fastrtps/rotate_absolute__type_support.cpp.o[0m
[25.719s] [ 20%] [32mBuilding CXX object CMakeFiles/turtlesim__rosidl_typesupport_cpp.dir/rosidl_typesupport_cpp/turtlesim/msg/color__type_support.cpp.o[0m
[26.118s] [ 21%] [32mBuilding CXX object CMakeFiles/turtlesim__rosidl_typesupport_fastrtps_c.dir/rosidl_typesupport_fastrtps_c/turtlesim/msg/detail/color__type_support_c.cpp.o[0m
[27.035s] [ 22%] [32mBuilding CXX object CMakeFiles/turtlesim__rosidl_typesupport_cpp.dir/rosidl_typesupport_cpp/turtlesim/msg/pose__type_support.cpp.o[0m
[27.544s] [ 23%] [32mBuilding CXX object CMakeFiles/turtlesim__rosidl_typesupport_fastrtps_c.dir/rosidl_typesupport_fastrtps_c/turtlesim/msg/detail/pose__type_support_c.cpp.o[0m
[27.563s] [ 24%] [32mBuilding CXX object CMakeFiles/turtlesim__rosidl_typesupport_introspection_cpp.dir/rosidl_typesupport_introspection_cpp/turtlesim/msg/detail/color__type_support.cpp.o[0m
[27.573s] [ 25%] [32mBuilding CXX object CMakeFiles/turtlesim__rosidl_typesupport_fastrtps_cpp.dir/rosidl_typesupport_fastrtps_cpp/turtlesim/msg/detail/dds_fastrtps/color__type_support.cpp.o[0m
[28.238s] [ 26%] [32mBuilding CXX object CMakeFiles/turtlesim__rosidl_typesupport_cpp.dir/rosidl_typesupport_cpp/turtlesim/srv/kill__type_support.cpp.o[0m
[28.374s] [ 27%] [32mBuilding CXX object CMakeFiles/turtlesim__rosidl_typesupport_fastrtps_c.dir/rosidl_typesupport_fastrtps_c/turtlesim/srv/detail/kill__type_support_c.cpp.o[0m
[28.681s] [ 28%] [32mBuilding CXX object CMakeFiles/turtlesim__rosidl_typesupport_fastrtps_cpp.dir/rosidl_typesupport_fastrtps_cpp/turtlesim/msg/detail/dds_fastrtps/pose__type_support.cpp.o[0m
[28.780s] [ 29%] [32mBuilding CXX object CMakeFiles/turtlesim__rosidl_typesupport_introspection_cpp.dir/rosidl_typesupport_introspection_cpp/turtlesim/msg/detail/pose__type_support.cpp.o[0m
[29.330s] [ 30%] [32mBuilding CXX object CMakeFiles/turtlesim__rosidl_typesupport_fastrtps_c.dir/rosidl_typesupport_fastrtps_c/turtlesim/srv/detail/set_pen__type_support_c.cpp.o[0m
[29.406s] [ 31%] [32mBuilding CXX object CMakeFiles/turtlesim__rosidl_typesupport_cpp.dir/rosidl_typesupport_cpp/turtlesim/srv/set_pen__type_support.cpp.o[0m
[29.946s] [ 32%] [32mBuilding CXX object CMakeFiles/turtlesim__rosidl_typesupport_fastrtps_cpp.dir/rosidl_typesupport_fastrtps_cpp/turtlesim/srv/detail/dds_fastrtps/kill__type_support.cpp.o[0m
[30.332s] [ 33%] [32mBuilding CXX object CMakeFiles/turtlesim__rosidl_typesupport_cpp.dir/rosidl_typesupport_cpp/turtlesim/srv/spawn__type_support.cpp.o[0m
[30.370s] [ 34%] [32mBuilding CXX object CMakeFiles/turtlesim__rosidl_typesupport_introspection_cpp.dir/rosidl_typesupport_introspection_cpp/turtlesim/srv/detail/kill__type_support.cpp.o[0m
[30.481s] [ 35%] [32mBuilding CXX object CMakeFiles/turtlesim__rosidl_typesupport_fastrtps_c.dir/rosidl_typesupport_fastrtps_c/turtlesim/srv/detail/spawn__type_support_c.cpp.o[0m
[31.253s] [ 36%] [32mBuilding CXX object CMakeFiles/turtlesim__rosidl_typesupport_cpp.dir/rosidl_typesupport_cpp/turtlesim/srv/teleport_absolute__type_support.cpp.o[0m
[31.351s] [ 37%] [32mBuilding CXX object CMakeFiles/turtlesim__rosidl_typesupport_introspection_cpp.dir/rosidl_typesupport_introspection_cpp/turtlesim/srv/detail/set_pen__type_support.cpp.o[0m
[31.418s] [ 38%] [32mBuilding CXX object CMakeFiles/turtlesim__rosidl_typesupport_fastrtps_cpp.dir/rosidl_typesupport_fastrtps_cpp/turtlesim/srv/detail/dds_fastrtps/set_pen__type_support.cpp.o[0m
[31.849s] [ 39%] [32mBuilding CXX object CMakeFiles/turtlesim__rosidl_typesupport_fastrtps_c.dir/rosidl_typesupport_fastrtps_c/turtlesim/srv/detail/teleport_absolute__type_support_c.cpp.o[0m
[32.045s] [ 40%] [32mBuilding CXX object CMakeFiles/turtlesim__rosidl_typesupport_cpp.dir/rosidl_typesupport_cpp/turtlesim/srv/teleport_relative__type_support.cpp.o[0m
[32.495s] [ 41%] [32mBuilding CXX object CMakeFiles/turtlesim__rosidl_typesupport_introspection_cpp.dir/rosidl_typesupport_introspection_cpp/turtlesim/srv/detail/spawn__type_support.cpp.o[0m
[32.986s] [ 42%] [32mBuilding CXX object CMakeFiles/turtlesim__rosidl_typesupport_fastrtps_cpp.dir/rosidl_typesupport_fastrtps_cpp/turtlesim/srv/detail/dds_fastrtps/spawn__type_support.cpp.o[0m
[33.046s] [ 43%] [32m[1mLinking CXX shared library libturtlesim__rosidl_typesupport_cpp.so[0m
[33.191s] [ 44%] [32mBuilding CXX object CMakeFiles/turtlesim__rosidl_typesupport_fastrtps_c.dir/rosidl_typesupport_fastrtps_c/turtlesim/srv/detail/teleport_relative__type_support_c.cpp.o[0m
[33.260s] [ 44%] Built target turtlesim__rosidl_typesupport_cpp
[33.324s] [ 45%] [34m[1mGenerating C introspection for ROS interfaces[0m
[33.922s] [ 46%] [32mBuilding CXX object CMakeFiles/turtlesim__rosidl_typesupport_introspection_cpp.dir/rosidl_typesupport_introspection_cpp/turtlesim/srv/detail/teleport_absolute__type_support.cpp.o[0m
[34.264s] [ 47%] [32m[1mLinking CXX shared library libturtlesim__rosidl_typesupport_fastrtps_c.so[0m
[34.558s] [ 48%] [32mBuilding CXX object CMakeFiles/turtlesim__rosidl_typesupport_fastrtps_cpp.dir/rosidl_typesupport_fastrtps_cpp/turtlesim/srv/detail/dds_fastrtps/teleport_absolute__type_support.cpp.o[0m
[34.826s] [ 48%] Built target turtlesim__rosidl_typesupport_fastrtps_c
[34.873s] [ 49%] [32mBuilding CXX object CMakeFiles/turtlesim__rosidl_typesupport_fastrtps_cpp.dir/rosidl_typesupport_fastrtps_cpp/turtlesim/srv/detail/dds_fastrtps/teleport_relative__type_support.cpp.o[0m
[35.708s] [ 50%] [32mBuilding CXX object CMakeFiles/turtlesim__rosidl_typesupport_introspection_cpp.dir/rosidl_typesupport_introspection_cpp/turtlesim/srv/detail/teleport_relative__type_support.cpp.o[0m
[36.186s] [ 51%] [34m[1mGenerating C type support dispatch for ROS interfaces[0m
[36.532s] [ 52%] [32m[1mLinking CXX shared library libturtlesim__rosidl_typesupport_fastrtps_cpp.so[0m
[36.685s] [ 53%] [32m[1mLinking CXX shared library libturtlesim__rosidl_typesupport_introspection_cpp.so[0m
[36.859s] [ 53%] Built target turtlesim__rosidl_typesupport_fastrtps_cpp
[36.923s] [ 54%] [34m[1mGenerating include/turtlesim/moc_turtle_frame.cpp[0m
[37.012s] [ 54%] Built target turtlesim__rosidl_typesupport_introspection_cpp
[37.013s] [ 55%] [32mBuilding C object CMakeFiles/turtlesim__rosidl_typesupport_introspection_c.dir/rosidl_typesupport_introspection_c/turtlesim/action/detail/rotate_absolute__type_support.c.o[0m
[37.104s] [ 56%] [32mBuilding CXX object CMakeFiles/turtle_teleop_key.dir/tutorials/teleop_turtle_key.cpp.o[0m
[37.193s] [ 57%] [32mBuilding C object CMakeFiles/turtlesim__rosidl_typesupport_introspection_c.dir/rosidl_typesupport_introspection_c/turtlesim/msg/detail/color__type_support.c.o[0m
[37.300s] [ 58%] [32mBuilding C object CMakeFiles/turtlesim__rosidl_typesupport_introspection_c.dir/rosidl_typesupport_introspection_c/turtlesim/msg/detail/pose__type_support.c.o[0m
[37.326s] [ 59%] [32mBuilding CXX object CMakeFiles/turtlesim_node.dir/src/turtlesim.cpp.o[0m
[37.448s] [ 60%] [32mBuilding C object CMakeFiles/turtlesim__rosidl_typesupport_introspection_c.dir/rosidl_typesupport_introspection_c/turtlesim/srv/detail/kill__type_support.c.o[0m
[37.592s] [ 61%] [32mBuilding C object CMakeFiles/turtlesim__rosidl_typesupport_introspection_c.dir/rosidl_typesupport_introspection_c/turtlesim/srv/detail/set_pen__type_support.c.o[0m
[37.694s] [ 62%] [32mBuilding C object CMakeFiles/turtlesim__rosidl_typesupport_introspection_c.dir/rosidl_typesupport_introspection_c/turtlesim/srv/detail/spawn__type_support.c.o[0m
[37.851s] [ 63%] [32mBuilding C object CMakeFiles/turtlesim__rosidl_typesupport_introspection_c.dir/rosidl_typesupport_introspection_c/turtlesim/srv/detail/teleport_absolute__type_support.c.o[0m
[38.018s] [ 64%] [32mBuilding C object CMakeFiles/turtlesim__rosidl_typesupport_introspection_c.dir/rosidl_typesupport_introspection_c/turtlesim/srv/detail/teleport_relative__type_support.c.o[0m
[38.109s] [ 65%] [32mBuilding CXX object CMakeFiles/turtlesim__rosidl_typesupport_c.dir/rosidl_typesupport_c/turtlesim/action/rotate_absolute__type_support.cpp.o[0m
[38.121s] [ 66%] [32m[1mLinking C shared library libturtlesim__rosidl_typesupport_introspection_c.so[0m
[38.229s] [ 66%] Built target turtlesim__rosidl_typesupport_introspection_c
[38.287s] [ 67%] [32mBuilding CXX object CMakeFiles/turtlesim__rosidl_typesupport_c.dir/rosidl_typesupport_c/turtlesim/msg/color__type_support.cpp.o[0m
[38.345s] [ 68%] [32mBuilding CXX object CMakeFiles/draw_square.dir/tutorials/draw_square.cpp.o[0m
[38.366s] [ 69%] [32mBuilding CXX object CMakeFiles/turtlesim__rosidl_typesupport_c.dir/rosidl_typesupport_c/turtlesim/msg/pose__type_support.cpp.o[0m
[38.441s] [ 70%] [32mBuilding CXX object CMakeFiles/turtlesim__rosidl_typesupport_c.dir/rosidl_typesupport_c/turtlesim/srv/kill__type_support.cpp.o[0m
[38.543s] [ 71%] [32mBuilding CXX object CMakeFiles/turtlesim__rosidl_typesupport_c.dir/rosidl_typesupport_c/turtlesim/srv/set_pen__type_support.cpp.o[0m
[38.772s] [ 72%] [32mBuilding CXX object CMakeFiles/turtlesim__rosidl_typesupport_c.dir/rosidl_typesupport_c/turtlesim/srv/spawn__type_support.cpp.o[0m
[38.893s] [ 73%] [32mBuilding CXX object CMakeFiles/turtlesim__rosidl_typesupport_c.dir/rosidl_typesupport_c/turtlesim/srv/teleport_absolute__type_support.cpp.o[0m
[38.974s] [ 74%] [32mBuilding CXX object CMakeFiles/turtlesim__rosidl_typesupport_c.dir/rosidl_typesupport_c/turtlesim/srv/teleport_relative__type_support.cpp.o[0m
[39.042s] [ 75%] [32m[1mLinking CXX shared library libturtlesim__rosidl_typesupport_c.so[0m
[39.256s] [ 75%] Built target turtlesim__rosidl_typesupport_c
[39.379s] [ 76%] [32mBuilding CXX object CMakeFiles/mimic.dir/tutorials/mimic.cpp.o[0m
[56.449s] [ 77%] [32mBuilding CXX object CMakeFiles/turtlesim_node.dir/src/turtle.cpp.o[0m
[61.980s] [ 78%] [32m[1mLinking CXX executable turtle_teleop_key[0m
[62.703s] [ 78%] Built target turtle_teleop_key
[69.496s] [ 79%] [32m[1mLinking CXX executable mimic[0m
[70.014s] [ 80%] [32m[1mLinking CXX executable draw_square[0m
[70.320s] [ 80%] Built target mimic
[71.070s] [ 80%] Built target draw_square
[81.661s] [ 81%] [32mBuilding CXX object CMakeFiles/turtlesim_node.dir/src/turtle_frame.cpp.o[0m
[81.661s] [ 82%] [32mBuilding CXX object CMakeFiles/turtlesim_node.dir/include/turtlesim/moc_turtle_frame.cpp.o[0m
[98.690s] [ 83%] [32m[1mLinking CXX executable turtlesim_node[0m
[101.925s] [ 83%] Built target turtlesim_node
[101.962s] [ 83%] Built target turtlesim
[102.000s] [ 84%] [34m[1mGenerating Python code for ROS interfaces[0m
[104.267s] [ 84%] Built target turtlesim__py
[104.306s] [ 85%] [32mBuilding C object CMakeFiles/turtlesim__rosidl_generator_py.dir/rosidl_generator_py/turtlesim/action/_rotate_absolute_s.c.o[0m
[104.306s] [ 86%] [32mBuilding C object CMakeFiles/turtlesim__rosidl_generator_py.dir/rosidl_generator_py/turtlesim/msg/_pose_s.c.o[0m
[104.307s] [ 87%] [32mBuilding C object CMakeFiles/turtlesim__rosidl_generator_py.dir/rosidl_generator_py/turtlesim/msg/_color_s.c.o[0m
[104.312s] [ 88%] [32mBuilding C object CMakeFiles/turtlesim__rosidl_generator_py.dir/rosidl_generator_py/turtlesim/srv/_kill_s.c.o[0m
[104.519s] [ 89%] [32mBuilding C object CMakeFiles/turtlesim__rosidl_generator_py.dir/rosidl_generator_py/turtlesim/srv/_set_pen_s.c.o[0m
[104.535s] [ 90%] [32mBuilding C object CMakeFiles/turtlesim__rosidl_generator_py.dir/rosidl_generator_py/turtlesim/srv/_spawn_s.c.o[0m
[104.557s] [ 91%] [32mBuilding C object CMakeFiles/turtlesim__rosidl_generator_py.dir/rosidl_generator_py/turtlesim/srv/_teleport_absolute_s.c.o[0m
[104.618s] [ 92%] [32mBuilding C object CMakeFiles/turtlesim__rosidl_generator_py.dir/rosidl_generator_py/turtlesim/srv/_teleport_relative_s.c.o[0m
[104.819s] [ 93%] [32m[1mLinking C shared library rosidl_generator_py/turtlesim/libturtlesim__rosidl_generator_py.so[0m
[104.886s] [ 93%] Built target turtlesim__rosidl_generator_py
[104.929s] [ 94%] [32mBuilding C object CMakeFiles/turtlesim__rosidl_typesupport_c__pyext.dir/rosidl_generator_py/turtlesim/_turtlesim_s.ep.rosidl_typesupport_c.c.o[0m
[104.929s] [ 95%] [32mBuilding C object CMakeFiles/turtlesim__rosidl_typesupport_introspection_c__pyext.dir/rosidl_generator_py/turtlesim/_turtlesim_s.ep.rosidl_typesupport_introspection_c.c.o[0m
[104.932s] [ 96%] [32mBuilding C object CMakeFiles/turtlesim__rosidl_typesupport_fastrtps_c__pyext.dir/rosidl_generator_py/turtlesim/_turtlesim_s.ep.rosidl_typesupport_fastrtps_c.c.o[0m
[105.208s] [ 98%] [32m[1mLinking C shared library rosidl_generator_py/turtlesim/turtlesim_s__rosidl_typesupport_fastrtps_c.cpython-310-x86_64-linux-gnu.so[0m
[105.209s] [ 98%] [32m[1mLinking C shared library rosidl_generator_py/turtlesim/turtlesim_s__rosidl_typesupport_introspection_c.cpython-310-x86_64-linux-gnu.so[0m
[105.210s] [100%] [32m[1mLinking C shared library rosidl_generator_py/turtlesim/turtlesim_s__rosidl_typesupport_c.cpython-310-x86_64-linux-gnu.so[0m
[105.291s] [100%] Built target turtlesim__rosidl_typesupport_c__pyext
[105.294s] [100%] Built target turtlesim__rosidl_typesupport_fastrtps_c__pyext
[105.296s] [100%] Built target turtlesim__rosidl_typesupport_introspection_c__pyext
[105.320s] Invoked command in '/home/harry/simul/simulation/build/turtlesim' returned '0': CMAKE_PREFIX_PATH=${CMAKE_PREFIX_PATH}:/home/harry/robot/install/webcam_bringup:/home/harry/robot/install/teleop:/home/harry/robot/install/tag_detection:/home/harry/robot/install/robot_bringup:/home/harry/robot/install/pub_sub:/home/harry/robot/install/object_detection:/home/harry/robot/install/my_robot_navigation:/home/harry/robot/install/create3_teleop:/home/harry/robot/install/create3_examples_py:/opt/ros/humble /usr/bin/cmake --build /home/harry/simul/simulation/build/turtlesim -- -j4 -l4
[105.322s] Invoking command in '/home/harry/simul/simulation/build/turtlesim': CMAKE_PREFIX_PATH=${CMAKE_PREFIX_PATH}:/home/harry/robot/install/webcam_bringup:/home/harry/robot/install/teleop:/home/harry/robot/install/tag_detection:/home/harry/robot/install/robot_bringup:/home/harry/robot/install/pub_sub:/home/harry/robot/install/object_detection:/home/harry/robot/install/my_robot_navigation:/home/harry/robot/install/create3_teleop:/home/harry/robot/install/create3_examples_py:/opt/ros/humble /usr/bin/cmake --install /home/harry/simul/simulation/build/turtlesim
[105.333s] -- Install configuration: ""
[105.334s] -- Installing: /home/harry/simul/simulation/install/turtlesim/share/ament_index/resource_index/rosidl_interfaces/turtlesim
[105.334s] -- Installing: /home/harry/simul/simulation/install/turtlesim/include/turtlesim/turtlesim
[105.334s] -- Installing: /home/harry/simul/simulation/install/turtlesim/include/turtlesim/turtlesim/srv
[105.335s] -- Installing: /home/harry/simul/simulation/install/turtlesim/include/turtlesim/turtlesim/srv/spawn.h
[105.335s] -- Installing: /home/harry/simul/simulation/install/turtlesim/include/turtlesim/turtlesim/srv/teleport_relative.h
[105.335s] -- Installing: /home/harry/simul/simulation/install/turtlesim/include/turtlesim/turtlesim/srv/kill.h
[105.335s] -- Installing: /home/harry/simul/simulation/install/turtlesim/include/turtlesim/turtlesim/srv/set_pen.h
[105.336s] -- Installing: /home/harry/simul/simulation/install/turtlesim/include/turtlesim/turtlesim/srv/teleport_absolute.h
[105.336s] -- Installing: /home/harry/simul/simulation/install/turtlesim/include/turtlesim/turtlesim/srv/detail
[105.336s] -- Installing: /home/harry/simul/simulation/install/turtlesim/include/turtlesim/turtlesim/srv/detail/teleport_relative__functions.c
[105.336s] -- Installing: /home/harry/simul/simulation/install/turtlesim/include/turtlesim/turtlesim/srv/detail/spawn__functions.h
[105.336s] -- Installing: /home/harry/simul/simulation/install/turtlesim/include/turtlesim/turtlesim/srv/detail/kill__type_support.h
[105.337s] -- Installing: /home/harry/simul/simulation/install/turtlesim/include/turtlesim/turtlesim/srv/detail/set_pen__type_support.h
[105.337s] -- Installing: /home/harry/simul/simulation/install/turtlesim/include/turtlesim/turtlesim/srv/detail/kill__struct.h
[105.337s] -- Installing: /home/harry/simul/simulation/install/turtlesim/include/turtlesim/turtlesim/srv/detail/teleport_absolute__struct.h
[105.337s] -- Installing: /home/harry/simul/simulation/install/turtlesim/include/turtlesim/turtlesim/srv/detail/teleport_relative__functions.h
[105.338s] -- Installing: /home/harry/simul/simulation/install/turtlesim/include/turtlesim/turtlesim/srv/detail/kill__functions.h
[105.338s] -- Installing: /home/harry/simul/simulation/install/turtlesim/include/turtlesim/turtlesim/srv/detail/set_pen__struct.h
[105.338s] -- Installing: /home/harry/simul/simulation/install/turtlesim/include/turtlesim/turtlesim/srv/detail/set_pen__functions.h
[105.339s] -- Installing: /home/harry/simul/simulation/install/turtlesim/include/turtlesim/turtlesim/srv/detail/teleport_relative__type_support.h
[105.339s] -- Installing: /home/harry/simul/simulation/install/turtlesim/include/turtlesim/turtlesim/srv/detail/spawn__type_support.h
[105.339s] -- Installing: /home/harry/simul/simulation/install/turtlesim/include/turtlesim/turtlesim/srv/detail/teleport_absolute__functions.h
[105.339s] -- Installing: /home/harry/simul/simulation/install/turtlesim/include/turtlesim/turtlesim/srv/detail/kill__functions.c
[105.339s] -- Installing: /home/harry/simul/simulation/install/turtlesim/include/turtlesim/turtlesim/srv/detail/teleport_absolute__type_support.h
[105.339s] -- Installing: /home/harry/simul/simulation/install/turtlesim/include/turtlesim/turtlesim/srv/detail/spawn__struct.h
[105.339s] -- Installing: /home/harry/simul/simulation/install/turtlesim/include/turtlesim/turtlesim/srv/detail/spawn__functions.c
[105.340s] -- Installing: /home/harry/simul/simulation/install/turtlesim/include/turtlesim/turtlesim/srv/detail/set_pen__functions.c
[105.340s] -- Installing: /home/harry/simul/simulation/install/turtlesim/include/turtlesim/turtlesim/srv/detail/teleport_relative__struct.h
[105.340s] -- Installing: /home/harry/simul/simulation/install/turtlesim/include/turtlesim/turtlesim/srv/detail/teleport_absolute__functions.c
[105.340s] -- Installing: /home/harry/simul/simulation/install/turtlesim/include/turtlesim/turtlesim/msg
[105.340s] -- Installing: /home/harry/simul/simulation/install/turtlesim/include/turtlesim/turtlesim/msg/pose.h
[105.340s] -- Installing: /home/harry/simul/simulation/install/turtlesim/include/turtlesim/turtlesim/msg/rosidl_generator_c__visibility_control.h
[105.341s] -- Installing: /home/harry/simul/simulation/install/turtlesim/include/turtlesim/turtlesim/msg/color.h
[105.341s] -- Installing: /home/harry/simul/simulation/install/turtlesim/include/turtlesim/turtlesim/msg/detail
[105.341s] -- Installing: /home/harry/simul/simulation/install/turtlesim/include/turtlesim/turtlesim/msg/detail/pose__type_support.h
[105.341s] -- Installing: /home/harry/simul/simulation/install/turtlesim/include/turtlesim/turtlesim/msg/detail/color__struct.h
[105.341s] -- Installing: /home/harry/simul/simulation/install/turtlesim/include/turtlesim/turtlesim/msg/detail/pose__functions.h
[105.341s] -- Installing: /home/harry/simul/simulation/install/turtlesim/include/turtlesim/turtlesim/msg/detail/color__type_support.h
[105.341s] -- Installing: /home/harry/simul/simulation/install/turtlesim/include/turtlesim/turtlesim/msg/detail/pose__functions.c
[105.341s] -- Installing: /home/harry/simul/simulation/install/turtlesim/include/turtlesim/turtlesim/msg/detail/color__functions.h
[105.341s] -- Installing: /home/harry/simul/simulation/install/turtlesim/include/turtlesim/turtlesim/msg/detail/color__functions.c
[105.341s] -- Installing: /home/harry/simul/simulation/install/turtlesim/include/turtlesim/turtlesim/msg/detail/pose__struct.h
[105.341s] -- Installing: /home/harry/simul/simulation/install/turtlesim/include/turtlesim/turtlesim/action
[105.341s] -- Installing: /home/harry/simul/simulation/install/turtlesim/include/turtlesim/turtlesim/action/rotate_absolute.h
[105.342s] -- Installing: /home/harry/simul/simulation/install/turtlesim/include/turtlesim/turtlesim/action/detail
[105.342s] -- Installing: /home/harry/simul/simulation/install/turtlesim/include/turtlesim/turtlesim/action/detail/rotate_absolute__functions.h
[105.342s] -- Installing: /home/harry/simul/simulation/install/turtlesim/include/turtlesim/turtlesim/action/detail/rotate_absolute__functions.c
[105.342s] -- Installing: /home/harry/simul/simulation/install/turtlesim/include/turtlesim/turtlesim/action/detail/rotate_absolute__struct.h
[105.342s] -- Installing: /home/harry/simul/simulation/install/turtlesim/include/turtlesim/turtlesim/action/detail/rotate_absolute__type_support.h
[105.342s] -- Installing: /home/harry/simul/simulation/install/turtlesim/share/turtlesim/environment/library_path.sh
[105.342s] -- Installing: /home/harry/simul/simulation/install/turtlesim/share/turtlesim/environment/library_path.dsv
[105.342s] -- Installing: /home/harry/simul/simulation/install/turtlesim/lib/libturtlesim__rosidl_generator_c.so
[105.343s] -- Set runtime path of "/home/harry/simul/simulation/install/turtlesim/lib/libturtlesim__rosidl_generator_c.so" to ""
[105.343s] -- Up-to-date: /home/harry/simul/simulation/install/turtlesim/include/turtlesim/turtlesim
[105.343s] -- Up-to-date: /home/harry/simul/simulation/install/turtlesim/include/turtlesim/turtlesim/srv
[105.343s] -- Up-to-date: /home/harry/simul/simulation/install/turtlesim/include/turtlesim/turtlesim/srv/detail
[105.344s] -- Installing: /home/harry/simul/simulation/install/turtlesim/include/turtlesim/turtlesim/srv/detail/teleport_relative__rosidl_typesupport_fastrtps_c.h
[105.344s] -- Installing: /home/harry/simul/simulation/install/turtlesim/include/turtlesim/turtlesim/srv/detail/teleport_absolute__rosidl_typesupport_fastrtps_c.h
[105.344s] -- Installing: /home/harry/simul/simulation/install/turtlesim/include/turtlesim/turtlesim/srv/detail/spawn__rosidl_typesupport_fastrtps_c.h
[105.345s] -- Installing: /home/harry/simul/simulation/install/turtlesim/include/turtlesim/turtlesim/srv/detail/kill__rosidl_typesupport_fastrtps_c.h
[105.345s] -- Installing: /home/harry/simul/simulation/install/turtlesim/include/turtlesim/turtlesim/srv/detail/set_pen__rosidl_typesupport_fastrtps_c.h
[105.345s] -- Up-to-date: /home/harry/simul/simulation/install/turtlesim/include/turtlesim/turtlesim/msg
[105.345s] -- Installing: /home/harry/simul/simulation/install/turtlesim/include/turtlesim/turtlesim/msg/rosidl_typesupport_fastrtps_c__visibility_control.h
[105.345s] -- Up-to-date: /home/harry/simul/simulation/install/turtlesim/include/turtlesim/turtlesim/msg/detail
[105.345s] -- Installing: /home/harry/simul/simulation/install/turtlesim/include/turtlesim/turtlesim/msg/detail/color__rosidl_typesupport_fastrtps_c.h
[105.346s] -- Installing: /home/harry/simul/simulation/install/turtlesim/include/turtlesim/turtlesim/msg/detail/pose__rosidl_typesupport_fastrtps_c.h
[105.346s] -- Up-to-date: /home/harry/simul/simulation/install/turtlesim/include/turtlesim/turtlesim/action
[105.346s] -- Up-to-date: /home/harry/simul/simulation/install/turtlesim/include/turtlesim/turtlesim/action/detail
[105.346s] -- Installing: /home/harry/simul/simulation/install/turtlesim/include/turtlesim/turtlesim/action/detail/rotate_absolute__rosidl_typesupport_fastrtps_c.h
[105.347s] -- Installing: /home/harry/simul/simulation/install/turtlesim/lib/libturtlesim__rosidl_typesupport_fastrtps_c.so
[105.347s] -- Set runtime path of "/home/harry/simul/simulation/install/turtlesim/lib/libturtlesim__rosidl_typesupport_fastrtps_c.so" to ""
[105.347s] -- Up-to-date: /home/harry/simul/simulation/install/turtlesim/include/turtlesim/turtlesim
[105.347s] -- Up-to-date: /home/harry/simul/simulation/install/turtlesim/include/turtlesim/turtlesim/srv
[105.348s] -- Installing: /home/harry/simul/simulation/install/turtlesim/include/turtlesim/turtlesim/srv/spawn.hpp
[105.348s] -- Installing: /home/harry/simul/simulation/install/turtlesim/include/turtlesim/turtlesim/srv/teleport_absolute.hpp
[105.348s] -- Installing: /home/harry/simul/simulation/install/turtlesim/include/turtlesim/turtlesim/srv/set_pen.hpp
[105.348s] -- Up-to-date: /home/harry/simul/simulation/install/turtlesim/include/turtlesim/turtlesim/srv/detail
[105.349s] -- Installing: /home/harry/simul/simulation/install/turtlesim/include/turtlesim/turtlesim/srv/detail/spawn__struct.hpp
[105.349s] -- Installing: /home/harry/simul/simulation/install/turtlesim/include/turtlesim/turtlesim/srv/detail/teleport_absolute__builder.hpp
[105.349s] -- Installing: /home/harry/simul/simulation/install/turtlesim/include/turtlesim/turtlesim/srv/detail/set_pen__type_support.hpp
[105.349s] -- Installing: /home/harry/simul/simulation/install/turtlesim/include/turtlesim/turtlesim/srv/detail/set_pen__traits.hpp
[105.349s] -- Installing: /home/harry/simul/simulation/install/turtlesim/include/turtlesim/turtlesim/srv/detail/kill__traits.hpp
[105.350s] -- Installing: /home/harry/simul/simulation/install/turtlesim/include/turtlesim/turtlesim/srv/detail/teleport_absolute__type_support.hpp
[105.350s] -- Installing: /home/harry/simul/simulation/install/turtlesim/include/turtlesim/turtlesim/srv/detail/teleport_absolute__struct.hpp
[105.350s] -- Installing: /home/harry/simul/simulation/install/turtlesim/include/turtlesim/turtlesim/srv/detail/kill__builder.hpp
[105.350s] -- Installing: /home/harry/simul/simulation/install/turtlesim/include/turtlesim/turtlesim/srv/detail/teleport_relative__traits.hpp
[105.351s] -- Installing: /home/harry/simul/simulation/install/turtlesim/include/turtlesim/turtlesim/srv/detail/teleport_absolute__traits.hpp
[105.351s] -- Installing: /home/harry/simul/simulation/install/turtlesim/include/turtlesim/turtlesim/srv/detail/spawn__traits.hpp
[105.351s] -- Installing: /home/harry/simul/simulation/install/turtlesim/include/turtlesim/turtlesim/srv/detail/teleport_relative__struct.hpp
[105.351s] -- Installing: /home/harry/simul/simulation/install/turtlesim/include/turtlesim/turtlesim/srv/detail/kill__type_support.hpp
[105.351s] -- Installing: /home/harry/simul/simulation/install/turtlesim/include/turtlesim/turtlesim/srv/detail/spawn__builder.hpp
[105.351s] -- Installing: /home/harry/simul/simulation/install/turtlesim/include/turtlesim/turtlesim/srv/detail/set_pen__struct.hpp
[105.352s] -- Installing: /home/harry/simul/simulation/install/turtlesim/include/turtlesim/turtlesim/srv/detail/kill__struct.hpp
[105.352s] -- Installing: /home/harry/simul/simulation/install/turtlesim/include/turtlesim/turtlesim/srv/detail/teleport_relative__type_support.hpp
[105.352s] -- Installing: /home/harry/simul/simulation/install/turtlesim/include/turtlesim/turtlesim/srv/detail/teleport_relative__builder.hpp
[105.352s] -- Installing: /home/harry/simul/simulation/install/turtlesim/include/turtlesim/turtlesim/srv/detail/spawn__type_support.hpp
[105.353s] -- Installing: /home/harry/simul/simulation/install/turtlesim/include/turtlesim/turtlesim/srv/detail/set_pen__builder.hpp
[105.353s] -- Installing: /home/harry/simul/simulation/install/turtlesim/include/turtlesim/turtlesim/srv/kill.hpp
[105.353s] -- Installing: /home/harry/simul/simulation/install/turtlesim/include/turtlesim/turtlesim/srv/teleport_relative.hpp
[105.353s] -- Up-to-date: /home/harry/simul/simulation/install/turtlesim/include/turtlesim/turtlesim/msg
[105.354s] -- Installing: /home/harry/simul/simulation/install/turtlesim/include/turtlesim/turtlesim/msg/rosidl_generator_cpp__visibility_control.hpp
[105.354s] -- Installing: /home/harry/simul/simulation/install/turtlesim/include/turtlesim/turtlesim/msg/color.hpp
[105.354s] -- Installing: /home/harry/simul/simulation/install/turtlesim/include/turtlesim/turtlesim/msg/pose.hpp
[105.354s] -- Up-to-date: /home/harry/simul/simulation/install/turtlesim/include/turtlesim/turtlesim/msg/detail
[105.354s] -- Installing: /home/harry/simul/simulation/install/turtlesim/include/turtlesim/turtlesim/msg/detail/pose__struct.hpp
[105.355s] -- Installing: /home/harry/simul/simulation/install/turtlesim/include/turtlesim/turtlesim/msg/detail/pose__traits.hpp
[105.355s] -- Installing: /home/harry/simul/simulation/install/turtlesim/include/turtlesim/turtlesim/msg/detail/color__struct.hpp
[105.355s] -- Installing: /home/harry/simul/simulation/install/turtlesim/include/turtlesim/turtlesim/msg/detail/color__type_support.hpp
[105.356s] -- Installing: /home/harry/simul/simulation/install/turtlesim/include/turtlesim/turtlesim/msg/detail/color__builder.hpp
[105.356s] -- Installing: /home/harry/simul/simulation/install/turtlesim/include/turtlesim/turtlesim/msg/detail/pose__type_support.hpp
[105.356s] -- Installing: /home/harry/simul/simulation/install/turtlesim/include/turtlesim/turtlesim/msg/detail/color__traits.hpp
[105.356s] -- Installing: /home/harry/simul/simulation/install/turtlesim/include/turtlesim/turtlesim/msg/detail/pose__builder.hpp
[105.357s] -- Up-to-date: /home/harry/simul/simulation/install/turtlesim/include/turtlesim/turtlesim/action
[105.357s] -- Installing: /home/harry/simul/simulation/install/turtlesim/include/turtlesim/turtlesim/action/rotate_absolute.hpp
[105.357s] -- Up-to-date: /home/harry/simul/simulation/install/turtlesim/include/turtlesim/turtlesim/action/detail
[105.357s] -- Installing: /home/harry/simul/simulation/install/turtlesim/include/turtlesim/turtlesim/action/detail/rotate_absolute__struct.hpp
[105.357s] -- Installing: /home/harry/simul/simulation/install/turtlesim/include/turtlesim/turtlesim/action/detail/rotate_absolute__traits.hpp
[105.358s] -- Installing: /home/harry/simul/simulation/install/turtlesim/include/turtlesim/turtlesim/action/detail/rotate_absolute__builder.hpp
[105.358s] -- Installing: /home/harry/simul/simulation/install/turtlesim/include/turtlesim/turtlesim/action/detail/rotate_absolute__type_support.hpp
[105.358s] -- Up-to-date: /home/harry/simul/simulation/install/turtlesim/include/turtlesim/turtlesim
[105.358s] -- Up-to-date: /home/harry/simul/simulation/install/turtlesim/include/turtlesim/turtlesim/srv
[105.358s] -- Up-to-date: /home/harry/simul/simulation/install/turtlesim/include/turtlesim/turtlesim/srv/detail
[105.358s] -- Installing: /home/harry/simul/simulation/install/turtlesim/include/turtlesim/turtlesim/srv/detail/spawn__rosidl_typesupport_fastrtps_cpp.hpp
[105.359s] -- Installing: /home/harry/simul/simulation/install/turtlesim/include/turtlesim/turtlesim/srv/detail/dds_fastrtps
[105.359s] -- Installing: /home/harry/simul/simulation/install/turtlesim/include/turtlesim/turtlesim/srv/detail/teleport_absolute__rosidl_typesupport_fastrtps_cpp.hpp
[105.359s] -- Installing: /home/harry/simul/simulation/install/turtlesim/include/turtlesim/turtlesim/srv/detail/kill__rosidl_typesupport_fastrtps_cpp.hpp
[105.359s] -- Installing: /home/harry/simul/simulation/install/turtlesim/include/turtlesim/turtlesim/srv/detail/teleport_relative__rosidl_typesupport_fastrtps_cpp.hpp
[105.359s] -- Installing: /home/harry/simul/simulation/install/turtlesim/include/turtlesim/turtlesim/srv/detail/set_pen__rosidl_typesupport_fastrtps_cpp.hpp
[105.359s] -- Up-to-date: /home/harry/simul/simulation/install/turtlesim/include/turtlesim/turtlesim/msg
[105.359s] -- Installing: /home/harry/simul/simulation/install/turtlesim/include/turtlesim/turtlesim/msg/rosidl_typesupport_fastrtps_cpp__visibility_control.h
[105.359s] -- Up-to-date: /home/harry/simul/simulation/install/turtlesim/include/turtlesim/turtlesim/msg/detail
[105.359s] -- Installing: /home/harry/simul/simulation/install/turtlesim/include/turtlesim/turtlesim/msg/detail/dds_fastrtps
[105.359s] -- Installing: /home/harry/simul/simulation/install/turtlesim/include/turtlesim/turtlesim/msg/detail/pose__rosidl_typesupport_fastrtps_cpp.hpp
[105.360s] -- Installing: /home/harry/simul/simulation/install/turtlesim/include/turtlesim/turtlesim/msg/detail/color__rosidl_typesupport_fastrtps_cpp.hpp
[105.360s] -- Up-to-date: /home/harry/simul/simulation/install/turtlesim/include/turtlesim/turtlesim/action
[105.360s] -- Up-to-date: /home/harry/simul/simulation/install/turtlesim/include/turtlesim/turtlesim/action/detail
[105.360s] -- Installing: /home/harry/simul/simulation/install/turtlesim/include/turtlesim/turtlesim/action/detail/dds_fastrtps
[105.360s] -- Installing: /home/harry/simul/simulation/install/turtlesim/include/turtlesim/turtlesim/action/detail/rotate_absolute__rosidl_typesupport_fastrtps_cpp.hpp
[105.360s] -- Installing: /home/harry/simul/simulation/install/turtlesim/lib/libturtlesim__rosidl_typesupport_fastrtps_cpp.so
[105.360s] -- Set runtime path of "/home/harry/simul/simulation/install/turtlesim/lib/libturtlesim__rosidl_typesupport_fastrtps_cpp.so" to ""
[105.360s] -- Up-to-date: /home/harry/simul/simulation/install/turtlesim/include/turtlesim/turtlesim
[105.360s] -- Up-to-date: /home/harry/simul/simulation/install/turtlesim/include/turtlesim/turtlesim/srv
[105.361s] -- Up-to-date: /home/harry/simul/simulation/install/turtlesim/include/turtlesim/turtlesim/srv/detail
[105.361s] -- Installing: /home/harry/simul/simulation/install/turtlesim/include/turtlesim/turtlesim/srv/detail/teleport_relative__rosidl_typesupport_introspection_c.h
[105.361s] -- Installing: /home/harry/simul/simulation/install/turtlesim/include/turtlesim/turtlesim/srv/detail/kill__type_support.c
[105.361s] -- Installing: /home/harry/simul/simulation/install/turtlesim/include/turtlesim/turtlesim/srv/detail/teleport_absolute__rosidl_typesupport_introspection_c.h
[105.361s] -- Installing: /home/harry/simul/simulation/install/turtlesim/include/turtlesim/turtlesim/srv/detail/spawn__type_support.c
[105.362s] -- Installing: /home/harry/simul/simulation/install/turtlesim/include/turtlesim/turtlesim/srv/detail/teleport_absolute__type_support.c
[105.362s] -- Installing: /home/harry/simul/simulation/install/turtlesim/include/turtlesim/turtlesim/srv/detail/spawn__rosidl_typesupport_introspection_c.h
[105.362s] -- Installing: /home/harry/simul/simulation/install/turtlesim/include/turtlesim/turtlesim/srv/detail/set_pen__type_support.c
[105.362s] -- Installing: /home/harry/simul/simulation/install/turtlesim/include/turtlesim/turtlesim/srv/detail/kill__rosidl_typesupport_introspection_c.h
[105.363s] -- Installing: /home/harry/simul/simulation/install/turtlesim/include/turtlesim/turtlesim/srv/detail/set_pen__rosidl_typesupport_introspection_c.h
[105.363s] -- Installing: /home/harry/simul/simulation/install/turtlesim/include/turtlesim/turtlesim/srv/detail/teleport_relative__type_support.c
[105.363s] -- Up-to-date: /home/harry/simul/simulation/install/turtlesim/include/turtlesim/turtlesim/msg
[105.363s] -- Installing: /home/harry/simul/simulation/install/turtlesim/include/turtlesim/turtlesim/msg/rosidl_typesupport_introspection_c__visibility_control.h
[105.363s] -- Up-to-date: /home/harry/simul/simulation/install/turtlesim/include/turtlesim/turtlesim/msg/detail
[105.364s] -- Installing: /home/harry/simul/simulation/install/turtlesim/include/turtlesim/turtlesim/msg/detail/pose__rosidl_typesupport_introspection_c.h
[105.364s] -- Installing: /home/harry/simul/simulation/install/turtlesim/include/turtlesim/turtlesim/msg/detail/pose__type_support.c
[105.364s] -- Installing: /home/harry/simul/simulation/install/turtlesim/include/turtlesim/turtlesim/msg/detail/color__type_support.c
[105.364s] -- Installing: /home/harry/simul/simulation/install/turtlesim/include/turtlesim/turtlesim/msg/detail/color__rosidl_typesupport_introspection_c.h
[105.364s] -- Up-to-date: /home/harry/simul/simulation/install/turtlesim/include/turtlesim/turtlesim/action
[105.365s] -- Up-to-date: /home/harry/simul/simulation/install/turtlesim/include/turtlesim/turtlesim/action/detail
[105.365s] -- Installing: /home/harry/simul/simulation/install/turtlesim/include/turtlesim/turtlesim/action/detail/rotate_absolute__type_support.c
[105.365s] -- Installing: /home/harry/simul/simulation/install/turtlesim/include/turtlesim/turtlesim/action/detail/rotate_absolute__rosidl_typesupport_introspection_c.h
[105.365s] -- Installing: /home/harry/simul/simulation/install/turtlesim/lib/libturtlesim__rosidl_typesupport_introspection_c.so
[105.366s] -- Set runtime path of "/home/harry/simul/simulation/install/turtlesim/lib/libturtlesim__rosidl_typesupport_introspection_c.so" to ""
[105.366s] -- Installing: /home/harry/simul/simulation/install/turtlesim/lib/libturtlesim__rosidl_typesupport_c.so
[105.366s] -- Set runtime path of "/home/harry/simul/simulation/install/turtlesim/lib/libturtlesim__rosidl_typesupport_c.so" to ""
[105.366s] -- Up-to-date: /home/harry/simul/simulation/install/turtlesim/include/turtlesim/turtlesim
[105.367s] -- Up-to-date: /home/harry/simul/simulation/install/turtlesim/include/turtlesim/turtlesim/srv
[105.367s] -- Up-to-date: /home/harry/simul/simulation/install/turtlesim/include/turtlesim/turtlesim/srv/detail
[105.367s] -- Installing: /home/harry/simul/simulation/install/turtlesim/include/turtlesim/turtlesim/srv/detail/kill__rosidl_typesupport_introspection_cpp.hpp
[105.367s] -- Installing: /home/harry/simul/simulation/install/turtlesim/include/turtlesim/turtlesim/srv/detail/set_pen__type_support.cpp
[105.368s] -- Installing: /home/harry/simul/simulation/install/turtlesim/include/turtlesim/turtlesim/srv/detail/spawn__type_support.cpp
[105.368s] -- Installing: /home/harry/simul/simulation/install/turtlesim/include/turtlesim/turtlesim/srv/detail/teleport_absolute__type_support.cpp
[105.368s] -- Installing: /home/harry/simul/simulation/install/turtlesim/include/turtlesim/turtlesim/srv/detail/teleport_absolute__rosidl_typesupport_introspection_cpp.hpp
[105.368s] -- Installing: /home/harry/simul/simulation/install/turtlesim/include/turtlesim/turtlesim/srv/detail/set_pen__rosidl_typesupport_introspection_cpp.hpp
[105.369s] -- Installing: /home/harry/simul/simulation/install/turtlesim/include/turtlesim/turtlesim/srv/detail/kill__type_support.cpp
[105.369s] -- Installing: /home/harry/simul/simulation/install/turtlesim/include/turtlesim/turtlesim/srv/detail/teleport_relative__rosidl_typesupport_introspection_cpp.hpp
[105.369s] -- Installing: /home/harry/simul/simulation/install/turtlesim/include/turtlesim/turtlesim/srv/detail/spawn__rosidl_typesupport_introspection_cpp.hpp
[105.369s] -- Installing: /home/harry/simul/simulation/install/turtlesim/include/turtlesim/turtlesim/srv/detail/teleport_relative__type_support.cpp
[105.369s] -- Up-to-date: /home/harry/simul/simulation/install/turtlesim/include/turtlesim/turtlesim/msg
[105.370s] -- Up-to-date: /home/harry/simul/simulation/install/turtlesim/include/turtlesim/turtlesim/msg/detail
[105.370s] -- Installing: /home/harry/simul/simulation/install/turtlesim/include/turtlesim/turtlesim/msg/detail/pose__type_support.cpp
[105.370s] -- Installing: /home/harry/simul/simulation/install/turtlesim/include/turtlesim/turtlesim/msg/detail/color__rosidl_typesupport_introspection_cpp.hpp
[105.370s] -- Installing: /home/harry/simul/simulation/install/turtlesim/include/turtlesim/turtlesim/msg/detail/pose__rosidl_typesupport_introspection_cpp.hpp
[105.371s] -- Installing: /home/harry/simul/simulation/install/turtlesim/include/turtlesim/turtlesim/msg/detail/color__type_support.cpp
[105.371s] -- Up-to-date: /home/harry/simul/simulation/install/turtlesim/include/turtlesim/turtlesim/action
[105.371s] -- Up-to-date: /home/harry/simul/simulation/install/turtlesim/include/turtlesim/turtlesim/action/detail
[105.371s] -- Installing: /home/harry/simul/simulation/install/turtlesim/include/turtlesim/turtlesim/action/detail/rotate_absolute__type_support.cpp
[105.372s] -- Installing: /home/harry/simul/simulation/install/turtlesim/include/turtlesim/turtlesim/action/detail/rotate_absolute__rosidl_typesupport_introspection_cpp.hpp
[105.372s] -- Installing: /home/harry/simul/simulation/install/turtlesim/lib/libturtlesim__rosidl_typesupport_introspection_cpp.so
[105.372s] -- Set runtime path of "/home/harry/simul/simulation/install/turtlesim/lib/libturtlesim__rosidl_typesupport_introspection_cpp.so" to ""
[105.373s] -- Installing: /home/harry/simul/simulation/install/turtlesim/lib/libturtlesim__rosidl_typesupport_cpp.so
[105.373s] -- Set runtime path of "/home/harry/simul/simulation/install/turtlesim/lib/libturtlesim__rosidl_typesupport_cpp.so" to ""
[105.373s] -- Installing: /home/harry/simul/simulation/install/turtlesim/share/turtlesim/environment/pythonpath.sh
[105.373s] -- Installing: /home/harry/simul/simulation/install/turtlesim/share/turtlesim/environment/pythonpath.dsv
[105.373s] -- Installing: /home/harry/simul/simulation/install/turtlesim/local/lib/python3.10/dist-packages/turtlesim-1.4.3-py3.10.egg-info
[105.374s] -- Installing: /home/harry/simul/simulation/install/turtlesim/local/lib/python3.10/dist-packages/turtlesim-1.4.3-py3.10.egg-info/dependency_links.txt
[105.374s] -- Installing: /home/harry/simul/simulation/install/turtlesim/local/lib/python3.10/dist-packages/turtlesim-1.4.3-py3.10.egg-info/PKG-INFO
[105.374s] -- Installing: /home/harry/simul/simulation/install/turtlesim/local/lib/python3.10/dist-packages/turtlesim-1.4.3-py3.10.egg-info/top_level.txt
[105.374s] -- Installing: /home/harry/simul/simulation/install/turtlesim/local/lib/python3.10/dist-packages/turtlesim-1.4.3-py3.10.egg-info/SOURCES.txt
[105.374s] -- Installing: /home/harry/simul/simulation/install/turtlesim/local/lib/python3.10/dist-packages/turtlesim
[105.374s] -- Installing: /home/harry/simul/simulation/install/turtlesim/local/lib/python3.10/dist-packages/turtlesim/turtlesim_s__rosidl_typesupport_fastrtps_c.cpython-310-x86_64-linux-gnu.so
[105.374s] -- Installing: /home/harry/simul/simulation/install/turtlesim/local/lib/python3.10/dist-packages/turtlesim/_turtlesim_s.ep.rosidl_typesupport_fastrtps_c.c
[105.374s] -- Installing: /home/harry/simul/simulation/install/turtlesim/local/lib/python3.10/dist-packages/turtlesim/srv
[105.374s] -- Installing: /home/harry/simul/simulation/install/turtlesim/local/lib/python3.10/dist-packages/turtlesim/srv/_teleport_absolute.py
[105.375s] -- Installing: /home/harry/simul/simulation/install/turtlesim/local/lib/python3.10/dist-packages/turtlesim/srv/_teleport_absolute_s.c
[105.375s] -- Installing: /home/harry/simul/simulation/install/turtlesim/local/lib/python3.10/dist-packages/turtlesim/srv/_set_pen_s.c
[105.375s] -- Installing: /home/harry/simul/simulation/install/turtlesim/local/lib/python3.10/dist-packages/turtlesim/srv/_spawn.py
[105.375s] -- Installing: /home/harry/simul/simulation/install/turtlesim/local/lib/python3.10/dist-packages/turtlesim/srv/__init__.py
[105.375s] -- Installing: /home/harry/simul/simulation/install/turtlesim/local/lib/python3.10/dist-packages/turtlesim/srv/_kill.py
[105.375s] -- Installing: /home/harry/simul/simulation/install/turtlesim/local/lib/python3.10/dist-packages/turtlesim/srv/_spawn_s.c
[105.375s] -- Installing: /home/harry/simul/simulation/install/turtlesim/local/lib/python3.10/dist-packages/turtlesim/srv/_set_pen.py
[105.375s] -- Installing: /home/harry/simul/simulation/install/turtlesim/local/lib/python3.10/dist-packages/turtlesim/srv/_teleport_relative.py
[105.375s] -- Installing: /home/harry/simul/simulation/install/turtlesim/local/lib/python3.10/dist-packages/turtlesim/srv/_teleport_relative_s.c
[105.375s] -- Installing: /home/harry/simul/simulation/install/turtlesim/local/lib/python3.10/dist-packages/turtlesim/srv/_kill_s.c
[105.375s] -- Installing: /home/harry/simul/simulation/install/turtlesim/local/lib/python3.10/dist-packages/turtlesim/__init__.py
[105.375s] -- Installing: /home/harry/simul/simulation/install/turtlesim/local/lib/python3.10/dist-packages/turtlesim/msg
[105.375s] -- Installing: /home/harry/simul/simulation/install/turtlesim/local/lib/python3.10/dist-packages/turtlesim/msg/_color_s.c
[105.375s] -- Installing: /home/harry/simul/simulation/install/turtlesim/local/lib/python3.10/dist-packages/turtlesim/msg/_pose.py
[105.375s] -- Installing: /home/harry/simul/simulation/install/turtlesim/local/lib/python3.10/dist-packages/turtlesim/msg/__init__.py
[105.375s] -- Installing: /home/harry/simul/simulation/install/turtlesim/local/lib/python3.10/dist-packages/turtlesim/msg/_color.py
[105.375s] -- Installing: /home/harry/simul/simulation/install/turtlesim/local/lib/python3.10/dist-packages/turtlesim/msg/_pose_s.c
[105.376s] -- Installing: /home/harry/simul/simulation/install/turtlesim/local/lib/python3.10/dist-packages/turtlesim/_turtlesim_s.ep.rosidl_typesupport_introspection_c.c
[105.376s] -- Installing: /home/harry/simul/simulation/install/turtlesim/local/lib/python3.10/dist-packages/turtlesim/_turtlesim_s.ep.rosidl_typesupport_c.c
[105.376s] -- Installing: /home/harry/simul/simulation/install/turtlesim/local/lib/python3.10/dist-packages/turtlesim/turtlesim_s__rosidl_typesupport_c.cpython-310-x86_64-linux-gnu.so
[105.376s] -- Installing: /home/harry/simul/simulation/install/turtlesim/local/lib/python3.10/dist-packages/turtlesim/action
[105.376s] -- Installing: /home/harry/simul/simulation/install/turtlesim/local/lib/python3.10/dist-packages/turtlesim/action/__init__.py
[105.376s] -- Installing: /home/harry/simul/simulation/install/turtlesim/local/lib/python3.10/dist-packages/turtlesim/action/_rotate_absolute_s.c
[105.376s] -- Installing: /home/harry/simul/simulation/install/turtlesim/local/lib/python3.10/dist-packages/turtlesim/action/_rotate_absolute.py
[105.376s] -- Installing: /home/harry/simul/simulation/install/turtlesim/local/lib/python3.10/dist-packages/turtlesim/libturtlesim__rosidl_generator_py.so
[105.376s] -- Installing: /home/harry/simul/simulation/install/turtlesim/local/lib/python3.10/dist-packages/turtlesim/turtlesim_s__rosidl_typesupport_introspection_c.cpython-310-x86_64-linux-gnu.so
[105.448s] Listing '/home/harry/simul/simulation/install/turtlesim/local/lib/python3.10/dist-packages/turtlesim'...
[105.448s] Compiling '/home/harry/simul/simulation/install/turtlesim/local/lib/python3.10/dist-packages/turtlesim/__init__.py'...
[105.449s] Listing '/home/harry/simul/simulation/install/turtlesim/local/lib/python3.10/dist-packages/turtlesim/action'...
[105.449s] Compiling '/home/harry/simul/simulation/install/turtlesim/local/lib/python3.10/dist-packages/turtlesim/action/__init__.py'...
[105.449s] Compiling '/home/harry/simul/simulation/install/turtlesim/local/lib/python3.10/dist-packages/turtlesim/action/_rotate_absolute.py'...
[105.449s] Listing '/home/harry/simul/simulation/install/turtlesim/local/lib/python3.10/dist-packages/turtlesim/msg'...
[105.449s] Compiling '/home/harry/simul/simulation/install/turtlesim/local/lib/python3.10/dist-packages/turtlesim/msg/__init__.py'...
[105.449s] Compiling '/home/harry/simul/simulation/install/turtlesim/local/lib/python3.10/dist-packages/turtlesim/msg/_color.py'...
[105.449s] Compiling '/home/harry/simul/simulation/install/turtlesim/local/lib/python3.10/dist-packages/turtlesim/msg/_pose.py'...
[105.450s] Listing '/home/harry/simul/simulation/install/turtlesim/local/lib/python3.10/dist-packages/turtlesim/srv'...
[105.450s] Compiling '/home/harry/simul/simulation/install/turtlesim/local/lib/python3.10/dist-packages/turtlesim/srv/__init__.py'...
[105.450s] Compiling '/home/harry/simul/simulation/install/turtlesim/local/lib/python3.10/dist-packages/turtlesim/srv/_kill.py'...
[105.450s] Compiling '/home/harry/simul/simulation/install/turtlesim/local/lib/python3.10/dist-packages/turtlesim/srv/_set_pen.py'...
[105.450s] Compiling '/home/harry/simul/simulation/install/turtlesim/local/lib/python3.10/dist-packages/turtlesim/srv/_spawn.py'...
[105.450s] Compiling '/home/harry/simul/simulation/install/turtlesim/local/lib/python3.10/dist-packages/turtlesim/srv/_teleport_absolute.py'...
[105.450s] Compiling '/home/harry/simul/simulation/install/turtlesim/local/lib/python3.10/dist-packages/turtlesim/srv/_teleport_relative.py'...
[105.456s] -- Installing: /home/harry/simul/simulation/install/turtlesim/local/lib/python3.10/dist-packages/turtlesim/turtlesim_s__rosidl_typesupport_fastrtps_c.cpython-310-x86_64-linux-gnu.so
[105.457s] -- Set runtime path of "/home/harry/simul/simulation/install/turtlesim/local/lib/python3.10/dist-packages/turtlesim/turtlesim_s__rosidl_typesupport_fastrtps_c.cpython-310-x86_64-linux-gnu.so" to ""
[105.458s] -- Installing: /home/harry/simul/simulation/install/turtlesim/local/lib/python3.10/dist-packages/turtlesim/turtlesim_s__rosidl_typesupport_introspection_c.cpython-310-x86_64-linux-gnu.so
[105.459s] -- Set runtime path of "/home/harry/simul/simulation/install/turtlesim/local/lib/python3.10/dist-packages/turtlesim/turtlesim_s__rosidl_typesupport_introspection_c.cpython-310-x86_64-linux-gnu.so" to ""
[105.460s] -- Installing: /home/harry/simul/simulation/install/turtlesim/local/lib/python3.10/dist-packages/turtlesim/turtlesim_s__rosidl_typesupport_c.cpython-310-x86_64-linux-gnu.so
[105.462s] -- Set runtime path of "/home/harry/simul/simulation/install/turtlesim/local/lib/python3.10/dist-packages/turtlesim/turtlesim_s__rosidl_typesupport_c.cpython-310-x86_64-linux-gnu.so" to ""
[105.464s] -- Installing: /home/harry/simul/simulation/install/turtlesim/lib/libturtlesim__rosidl_generator_py.so
[105.464s] -- Set runtime path of "/home/harry/simul/simulation/install/turtlesim/lib/libturtlesim__rosidl_generator_py.so" to ""
[105.464s] -- Installing: /home/harry/simul/simulation/install/turtlesim/share/turtlesim/action/RotateAbsolute.idl
[105.465s] -- Installing: /home/harry/simul/simulation/install/turtlesim/share/turtlesim/msg/Color.idl
[105.465s] -- Installing: /home/harry/simul/simulation/install/turtlesim/share/turtlesim/msg/Pose.idl
[105.465s] -- Installing: /home/harry/simul/simulation/install/turtlesim/share/turtlesim/srv/Kill.idl
[105.465s] -- Installing: /home/harry/simul/simulation/install/turtlesim/share/turtlesim/srv/SetPen.idl
[105.465s] -- Installing: /home/harry/simul/simulation/install/turtlesim/share/turtlesim/srv/Spawn.idl
[105.465s] -- Installing: /home/harry/simul/simulation/install/turtlesim/share/turtlesim/srv/TeleportAbsolute.idl
[105.466s] -- Installing: /home/harry/simul/simulation/install/turtlesim/share/turtlesim/srv/TeleportRelative.idl
[105.466s] -- Installing: /home/harry/simul/simulation/install/turtlesim/share/turtlesim/action/RotateAbsolute.action
[105.466s] -- Installing: /home/harry/simul/simulation/install/turtlesim/share/turtlesim/msg/Color.msg
[105.467s] -- Installing: /home/harry/simul/simulation/install/turtlesim/share/turtlesim/msg/Pose.msg
[105.467s] -- Installing: /home/harry/simul/simulation/install/turtlesim/share/turtlesim/srv/Kill.srv
[105.467s] -- Installing: /home/harry/simul/simulation/install/turtlesim/share/turtlesim/srv/Kill_Request.msg
[105.467s] -- Installing: /home/harry/simul/simulation/install/turtlesim/share/turtlesim/srv/Kill_Response.msg
[105.468s] -- Installing: /home/harry/simul/simulation/install/turtlesim/share/turtlesim/srv/SetPen.srv
[105.468s] -- Installing: /home/harry/simul/simulation/install/turtlesim/share/turtlesim/srv/SetPen_Request.msg
[105.469s] -- Installing: /home/harry/simul/simulation/install/turtlesim/share/turtlesim/srv/SetPen_Response.msg
[105.469s] -- Installing: /home/harry/simul/simulation/install/turtlesim/share/turtlesim/srv/Spawn.srv
[105.470s] -- Installing: /home/harry/simul/simulation/install/turtlesim/share/turtlesim/srv/Spawn_Request.msg
[105.470s] -- Installing: /home/harry/simul/simulation/install/turtlesim/share/turtlesim/srv/Spawn_Response.msg
[105.470s] -- Installing: /home/harry/simul/simulation/install/turtlesim/share/turtlesim/srv/TeleportAbsolute.srv
[105.470s] -- Installing: /home/harry/simul/simulation/install/turtlesim/share/turtlesim/srv/TeleportAbsolute_Request.msg
[105.471s] -- Installing: /home/harry/simul/simulation/install/turtlesim/share/turtlesim/srv/TeleportAbsolute_Response.msg
[105.472s] -- Installing: /home/harry/simul/simulation/install/turtlesim/share/turtlesim/srv/TeleportRelative.srv
[105.472s] -- Installing: /home/harry/simul/simulation/install/turtlesim/share/turtlesim/srv/TeleportRelative_Request.msg
[105.472s] -- Installing: /home/harry/simul/simulation/install/turtlesim/share/turtlesim/srv/TeleportRelative_Response.msg
[105.472s] -- Installing: /home/harry/simul/simulation/install/turtlesim/lib/turtlesim/turtlesim_node
[105.485s] -- Set runtime path of "/home/harry/simul/simulation/install/turtlesim/lib/turtlesim/turtlesim_node" to ""
[105.485s] -- Installing: /home/harry/simul/simulation/install/turtlesim/lib/turtlesim/turtle_teleop_key
[105.488s] -- Set runtime path of "/home/harry/simul/simulation/install/turtlesim/lib/turtlesim/turtle_teleop_key" to ""
[105.488s] -- Installing: /home/harry/simul/simulation/install/turtlesim/lib/turtlesim/draw_square
[105.494s] -- Set runtime path of "/home/harry/simul/simulation/install/turtlesim/lib/turtlesim/draw_square" to ""
[105.494s] -- Installing: /home/harry/simul/simulation/install/turtlesim/lib/turtlesim/mimic
[105.501s] -- Set runtime path of "/home/harry/simul/simulation/install/turtlesim/lib/turtlesim/mimic" to ""
[105.501s] -- Installing: /home/harry/simul/simulation/install/turtlesim/share/turtlesim/images
[105.501s] -- Installing: /home/harry/simul/simulation/install/turtlesim/share/turtlesim/images/rolling.png
[105.504s] -- Installing: /home/harry/simul/simulation/install/turtlesim/share/turtlesim/images/crystal.png
[105.506s] -- Installing: /home/harry/simul/simulation/install/turtlesim/share/turtlesim/images/bouncy.png
[105.507s] -- Installing: /home/harry/simul/simulation/install/turtlesim/share/turtlesim/images/dashing.png
[105.507s] -- Installing: /home/harry/simul/simulation/install/turtlesim/share/turtlesim/images/galactic.png
[105.508s] -- Installing: /home/harry/simul/simulation/install/turtlesim/share/turtlesim/images/eloquent.png
[105.509s] -- Installing: /home/harry/simul/simulation/install/turtlesim/share/turtlesim/images/foxy.png
[105.510s] -- Installing: /home/harry/simul/simulation/install/turtlesim/share/turtlesim/images/ardent.png
[105.511s] -- Installing: /home/harry/simul/simulation/install/turtlesim/share/turtlesim/images/humble.png
[105.512s] -- Installing: /home/harry/simul/simulation/install/turtlesim/share/turtlesim/launch
[105.512s] -- Installing: /home/harry/simul/simulation/install/turtlesim/share/turtlesim/launch/multisim.launch.py
[105.513s] -- Installing: /home/harry/simul/simulation/install/turtlesim/share/ament_index/resource_index/package_run_dependencies/turtlesim
[105.513s] -- Installing: /home/harry/simul/simulation/install/turtlesim/share/ament_index/resource_index/parent_prefix_path/turtlesim
[105.514s] -- Installing: /home/harry/simul/simulation/install/turtlesim/share/turtlesim/environment/ament_prefix_path.sh
[105.514s] -- Installing: /home/harry/simul/simulation/install/turtlesim/share/turtlesim/environment/ament_prefix_path.dsv
[105.514s] -- Installing: /home/harry/simul/simulation/install/turtlesim/share/turtlesim/environment/path.sh
[105.515s] -- Installing: /home/harry/simul/simulation/install/turtlesim/share/turtlesim/environment/path.dsv
[105.515s] -- Installing: /home/harry/simul/simulation/install/turtlesim/share/turtlesim/local_setup.bash
[105.516s] -- Installing: /home/harry/simul/simulation/install/turtlesim/share/turtlesim/local_setup.sh
[105.516s] -- Installing: /home/harry/simul/simulation/install/turtlesim/share/turtlesim/local_setup.zsh
[105.516s] -- Installing: /home/harry/simul/simulation/install/turtlesim/share/turtlesim/local_setup.dsv
[105.516s] -- Installing: /home/harry/simul/simulation/install/turtlesim/share/turtlesim/package.dsv
[105.517s] -- Installing: /home/harry/simul/simulation/install/turtlesim/share/ament_index/resource_index/packages/turtlesim
[105.517s] -- Installing: /home/harry/simul/simulation/install/turtlesim/share/turtlesim/cmake/export_turtlesim__rosidl_generator_cExport.cmake
[105.517s] -- Installing: /home/harry/simul/simulation/install/turtlesim/share/turtlesim/cmake/export_turtlesim__rosidl_generator_cExport-noconfig.cmake
[105.517s] -- Installing: /home/harry/simul/simulation/install/turtlesim/share/turtlesim/cmake/export_turtlesim__rosidl_typesupport_fastrtps_cExport.cmake
[105.517s] -- Installing: /home/harry/simul/simulation/install/turtlesim/share/turtlesim/cmake/export_turtlesim__rosidl_typesupport_fastrtps_cExport-noconfig.cmake
[105.518s] -- Installing: /home/harry/simul/simulation/install/turtlesim/share/turtlesim/cmake/export_turtlesim__rosidl_generator_cppExport.cmake
[105.518s] -- Installing: /home/harry/simul/simulation/install/turtlesim/share/turtlesim/cmake/export_turtlesim__rosidl_typesupport_fastrtps_cppExport.cmake
[105.518s] -- Installing: /home/harry/simul/simulation/install/turtlesim/share/turtlesim/cmake/export_turtlesim__rosidl_typesupport_fastrtps_cppExport-noconfig.cmake
[105.518s] -- Installing: /home/harry/simul/simulation/install/turtlesim/share/turtlesim/cmake/turtlesim__rosidl_typesupport_introspection_cExport.cmake
[105.518s] -- Installing: /home/harry/simul/simulation/install/turtlesim/share/turtlesim/cmake/turtlesim__rosidl_typesupport_introspection_cExport-noconfig.cmake
[105.519s] -- Installing: /home/harry/simul/simulation/install/turtlesim/share/turtlesim/cmake/turtlesim__rosidl_typesupport_cExport.cmake
[105.519s] -- Installing: /home/harry/simul/simulation/install/turtlesim/share/turtlesim/cmake/turtlesim__rosidl_typesupport_cExport-noconfig.cmake
[105.520s] -- Installing: /home/harry/simul/simulation/install/turtlesim/share/turtlesim/cmake/turtlesim__rosidl_typesupport_introspection_cppExport.cmake
[105.520s] -- Installing: /home/harry/simul/simulation/install/turtlesim/share/turtlesim/cmake/turtlesim__rosidl_typesupport_introspection_cppExport-noconfig.cmake
[105.520s] -- Installing: /home/harry/simul/simulation/install/turtlesim/share/turtlesim/cmake/turtlesim__rosidl_typesupport_cppExport.cmake
[105.521s] -- Installing: /home/harry/simul/simulation/install/turtlesim/share/turtlesim/cmake/turtlesim__rosidl_typesupport_cppExport-noconfig.cmake
[105.521s] -- Installing: /home/harry/simul/simulation/install/turtlesim/share/turtlesim/cmake/export_turtlesim__rosidl_generator_pyExport.cmake
[105.521s] -- Installing: /home/harry/simul/simulation/install/turtlesim/share/turtlesim/cmake/export_turtlesim__rosidl_generator_pyExport-noconfig.cmake
[105.521s] -- Installing: /home/harry/simul/simulation/install/turtlesim/share/turtlesim/cmake/rosidl_cmake-extras.cmake
[105.521s] -- Installing: /home/harry/simul/simulation/install/turtlesim/share/turtlesim/cmake/ament_cmake_export_dependencies-extras.cmake
[105.522s] -- Installing: /home/harry/simul/simulation/install/turtlesim/share/turtlesim/cmake/ament_cmake_export_include_directories-extras.cmake
[105.522s] -- Installing: /home/harry/simul/simulation/install/turtlesim/share/turtlesim/cmake/ament_cmake_export_libraries-extras.cmake
[105.522s] -- Installing: /home/harry/simul/simulation/install/turtlesim/share/turtlesim/cmake/ament_cmake_export_targets-extras.cmake
[105.523s] -- Installing: /home/harry/simul/simulation/install/turtlesim/share/turtlesim/cmake/rosidl_cmake_export_typesupport_targets-extras.cmake
[105.523s] -- Installing: /home/harry/simul/simulation/install/turtlesim/share/turtlesim/cmake/rosidl_cmake_export_typesupport_libraries-extras.cmake
[105.523s] -- Installing: /home/harry/simul/simulation/install/turtlesim/share/turtlesim/cmake/turtlesimConfig.cmake
[105.523s] -- Installing: /home/harry/simul/simulation/install/turtlesim/share/turtlesim/cmake/turtlesimConfig-version.cmake
[105.524s] -- Installing: /home/harry/simul/simulation/install/turtlesim/share/turtlesim/package.xml
[105.526s] Invoked command in '/home/harry/simul/simulation/build/turtlesim' returned '0': CMAKE_PREFIX_PATH=${CMAKE_PREFIX_PATH}:/home/harry/robot/install/webcam_bringup:/home/harry/robot/install/teleop:/home/harry/robot/install/tag_detection:/home/harry/robot/install/robot_bringup:/home/harry/robot/install/pub_sub:/home/harry/robot/install/object_detection:/home/harry/robot/install/my_robot_navigation:/home/harry/robot/install/create3_teleop:/home/harry/robot/install/create3_examples_py:/opt/ros/humble /usr/bin/cmake --install /home/harry/simul/simulation/build/turtlesim
